smoke create: /opt/stack/tempest/.tox/tempest
smoke installdeps: -chttps://releases.openstack.org/constraints/upper/master, -r/opt/stack/tempest/requirements.txt
smoke develop-inst: /opt/stack/tempest
smoke installed: attrs==25.4.0,autopage==0.6.0,bcrypt==5.0.0,certifi==2026.2.25,cffi==2.0.0,charset-normalizer==3.4.4,cliff==4.13.2,cmd2==3.2.0,cryptography==43.0.3,debtcollector==3.0.0,defusedxml==0.7.1,fasteners==0.20,fixtures==4.3.1,idna==3.11,invoke==2.2.1,iso8601==2.1.0,jsonschema==4.26.0,jsonschema-specifications==2025.9.1,markdown-it-py==4.0.0,mdurl==0.1.2,msgpack==1.1.2,netaddr==1.3.0,oslo.concurrency==7.4.0,oslo.config==10.3.0,oslo.context==6.3.0,oslo.i18n==6.7.2,oslo.log==8.1.0,oslo.serialization==5.9.1,oslo.utils==10.0.0,packaging==26.0,paramiko==4.0.0,pbr==7.0.3,prettytable==3.17.0,psutil==7.2.2,pycparser==3.0,Pygments==2.19.2,PyNaCl==1.6.2,pyparsing==3.3.2,pyperclip==1.11.0,python-dateutil==2.9.0.post0,python-subunit==1.4.5,PyYAML==6.0.3,referencing==0.37.0,requests==2.32.5,rfc3986==2.0.0,rich==14.3.3,rich-argparse==1.7.2,rpds-py==0.30.0,setuptools==82.0.1,six==1.17.0,stestr==4.2.1,stevedore==5.7.0,-e git+https://opendev.org/openstack/tempest.git@bb561b970c41d86d42d4ff36557035550330462d#egg=tempest,testscenarios==0.5.0,testtools==2.8.5,tomlkit==0.14.0,typing_extensions==4.15.0,urllib3==2.6.3,voluptuous==0.16.0,wcwidth==0.6.0,wrapt==2.1.1
smoke run-test-pre: PYTHONHASHSEED='1798351352'
smoke run-test: commands[0] | find . -type f -name '*.pyc' -delete
smoke run-test: commands[1] | tempest run --regex '\[.*\bsmoke\b.*\]'
{1} setUpClass (tempest.api.object_storage.test_account_services.AccountTest) ... SKIPPED: AccountTest skipped as swift is not available
{2} setUpClass (tempest.api.object_storage.test_container_services.ContainerTest) ... SKIPPED: ContainerTest skipped as swift is not available
{3} setUpClass (tempest.api.object_storage.test_account_quotas.AccountQuotasTest) ... SKIPPED: AccountQuotasTest skipped as swift is not available
{28} tempest.api.identity.v3.test_api_discovery.TestApiDiscovery.test_api_media_types [0.219818s] ... ok
{35} tempest.api.identity.v3.test_domains.DefaultDomainTestJSON.test_default_domain_exists [0.256475s] ... ok
{28} tempest.api.identity.v3.test_api_discovery.TestApiDiscovery.test_api_version_resources [0.245297s] ... ok
{28} tempest.api.identity.v3.test_api_discovery.TestApiDiscovery.test_api_version_statuses [0.227289s] ... ok
{28} tempest.api.identity.v3.test_api_discovery.TestApiDiscovery.test_list_api_versions [0.132941s] ... ok
{23} tempest.api.image.v2.test_images.BasicOperationsImagesTest.test_delete_image [1.466577s] ... ok
{33} tempest.api.compute.flavors.test_flavors.FlavorsV2TestJSON.test_get_flavor [0.256793s] ... ok
{33} tempest.api.compute.flavors.test_flavors.FlavorsV2TestJSON.test_list_flavors [0.075873s] ... ok
{20} tempest.api.network.test_versions.NetworksApiDiscovery.test_api_version_resources [0.887994s] ... ok
{31} tempest.api.identity.admin.v3.test_credentials.CredentialsTestJSON.test_credentials_create_get_update_delete [0.387672s] ... ok
{30} tempest.api.identity.admin.v3.test_policies.PoliciesTestJSON.test_create_update_delete_policy [0.563917s] ... ok
{34} tempest.api.identity.admin.v3.test_regions.RegionsTestJSON.test_create_region_with_specific_id [0.347321s] ... ok
{32} tempest.api.identity.admin.v3.test_services.ServicesTestJSON.test_create_update_get_service [0.679462s] ... ok
{29} tempest.api.identity.admin.v3.test_roles.RolesV3TestJSON.test_role_create_update_show_list [0.472489s] ... ok
{26} tempest.api.identity.admin.v3.test_domains.DomainsTestJSON.test_create_update_delete_domain [1.081937s] ... ok
{27} tempest.api.identity.admin.v3.test_endpoints.EndPointsTestJSON.test_update_endpoint [1.002526s] ... ok
{20} tempest.api.network.test_versions.NetworksApiDiscovery.test_show_api_v2_details [1.750355s] ... ok
{23} tempest.api.image.v2.test_images.BasicOperationsImagesTest.test_register_upload_get_image_file [2.126031s] ... ok
{21} tempest.api.identity.admin.v3.test_groups.GroupsV3TestJSON.test_group_users_add_list_delete [2.427614s] ... ok
{22} tempest.api.identity.admin.v3.test_trusts.TrustsV3TestJSON.test_get_trusts_all [2.614328s] ... ok
{23} tempest.api.image.v2.test_images.BasicOperationsImagesTest.test_update_image [0.756270s] ... ok
{18} tempest.api.network.test_subnetpools_extensions.SubnetPoolsTestJSON.test_create_list_show_update_delete_subnetpools [9.899311s] ... ok
{10} tempest.api.network.test_networks.BulkNetworkOpsIpV6Test.test_bulk_create_delete_network [10.565246s] ... ok
{9} tempest.api.network.test_networks.BulkNetworkOpsTest.test_bulk_create_delete_network [10.102034s] ... ok
{12} tempest.api.network.test_security_groups.SecGroupTest.test_create_list_update_show_delete_security_group [10.793532s] ... ok
{13} tempest.api.network.test_security_groups.SecGroupIPv6Test.test_create_list_update_show_delete_security_group [11.461228s] ... ok
{8} tempest.api.volume.test_volumes_get.VolumesGetTest.test_volume_create_get_update_delete [13.815755s] ... ok
{24} tempest.api.compute.security_groups.test_security_group_rules.SecurityGroupRulesTestJSON.test_security_group_rules_create [2.915158s] ... ok
{17} tempest.api.network.test_networks.NetworksTest.test_create_update_delete_network_subnet [9.565803s] ... ok
{15} tempest.api.network.test_ports.PortsIpV6TestJSON.test_create_port_in_allowed_allocation_pools [10.069227s] ... ok
{16} tempest.api.network.test_networks.NetworksIpV6Test.test_create_update_delete_network_subnet [10.068061s] ... ok
{14} tempest.api.network.test_ports.PortsTestJSON.test_create_port_in_allowed_allocation_pools [10.419748s] ... ok
{16} tempest.api.network.test_networks.NetworksIpV6Test.test_external_network_visibility [1.076808s] ... ok
{17} tempest.api.network.test_networks.NetworksTest.test_external_network_visibility [1.272167s] ... ok
{16} tempest.api.network.test_networks.NetworksIpV6Test.test_list_networks [0.221078s] ... ok
{17} tempest.api.network.test_networks.NetworksTest.test_list_networks [0.291106s] ... ok
{10} tempest.api.network.test_networks.BulkNetworkOpsIpV6Test.test_bulk_create_delete_port [5.474358s] ... ok
{16} tempest.api.network.test_networks.NetworksIpV6Test.test_list_subnets [0.244768s] ... ok
{17} tempest.api.network.test_networks.NetworksTest.test_list_subnets [0.294367s] ... ok
{16} tempest.api.network.test_networks.NetworksIpV6Test.test_show_network [0.328054s] ... ok
{17} tempest.api.network.test_networks.NetworksTest.test_show_network [0.243953s] ... ok
{9} tempest.api.network.test_networks.BulkNetworkOpsTest.test_bulk_create_delete_port [5.934420s] ... ok
{16} tempest.api.network.test_networks.NetworksIpV6Test.test_show_subnet [0.199210s] ... ok
{17} tempest.api.network.test_networks.NetworksTest.test_show_subnet [0.217542s] ... ok
{24} tempest.api.compute.security_groups.test_security_group_rules.SecurityGroupRulesTestJSON.test_security_group_rules_list [3.656915s] ... ok
{15} tempest.api.network.test_ports.PortsIpV6TestJSON.test_create_port_with_no_securitygroups [3.079018s] ... ok
{12} tempest.api.network.test_security_groups.SecGroupTest.test_create_show_delete_security_group_rule [6.614552s] ... ok
{12} tempest.api.network.test_security_groups.SecGroupTest.test_list_security_groups [0.069306s] ... ok
{25} tempest.api.compute.security_groups.test_security_groups.SecurityGroupsTestJSON.test_security_groups_create_list_delete [5.707132s] ... ok
{13} tempest.api.network.test_security_groups.SecGroupIPv6Test.test_create_show_delete_security_group_rule [5.836108s] ... ok
{19} tempest.api.network.test_floating_ips.FloatingIPTestJSON.test_create_floating_ip_specifying_a_fixed_ip_address [3.188984s] ... ok
{13} tempest.api.network.test_security_groups.SecGroupIPv6Test.test_list_security_groups [0.032559s] ... ok
{11} tempest.api.network.test_extensions.ExtensionsTestJSON.test_list_show_extensions [17.576592s] ... ok
{14} tempest.api.network.test_ports.PortsTestJSON.test_create_port_with_no_securitygroups [3.620690s] ... ok
{15} tempest.api.network.test_ports.PortsIpV6TestJSON.test_create_update_delete_port [1.448044s] ... ok
{10} tempest.api.network.test_networks.BulkNetworkOpsIpV6Test.test_bulk_create_delete_subnet [3.115675s] ... ok
{15} tempest.api.network.test_ports.PortsIpV6TestJSON.test_list_ports [0.133854s] ... ok
{15} tempest.api.network.test_ports.PortsIpV6TestJSON.test_show_port [0.093235s] ... ok
{14} tempest.api.network.test_ports.PortsTestJSON.test_create_update_delete_port [1.211729s] ... ok
{14} tempest.api.network.test_ports.PortsTestJSON.test_list_ports [0.046578s] ... ok
{14} tempest.api.network.test_ports.PortsTestJSON.test_show_port [0.094321s] ... ok
{9} tempest.api.network.test_networks.BulkNetworkOpsTest.test_bulk_create_delete_subnet [3.462437s] ... ok
{7} tempest.scenario.test_dashboard_basic_ops.TestDashboardBasicOps.test_basic_scenario [22.306402s] ... ok
{5} tempest.api.network.test_routers.RoutersIpV6Test.test_add_multiple_router_interfaces [21.871459s] ... ok
{19} tempest.api.network.test_floating_ips.FloatingIPTestJSON.test_create_list_show_update_delete_floating_ip [4.543193s] ... ok
{5} tempest.api.network.test_routers.RoutersIpV6Test.test_add_remove_router_interface_with_port_id [3.607969s] ... ok
{5} tempest.api.network.test_routers.RoutersIpV6Test.test_add_remove_router_interface_with_subnet_id [3.045005s] ... ok
{5} tempest.api.network.test_routers.RoutersIpV6Test.test_create_show_list_update_delete_router [2.684474s] ... ok
{36} tempest.api.compute.servers.test_server_addresses.ServerAddressesTestJSON.test_list_server_addresses [0.160140s] ... ok
{36} tempest.api.compute.servers.test_server_addresses.ServerAddressesTestJSON.test_list_server_addresses_by_network [0.109051s] ... ok
{4} tempest.api.network.test_routers.RoutersTest.test_add_multiple_router_interfaces [32.068538s] ... ok
{5} setUpClass (tempest.scenario.test_server_multinode.TestServerMultinode) ... SKIPPED: Less than 2 compute nodes, skipping multinode tests.
{8} tempest.api.volume.test_volumes_get.VolumesGetTest.test_volume_create_get_update_delete_from_image [22.006741s] ... ok
{4} tempest.api.network.test_routers.RoutersTest.test_add_remove_router_interface_with_port_id [4.940664s] ... ok
{39} tempest.api.compute.servers.test_create_server.ServersTestManualDisk.test_list_servers [0.139155s] ... ok
{39} tempest.api.compute.servers.test_create_server.ServersTestManualDisk.test_verify_server_details [0.000467s] ... ok
{1} tempest.api.volume.test_volumes_actions.VolumesActionsTest.test_attach_detach_volume_to_instance [29.055382s] ... ok
{38} tempest.api.compute.servers.test_create_server.ServersTestJSON.test_list_servers [0.145886s] ... ok
{38} tempest.api.compute.servers.test_create_server.ServersTestJSON.test_verify_server_details [0.000568s] ... ok
{4} tempest.api.network.test_routers.RoutersTest.test_add_remove_router_interface_with_subnet_id [4.694078s] ... ok
{4} tempest.api.network.test_routers.RoutersTest.test_create_show_list_update_delete_router [3.140859s] ... ok
{4} setUpClass (tempest.api.object_storage.test_object_services.ObjectTest) ... SKIPPED: ObjectTest skipped as swift is not available
{39} tempest.api.compute.test_versions.TestVersions.test_get_version_details [0.027617s] ... ok
{39} tempest.api.compute.test_versions.TestVersions.test_list_api_versions [0.008832s] ... ok
{39} tempest.api.volume.test_versions.VersionsTest.test_list_versions [0.007851s] ... ok
{37} tempest.api.compute.servers.test_create_server.ServersTestBootFromVolume.test_list_servers [0.145670s] ... ok
{37} tempest.api.compute.servers.test_create_server.ServersTestBootFromVolume.test_verify_server_details [0.000528s] ... ok
{38} tempest.api.image.v2.test_versions.VersionsTest.test_list_versions [0.004890s] ... ok
{39} tempest.api.volume.test_volumes_list.VolumesListTestJSON.test_volume_list [0.048678s] ... ok
{0} tempest.api.compute.servers.test_attach_interfaces.AttachInterfacesUnderV243Test.test_add_remove_fixed_ip [49.850359s] ... ok
{0} setUpClass (tempest.api.object_storage.test_container_quotas.ContainerQuotasTest) ... SKIPPED: ContainerQuotasTest skipped as swift is not available
{3} tempest.scenario.test_server_basic_ops.TestServerBasicOps.test_server_basic_ops [50.513778s] ... ok
{6} tempest.api.compute.servers.test_server_actions.ServerActionsTestJSON.test_reboot_server_hard [24.096664s] ... ok
{2} tempest.scenario.test_network_basic_ops.TestNetworkBasicOps.test_network_basic_ops [94.873158s] ... ok

======
Totals
======
Ran: 97 tests in 98.0099 sec.
 - Passed: 91
 - Skipped: 6
 - Expected Fail: 0
 - Unexpected Success: 0
 - Failed: 0
Sum of execute time for each test: 576.5377 sec.

==============
Worker Balance
==============
 - Worker 0 (2 tests) => 0:00:52.035078
 - Worker 1 (2 tests) => 0:00:42.155858
 - Worker 2 (2 tests) => 0:01:37.989816
 - Worker 3 (2 tests) => 0:01:10.103409
 - Worker 4 (5 tests) => 0:00:45.571360
 - Worker 5 (5 tests) => 0:00:32.015690
 - Worker 6 (1 tests) => 0:00:24.096664
 - Worker 7 (1 tests) => 0:00:22.306402
 - Worker 8 (2 tests) => 0:00:35.830818
 - Worker 9 (3 tests) => 0:00:19.508604
 - Worker 10 (3 tests) => 0:00:19.163079
 - Worker 11 (1 tests) => 0:00:17.576592
 - Worker 12 (3 tests) => 0:00:17.484981
 - Worker 13 (3 tests) => 0:00:17.340005
 - Worker 14 (5 tests) => 0:00:15.401853
 - Worker 15 (5 tests) => 0:00:14.834499
 - Worker 16 (6 tests) => 0:00:12.149059
 - Worker 17 (6 tests) => 0:00:11.893865
 - Worker 18 (1 tests) => 0:00:09.899311
 - Worker 19 (2 tests) => 0:00:07.740854
 - Worker 20 (2 tests) => 0:00:02.645416
 - Worker 21 (1 tests) => 0:00:02.427614
 - Worker 22 (1 tests) => 0:00:02.614328
 - Worker 23 (3 tests) => 0:00:04.357117
 - Worker 24 (2 tests) => 0:00:06.580722
 - Worker 25 (1 tests) => 0:00:05.707132
 - Worker 26 (1 tests) => 0:00:01.081937
 - Worker 27 (1 tests) => 0:00:01.002526
 - Worker 28 (4 tests) => 0:00:00.834894
 - Worker 29 (1 tests) => 0:00:00.472489
 - Worker 30 (1 tests) => 0:00:00.563917
 - Worker 31 (1 tests) => 0:00:00.387672
 - Worker 32 (1 tests) => 0:00:00.679462
 - Worker 33 (2 tests) => 0:00:00.340878
 - Worker 34 (1 tests) => 0:00:00.347321
 - Worker 35 (1 tests) => 0:00:00.256475
 - Worker 36 (2 tests) => 0:00:00.275127
 - Worker 37 (2 tests) => 0:00:00.154740
 - Worker 38 (3 tests) => 0:00:11.142504
 - Worker 39 (6 tests) => 0:00:19.585887
___________________________________ summary ____________________________________
  smoke: commands succeeded
  congratulations :)
