Testing generate_hex_string()
PASS: main:L16 - OK
PASS: main:L23 - OK
Testing die_if_not_set()
PASS: main:L34 - OK
PASS: main:L46 - OK
Testing enable_service()
PASS: test_enable_service:L67 - OK:  + a -> a
PASS: test_enable_service:L67 - OK: a + b -> a,b
PASS: test_enable_service:L67 - OK: a,b + c -> a,b,c
PASS: test_enable_service:L67 - OK: a,b + c -> a,b,c
PASS: test_enable_service:L67 - OK: a,b, + c -> a,b,c
PASS: test_enable_service:L67 - OK: a,b + c,d -> a,b,c,d
PASS: test_enable_service:L67 - OK: a,b + c d -> a,b,c,d
PASS: test_enable_service:L67 - OK: a,b,c + c -> a,b,c
PASS: test_enable_service:L67 - OK: a,b,-c + c -> a,b
PASS: test_enable_service:L67 - OK: a,b,c + -c -> a,b
Testing disable_service()
PASS: test_disable_service:L93 - OK: a,b,c - a -> b,c
PASS: test_disable_service:L93 - OK: a,b,c - b -> a,c
PASS: test_disable_service:L93 - OK: a,b,c - c -> a,b
PASS: test_disable_service:L93 - OK: a,b,c - a -> b,c
PASS: test_disable_service:L93 - OK: b,c - b -> c
PASS: test_disable_service:L93 - OK: c - c -> 
PASS: test_disable_service:L93 - OK:  - d -> 
PASS: test_disable_service:L93 - OK: a,b,c, - c -> a,b
PASS: test_disable_service:L93 - OK: a,b - c -> a,b
Testing disable_all_services()
PASS: main:L118 - OK
Testing disable_negated_services()
PASS: test_disable_negated_services:L133 - OK: -a +  -> 
PASS: test_disable_negated_services:L133 - OK: -a,a +  -> 
PASS: test_disable_negated_services:L133 - OK: -a,-a +  -> 
PASS: test_disable_negated_services:L133 - OK: a,-a +  -> 
PASS: test_disable_negated_services:L133 - OK: b,a,-a +  -> b
PASS: test_disable_negated_services:L133 - OK: a,b,-a +  -> b
PASS: test_disable_negated_services:L133 - OK: a,-a,b +  -> b
PASS: test_disable_negated_services:L133 - OK: a,aa,-a +  -> aa
PASS: test_disable_negated_services:L133 - OK: aa,-a +  -> aa
PASS: test_disable_negated_services:L133 - OK: a_a, -a_a +  -> 
PASS: test_disable_negated_services:L133 - OK: a-b, -a-b +  -> 
PASS: test_disable_negated_services:L133 - OK: a-b, b, -a-b +  -> b
PASS: test_disable_negated_services:L133 - OK: a,-a,av2,b +  -> av2,b
PASS: test_disable_negated_services:L133 - OK: a,aa,-a +  -> aa
PASS: test_disable_negated_services:L133 - OK: a,av2,-a,a +  -> av2
PASS: test_disable_negated_services:L133 - OK: a,-a,av2 +  -> av2
Testing remove_disabled_services()
PASS: test_remove_disabled_services:L165 - OK: 'a,b,c' - 'a,c' -> 'b'
PASS: test_remove_disabled_services:L165 - OK: 'a,b,c' - 'b' -> 'a,c'
PASS: test_remove_disabled_services:L165 - OK: 'a,b,c,d' - 'a,c d' -> 'b'
PASS: test_remove_disabled_services:L165 - OK: 'a,b c,d' - 'a d' -> 'b,c'
PASS: test_remove_disabled_services:L165 - OK: 'a,b,c' - 'a,b,c' -> ''
PASS: test_remove_disabled_services:L165 - OK: 'a,b,c' - 'd' -> 'a,b,c'
PASS: test_remove_disabled_services:L165 - OK: 'a,b,c' - '' -> 'a,b,c'
PASS: test_remove_disabled_services:L165 - OK: '' - 'a,b,c' -> ''
PASS: test_remove_disabled_services:L165 - OK: '' - '' -> ''
Testing is_package_installed()
PASS: main:L197 - OK
PASS: main:L212 - OK
PASS: main:L220 - OK
PASS: main:L241 - OK
Testing isset()
PASS: main:L252 - OK
PASS: main:L261 - OK
Testing export_proxy_variables()
PASS: test_export_proxy_variables:L277 - OK: Proxy variables are exported when proxy variables are set
PASS: test_export_proxy_variables:L286 - OK: Proxy variables aren't exported when proxy variables aren't set
57 Tests PASSED
Testing INI functions
Creating /tmp/tmp.JSziYTIbbw/etc/test.ini
PASS: main:L94 - OK
PASS: main:L103 - test missing attribute argument
PASS: main:L107 - missing section argument
PASS: main:L111 - iniget spaces in option
PASS: main:L115 - iniset spaces in option
PASS: main:L119 - iniget with section header space
PASS: main:L123 - iniset with section header space
PASS: main:L127 - iniget at EOF
PASS: main:L131 - inset at EOF
PASS: main:L138 - iniset ampersands in option
PASS: main:L143 - iniset backslash in value
PASS: main:L148 - iniset ampersand and backslash in value
PASS: main:L152 - ini_has_option: ddd.empty present
PASS: main:L159 - ini_has_option: bbb.handlers present
PASS: main:L167 - change empty option
PASS: main:L172 - pipe in option
PASS: main:L176 - section does not exist
PASS: main:L180 - option does not exist
PASS: main:L183 - ini_has_option: aaa.debug not present
PASS: main:L191 - test inicomment
PASS: main:L197 - iniget_multiline
PASS: main:L202 - iniadd with existing values
PASS: main:L207 - iniadd non-existing values
PASS: main:L221 - inidelete del_separate_options
PASS: main:L227 - inidelete other_options del_separate_options
PASS: main:L221 - inidelete del_same_option
PASS: main:L221 - inidelete del_missing_option
PASS: main:L227 - inidelete other_options del_missing_option
PASS: main:L221 - inidelete del_missing_option_multi
PASS: main:L227 - inidelete other_options del_missing_option_multi
PASS: main:L221 - inidelete del_no_options
PASS: main:L221 - inidelete del_no_section
PASS: main:L237 - iniset created file
PASS: main:L242 - iniset created a key with spaces
PASS: main:L247 - iniset updated a key with spaces
PASS: main:L251 - inidelete removed a key with spaces
36 Tests PASSED
Testing IP addr functions
PASS: test_cidr2netmask:L22 - cidr2netmask(/0) == 0.0.0.0
PASS: test_cidr2netmask:L27 - cidr2netmask(/1) == 128.0.0.0
PASS: test_cidr2netmask:L27 - cidr2netmask(/2) == 192.0.0.0
PASS: test_cidr2netmask:L27 - cidr2netmask(/3) == 224.0.0.0
PASS: test_cidr2netmask:L27 - cidr2netmask(/4) == 240.0.0.0
PASS: test_cidr2netmask:L27 - cidr2netmask(/5) == 248.0.0.0
PASS: test_cidr2netmask:L27 - cidr2netmask(/6) == 252.0.0.0
PASS: test_cidr2netmask:L27 - cidr2netmask(/7) == 254.0.0.0
PASS: test_cidr2netmask:L27 - cidr2netmask(/8) == 255.0.0.0
PASS: test_cidr2netmask:L33 - cidr2netmask(/9) == 255.128.0.0
PASS: test_cidr2netmask:L33 - cidr2netmask(/10) == 255.192.0.0
PASS: test_cidr2netmask:L33 - cidr2netmask(/11) == 255.224.0.0
PASS: test_cidr2netmask:L33 - cidr2netmask(/12) == 255.240.0.0
PASS: test_cidr2netmask:L33 - cidr2netmask(/13) == 255.248.0.0
PASS: test_cidr2netmask:L33 - cidr2netmask(/14) == 255.252.0.0
PASS: test_cidr2netmask:L33 - cidr2netmask(/15) == 255.254.0.0
PASS: test_cidr2netmask:L33 - cidr2netmask(/16) == 255.255.0.0
PASS: test_cidr2netmask:L39 - cidr2netmask(/17) == 255.255.128.0
PASS: test_cidr2netmask:L39 - cidr2netmask(/18) == 255.255.192.0
PASS: test_cidr2netmask:L39 - cidr2netmask(/19) == 255.255.224.0
PASS: test_cidr2netmask:L39 - cidr2netmask(/20) == 255.255.240.0
PASS: test_cidr2netmask:L39 - cidr2netmask(/21) == 255.255.248.0
PASS: test_cidr2netmask:L39 - cidr2netmask(/22) == 255.255.252.0
PASS: test_cidr2netmask:L39 - cidr2netmask(/23) == 255.255.254.0
PASS: test_cidr2netmask:L39 - cidr2netmask(/24) == 255.255.255.0
PASS: test_cidr2netmask:L45 - cidr2netmask(/25) == 255.255.255.128
PASS: test_cidr2netmask:L45 - cidr2netmask(/26) == 255.255.255.192
PASS: test_cidr2netmask:L45 - cidr2netmask(/27) == 255.255.255.224
PASS: test_cidr2netmask:L45 - cidr2netmask(/28) == 255.255.255.240
PASS: test_cidr2netmask:L45 - cidr2netmask(/29) == 255.255.255.248
PASS: test_cidr2netmask:L45 - cidr2netmask(/30) == 255.255.255.252
PASS: test_cidr2netmask:L45 - cidr2netmask(/31) == 255.255.255.254
PASS: test_cidr2netmask:L45 - cidr2netmask(/32) == 255.255.255.255
PASS: main:L52 - maskip(169.254.169.254 240.0.0.0) == 160.0.0.0
PASS: main:L55 - maskip(169.254.169.254 255.0.0.0) == 169.0.0.0
PASS: main:L58 - maskip(169.254.169.254 255.240.0.0) == 169.240.0.0
PASS: main:L61 - maskip(169.254.169.254 255.255.0.0) == 169.254.0.0
PASS: main:L64 - maskip(169.254.169.254 255.255.240.0) == 169.254.160.0
PASS: main:L67 - maskip(169.254.169.254 255.255.255.0) == 169.254.169.0
PASS: main:L70 - maskip(169.254.169.254 255.255.255.240) == 169.254.169.240
PASS: main:L73 - maskip(169.254.169.254 255.255.255.255) == 169.254.169.254
PASS: main:L79 - address_in_net(0.10.10.1 10.10.10.0/8)
PASS: main:L86 - ! address_in_net(0.10.10.1 11.11.11.0/8)
PASS: main:L79 - address_in_net(0.10.10.1 10.10.10.0/12)
PASS: main:L86 - ! address_in_net(0.10.10.1 11.11.11.0/12)
PASS: main:L79 - address_in_net(0.10.10.1 10.10.10.0/16)
PASS: main:L86 - ! address_in_net(0.10.10.1 11.11.11.0/16)
PASS: main:L79 - address_in_net(0.10.10.1 10.10.10.0/20)
PASS: main:L86 - ! address_in_net(0.10.10.1 11.11.11.0/20)
PASS: main:L79 - address_in_net(0.10.10.1 10.10.10.0/24)
PASS: main:L86 - ! address_in_net(0.10.10.1 11.11.11.0/24)
PASS: main:L79 - address_in_net(0.10.10.1 10.10.10.0/26)
PASS: main:L86 - ! address_in_net(0.10.10.1 11.11.11.0/26)
PASS: main:L79 - address_in_net(0.10.10.1 10.10.10.0/28)
PASS: main:L86 - ! address_in_net(0.10.10.1 11.11.11.0/28)
55 Tests PASSED
test_libs_exist PASSED
test_branch_master PASSED
test_all_libs_upto_date PASSED
Testing INI local.conf functions
PASS: test_localconf_has_section:L64 - OK
PASS: test_localconf_has_section:L66 - OK
PASS: test_localconf_has_section:L68 - OK
PASS: test_localconf_has_section:L70 - OK
PASS: test_localconf_has_section:L72 - OK
PASS: test_localconf_has_section:L74 - OK
PASS: test_localconf_has_section:L76 - OK
PASS: test_localconf_has_option:L116 - OK
PASS: test_localconf_has_option:L118 - OK
PASS: test_localconf_has_option:L120 - OK
PASS: test_localconf_has_option:L122 - OK
PASS: test_localconf_has_option:L124 - OK
PASS: test_localconf_has_option:L126 - OK
PASS: test_localconf_has_option:L128 - OK
PASS: test_localconf_has_option:L130 - OK
PASS: test_localconf_has_option:L132 - OK
PASS: test_localconf_has_option:L134 - OK
PASS: test_localconf_update_option:L208 - OK
PASS: test_localconf_update_option:L215 - OK
ERROR: [[post-config|/tmp/tmp.Fh5xF9uav4]]
[conf1_t1]
conf1_t1_opt4=conf1_t1_val4
conf1_t1_opt1=conf1_t1_val1
conf1_t1_opt2=conf1_t1_val2
conf1_t1_opt3=conf1_t1_val3
[conf1_t2]
conf1_t2_opt4=conf1_t2_val4
conf1_t2_opt1=conf1_t2_val1
conf1_t2_opt2=conf1_t2_val2
conf1_t2_opt3=conf1_t2_val3
[conf1_t3]
conf1_t3_opt4=conf1_t3_val4
conf1_t3_opt1=conf1_t3_val1
conf1_t3_opt2=conf1_t3_val2
conf1_t3_opt3=conf1_t3_val3

[[local|localrc]]
LOCALRC_VAR4=localrc_val4
LOCALRC_VAR1=localrc_val1
LOCALRC_VAR2=localrc_val2
LOCALRC_VAR3=localrc_val3

[[post-extra|/tmp/tmp.CORfgZ2wZf]]
[conf2_t1]
conf2_t1_opt4=conf2_t1_val4
conf2_t1_opt1 = conf2_t1_val1
conf2_t1_opt2 = conf2_t1_val2
conf2_t1_opt3 = conf2_t1_val3 != [[post-config|/tmp/tmp.Fh5xF9uav4]]
[conf1_t1]
conf1_t1_opt4 = conf1_t1_val4
conf1_t1_opt1=conf1_t1_val1
conf1_t1_opt2=conf1_t1_val2
conf1_t1_opt3=conf1_t1_val3
[conf1_t2]
conf1_t2_opt4 = conf1_t2_val4
conf1_t2_opt1=conf1_t2_val1
conf1_t2_opt2=conf1_t2_val2
conf1_t2_opt3=conf1_t2_val3
[conf1_t3]
conf1_t3_opt4 = conf1_t3_val4
conf1_t3_opt1=conf1_t3_val1
conf1_t3_opt2=conf1_t3_val2
conf1_t3_opt3=conf1_t3_val3

[[local|localrc]]
LOCALRC_VAR4 = localrc_val4
LOCALRC_VAR1=localrc_val1
LOCALRC_VAR2=localrc_val2
LOCALRC_VAR3=localrc_val3

[[post-extra|/tmp/tmp.CORfgZ2wZf]]
[conf2_t1]
conf2_t1_opt4 = conf2_t1_val4
conf2_t1_opt1 = conf2_t1_val1
conf2_t1_opt2 = conf2_t1_val2
conf2_t1_opt3 = conf2_t1_val3 in test_localconf_add_option:L294!
  OK
ERROR: [[post-config|/tmp/tmp.Fh5xF9uav4]]
[conf1_t1]
conf1_t1_opt4=conf1_t1_val4
conf1_t1_opt1=conf1_t1_val1
conf1_t1_opt2=conf1_t1_val2
conf1_t1_opt3=conf1_t1_val3
[conf1_t2]
conf1_t2_opt4=conf1_t2_val4
conf1_t2_opt1=conf1_t2_val1
conf1_t2_opt2=conf1_t2_val2
conf1_t2_opt3=conf1_t2_val3
[conf1_t3]
conf1_t3_opt4=conf1_t3_val4
conf1_t3_opt1=conf1_t3_val1
conf1_t3_opt2=conf1_t3_val2
conf1_t3_opt3=conf1_t3_val3

[[local|localrc]]
LOCALRC_VAR4=localrc_val4
LOCALRC_VAR1=localrc_val1
LOCALRC_VAR2=localrc_val2
LOCALRC_VAR3=localrc_val3

[[post-extra|/tmp/tmp.CORfgZ2wZf]]
[conf2_t1]
conf2_t1_opt4=conf2_t1_val4
conf2_t1_opt1 = conf2_t1_val1
conf2_t1_opt2 = conf2_t1_val2
conf2_t1_opt3 = conf2_t1_val3 != [[post-config|/tmp/tmp.Fh5xF9uav4]]
[conf1_t1]
conf1_t1_opt4 = conf1_t1_val4
conf1_t1_opt1=conf1_t1_val1
conf1_t1_opt2=conf1_t1_val2
conf1_t1_opt3=conf1_t1_val3
[conf1_t2]
conf1_t2_opt4 = conf1_t2_val4
conf1_t2_opt1=conf1_t2_val1
conf1_t2_opt2=conf1_t2_val2
conf1_t2_opt3=conf1_t2_val3
[conf1_t3]
conf1_t3_opt4 = conf1_t3_val4
conf1_t3_opt1=conf1_t3_val1
conf1_t3_opt2=conf1_t3_val2
conf1_t3_opt3=conf1_t3_val3

[[local|localrc]]
LOCALRC_VAR4 = localrc_val4
LOCALRC_VAR1=localrc_val1
LOCALRC_VAR2=localrc_val2
LOCALRC_VAR3=localrc_val3

[[post-extra|/tmp/tmp.CORfgZ2wZf]]
[conf2_t1]
conf2_t1_opt4 = conf2_t1_val4
conf2_t1_opt1 = conf2_t1_val1
conf2_t1_opt2 = conf2_t1_val2
conf2_t1_opt3 = conf2_t1_val3 in test_localconf_add_option:L301!
  OK
ERROR: [[post-config|/tmp/tmp.L8vwzipdMD]]
[conf1_t4]
conf1_t4_opt1=conf1_t4_val1
[conf1_t1]
conf1_t1_opt1=conf1_t1_val1
conf1_t1_opt2=conf1_t1_val2
conf1_t1_opt3=conf1_t1_val3
[conf1_t2]
conf1_t2_opt1=conf1_t2_val1
conf1_t2_opt2=conf1_t2_val2
conf1_t2_opt3=conf1_t2_val3
[conf1_t3]
conf1_t3_opt1=conf1_t3_val1
conf1_t3_opt2=conf1_t3_val2
conf1_t3_opt3=conf1_t3_val3

[[local|localrc]]
LOCALRC_VAR1=localrc_val1
LOCALRC_VAR2=localrc_val2
LOCALRC_VAR3=localrc_val3

[[post-extra|/tmp/tmp.EZQ5Q6ajVo]]
[conf2_t2]
conf2_t2_opt1=conf2_t2_val1
[conf2_t1]
conf2_t1_opt1=conf2_t1_val1
conf2_t1_opt2=conf2_t1_val2
conf2_t1_opt3=conf2_t1_val3 != [[post-config|/tmp/tmp.L8vwzipdMD]]
[conf1_t4]
conf1_t4_opt1 = conf1_t4_val1
[conf1_t1]
conf1_t1_opt1=conf1_t1_val1
conf1_t1_opt2=conf1_t1_val2
conf1_t1_opt3=conf1_t1_val3
[conf1_t2]
conf1_t2_opt1=conf1_t2_val1
conf1_t2_opt2=conf1_t2_val2
conf1_t2_opt3=conf1_t2_val3
[conf1_t3]
conf1_t3_opt1=conf1_t3_val1
conf1_t3_opt2=conf1_t3_val2
conf1_t3_opt3=conf1_t3_val3

[[local|localrc]]
LOCALRC_VAR1=localrc_val1
LOCALRC_VAR2=localrc_val2
LOCALRC_VAR3=localrc_val3

[[post-extra|/tmp/tmp.EZQ5Q6ajVo]]
[conf2_t2]
conf2_t2_opt1 = conf2_t2_val1
[conf2_t1]
conf2_t1_opt1=conf2_t1_val1
conf2_t1_opt2=conf2_t1_val2
conf2_t1_opt3=conf2_t1_val3 in test_localconf_add_section_and_option:L376!
  OK
ERROR: [[post-config|/tmp/tmp.L8vwzipdMD]]
[conf1_t4]
conf1_t4_opt1=conf1_t4_val1
[conf1_t1]
conf1_t1_opt1=conf1_t1_val1
conf1_t1_opt2=conf1_t1_val2
conf1_t1_opt3=conf1_t1_val3
[conf1_t2]
conf1_t2_opt1=conf1_t2_val1
conf1_t2_opt2=conf1_t2_val2
conf1_t2_opt3=conf1_t2_val3
[conf1_t3]
conf1_t3_opt1=conf1_t3_val1
conf1_t3_opt2=conf1_t3_val2
conf1_t3_opt3=conf1_t3_val3

[[local|localrc]]
LOCALRC_VAR1=localrc_val1
LOCALRC_VAR2=localrc_val2
LOCALRC_VAR3=localrc_val3

[[post-extra|/tmp/tmp.EZQ5Q6ajVo]]
[conf2_t2]
conf2_t2_opt1=conf2_t2_val1
[conf2_t1]
conf2_t1_opt1=conf2_t1_val1
conf2_t1_opt2=conf2_t1_val2
conf2_t1_opt3=conf2_t1_val3 != [[post-config|/tmp/tmp.L8vwzipdMD]]
[conf1_t4]
conf1_t4_opt1 = conf1_t4_val1
[conf1_t1]
conf1_t1_opt1=conf1_t1_val1
conf1_t1_opt2=conf1_t1_val2
conf1_t1_opt3=conf1_t1_val3
[conf1_t2]
conf1_t2_opt1=conf1_t2_val1
conf1_t2_opt2=conf1_t2_val2
conf1_t2_opt3=conf1_t2_val3
[conf1_t3]
conf1_t3_opt1=conf1_t3_val1
conf1_t3_opt2=conf1_t3_val2
conf1_t3_opt3=conf1_t3_val3

[[local|localrc]]
LOCALRC_VAR1=localrc_val1
LOCALRC_VAR2=localrc_val2
LOCALRC_VAR3=localrc_val3

[[post-extra|/tmp/tmp.EZQ5Q6ajVo]]
[conf2_t2]
conf2_t2_opt1 = conf2_t2_val1
[conf2_t1]
conf2_t1_opt1=conf2_t1_val1
conf2_t1_opt2=conf2_t1_val2
conf2_t1_opt3=conf2_t1_val3 in test_localconf_add_section_and_option:L380!
  OK
ERROR: [[local|localrc]]
LOCALRC_VAR1=localrc_val1
LOCALRC_VAR2=localrc_val2_update
LOCALRC_VAR3=localrc_val3

[[post-config|/tmp/tmp.QxjPYaheN9]]
[conf1_t4]
conf1_t4_opt1=conf1_t4_val1
[conf1_t1]
conf1_t1_opt1=conf1_t1_val1
conf1_t1_opt2=conf1_t1_val2
conf1_t1_opt3=conf1_t1_val3
[conf1_t2]
conf1_t2_opt1=conf1_t2_val1
conf1_t2_opt2=conf1_t2_val2
conf1_t2_opt3=conf1_t2_val3
[conf1_t3]
conf1_t3_opt1=conf1_t3_val1
conf1_t3_opt2=conf1_t3_val2
conf1_t3_opt3=conf1_t3_val3

[[post-extra|/tmp/tmp.M7CvxlWHzi]]
[conf2_t1]
conf2_t1_opt4=conf2_t1_val4
conf2_t1_opt1=conf2_t1_val1
conf2_t1_opt2=conf2_t1_val2
conf2_t1_opt3=conf2_t1_val3

[[post-install|/etc/neutron/plugin/ml2/ml2_conf.ini]]
[ml2]
ml2_opt1=ml2_val1 != [[local|localrc]]
LOCALRC_VAR1=localrc_val1
LOCALRC_VAR2=localrc_val2_update
LOCALRC_VAR3=localrc_val3

[[post-config|/tmp/tmp.QxjPYaheN9]]
[conf1_t4]
conf1_t4_opt1 = conf1_t4_val1
[conf1_t1]
conf1_t1_opt1=conf1_t1_val1
conf1_t1_opt2=conf1_t1_val2
conf1_t1_opt3=conf1_t1_val3
[conf1_t2]
conf1_t2_opt1=conf1_t2_val1
conf1_t2_opt2=conf1_t2_val2
conf1_t2_opt3=conf1_t2_val3
[conf1_t3]
conf1_t3_opt1=conf1_t3_val1
conf1_t3_opt2=conf1_t3_val2
conf1_t3_opt3=conf1_t3_val3

[[post-extra|/tmp/tmp.M7CvxlWHzi]]
[conf2_t1]
conf2_t1_opt4 = conf2_t1_val4
conf2_t1_opt1=conf2_t1_val1
conf2_t1_opt2=conf2_t1_val2
conf2_t1_opt3=conf2_t1_val3

[[post-install|/etc/neutron/plugin/ml2/ml2_conf.ini]]
[ml2]
ml2_opt1 = ml2_val1 in test_localconf_set:L465!
  OK
get_meta_section_files: test0 doesn't exist: OK
get_meta_section_files: test1 3 files: OK
get_meta_section_files: test2 1 file: OK
get_meta_section: test0 doesn't exist: OK
get_meta_section: test1c single section: OK
get_meta_section: test2a single section: OK
get_meta_section: test2z.conf not in test2: OK
get_meta_section: nofile doesn't exist: OK
get_meta_section: nofile doesn't exist: OK
merge_config_file test1c exists: awk: cmd. line:12: warning: regexp escape sequence `\#' is not a known regexp operator
OK
merge_config_file test2a exists: awk: cmd. line:12: warning: regexp escape sequence `\#' is not a known regexp operator
OK
merge_config_file test2a not exist: awk: cmd. line:12: warning: regexp escape sequence `\#' is not a known regexp operator
OK
merge_config_file test-multi-sections: awk: cmd. line:12: warning: regexp escape sequence `\#' is not a known regexp operator
OK
merge_config_file test-multiline: awk: cmd. line:12: warning: regexp escape sequence `\#' is not a known regexp operator
OK
merge_config_group test2: awk: cmd. line:12: warning: regexp escape sequence `\#' is not a known regexp operator
OK
merge_config_group test2 no conf file: OK
merge_config_file test-space: awk: cmd. line:12: warning: regexp escape sequence `\#' is not a known regexp operator
OK
merge_config_file test-env: awk: cmd. line:12: warning: regexp escape sequence `\#' is not a known regexp operator
OK
merge_config_group test4 variable filename: awk: cmd. line:12: warning: regexp escape sequence `\#' is not a known regexp operator
OK
merge_config_group test4 variable filename (not exist): awk: cmd. line:12: warning: regexp escape sequence `\#' is not a known regexp operator
OK
merge_config_file test5 equals in value: awk: cmd. line:12: warning: regexp escape sequence `\#' is not a known regexp operator
OK
merge_config_file test6 value stripped: awk: cmd. line:12: warning: regexp escape sequence `\#' is not a known regexp operator
OK
merge_config_file test7 colon in value: awk: cmd. line:12: warning: regexp escape sequence `\#' is not a known regexp operator
OK
merge_config_file test8 non-touchable conf file: 
touch: cannot touch '/permission-denied.conf': Permission denied
OK
merge_config_group test9 undefined conf file: OK
merge_config_group test10 create directory: awk: cmd. line:12: warning: regexp escape sequence `\#' is not a known regexp operator
OK
merge_config_file test11 same section: awk: cmd. line:12: warning: regexp escape sequence `\#' is not a known regexp operator
awk: cmd. line:12: warning: regexp escape sequence `\#' is not a known regexp operator
awk: cmd. line:12: warning: regexp escape sequence `\#' is not a known regexp operator
OK
merge_config_group test12 directory as file: OK
PASS: main:L27 - /home/slave/devstack/files/debs/baremetal is sorted
PASS: main:L27 - /home/slave/devstack/files/debs/ovn is sorted
PASS: main:L27 - /home/slave/devstack/files/debs/tls-proxy is sorted
PASS: main:L27 - /home/slave/devstack/files/debs/general is sorted
PASS: main:L27 - /home/slave/devstack/files/debs/n-cpu is sorted
PASS: main:L27 - /home/slave/devstack/files/debs/neutron-common is sorted
PASS: main:L27 - /home/slave/devstack/files/debs/nova is sorted
PASS: main:L27 - /home/slave/devstack/files/debs/neutron-l3 is sorted
PASS: main:L27 - /home/slave/devstack/files/debs/os-brick is sorted
PASS: main:L27 - /home/slave/devstack/files/debs/neutron-agent is sorted
PASS: main:L27 - /home/slave/devstack/files/debs/ldap is sorted
PASS: main:L27 - /home/slave/devstack/files/debs/cinder is sorted
PASS: main:L27 - /home/slave/devstack/files/debs/keystone is sorted
PASS: main:L27 - /home/slave/devstack/files/debs/swift is sorted
PASS: main:L27 - /home/slave/devstack/files/debs/openvswitch is sorted
PASS: main:L27 - /home/slave/devstack/files/debs/dstat is sorted
PASS: main:L27 - /home/slave/devstack/files/debs/ceph is sorted
PASS: main:L27 - /home/slave/devstack/files/debs/horizon is sorted
PASS: main:L27 - /home/slave/devstack/files/rpms/ovn is sorted
PASS: main:L27 - /home/slave/devstack/files/rpms/general is sorted
PASS: main:L27 - /home/slave/devstack/files/rpms/n-cpu is sorted
PASS: main:L27 - /home/slave/devstack/files/rpms/neutron-common is sorted
PASS: main:L27 - /home/slave/devstack/files/rpms/nova is sorted
PASS: main:L27 - /home/slave/devstack/files/rpms/neutron-l3 is sorted
PASS: main:L27 - /home/slave/devstack/files/rpms/os-brick is sorted
PASS: main:L27 - /home/slave/devstack/files/rpms/neutron-agent is sorted
PASS: main:L27 - /home/slave/devstack/files/rpms/ldap is sorted
PASS: main:L27 - /home/slave/devstack/files/rpms/cinder is sorted
PASS: main:L27 - /home/slave/devstack/files/rpms/keystone is sorted
PASS: main:L27 - /home/slave/devstack/files/rpms/swift is sorted
PASS: main:L27 - /home/slave/devstack/files/rpms/openvswitch is sorted
PASS: main:L27 - /home/slave/devstack/files/rpms/dstat is sorted
PASS: main:L27 - /home/slave/devstack/files/rpms/ceph is sorted
PASS: main:L27 - /home/slave/devstack/files/rpms/horizon is sorted
34 Tests PASSED
Ensuring we don't have crazy refs
PASS: main:L14 - missing test-value
PASS: main:L17 - blank test-value
PASS: test_trueorfalse:L31 - trueorfalse(True one)
PASS: test_trueorfalse:L31 - trueorfalse(True captrue)
PASS: test_trueorfalse:L31 - trueorfalse(True lowtrue)
PASS: test_trueorfalse:L31 - trueorfalse(True uppertrue)
PASS: test_trueorfalse:L31 - trueorfalse(True capyes)
PASS: test_trueorfalse:L31 - trueorfalse(True lowyes)
PASS: test_trueorfalse:L31 - trueorfalse(True upperyes)
PASS: test_trueorfalse:L31 - trueorfalse(False one)
PASS: test_trueorfalse:L31 - trueorfalse(False captrue)
PASS: test_trueorfalse:L31 - trueorfalse(False lowtrue)
PASS: test_trueorfalse:L31 - trueorfalse(False uppertrue)
PASS: test_trueorfalse:L31 - trueorfalse(False capyes)
PASS: test_trueorfalse:L31 - trueorfalse(False lowyes)
PASS: test_trueorfalse:L31 - trueorfalse(False upperyes)
PASS: test_trueorfalse:L46 - trueorfalse(True zero)
PASS: test_trueorfalse:L46 - trueorfalse(True capfalse)
PASS: test_trueorfalse:L46 - trueorfalse(True lowfalse)
PASS: test_trueorfalse:L46 - trueorfalse(True upperfalse)
PASS: test_trueorfalse:L46 - trueorfalse(True capno)
PASS: test_trueorfalse:L46 - trueorfalse(True lowno)
PASS: test_trueorfalse:L46 - trueorfalse(True upperno)
PASS: test_trueorfalse:L46 - trueorfalse(False zero)
PASS: test_trueorfalse:L46 - trueorfalse(False capfalse)
PASS: test_trueorfalse:L46 - trueorfalse(False lowfalse)
PASS: test_trueorfalse:L46 - trueorfalse(False upperfalse)
PASS: test_trueorfalse:L46 - trueorfalse(False capno)
PASS: test_trueorfalse:L46 - trueorfalse(False lowno)
PASS: test_trueorfalse:L46 - trueorfalse(False upperno)
30 Tests PASSED
PASS: main:L11 - numeric gt
PASS: main:L12 - numeric gte
PASS: main:L13 - numeric gt
PASS: main:L14 - numeric gte
PASS: main:L15 - alpha gt
PASS: main:L16 - alpha gte
PASS: main:L17 - alpha gt
PASS: main:L18 - alpha gte
PASS: main:L19 - alpha gt
PASS: main:L20 - alpha gte
PASS: main:L22 - numeric gt fail
PASS: main:L23 - numeric gte
PASS: main:L24 - numeric gt fail
PASS: main:L25 - numeric gte fail
PASS: main:L26 - numeric gt fail
PASS: main:L27 - numeric gte fail
PASS: main:L28 - numeric gt fail
PASS: main:L29 - numeric gte fail
PASS: main:L31 - numeric lt
PASS: main:L32 - numeric lte
PASS: main:L33 - numeric lt
PASS: main:L34 - numeric lte
PASS: main:L35 - alpha lt
PASS: main:L36 - alpha lte
PASS: main:L37 - alpha lt
PASS: main:L38 - alpha lte
PASS: main:L39 - alpha lt
PASS: main:L40 - alpha lte
PASS: main:L42 - eq
PASS: main:L43 - eq
PASS: main:L44 - eq fail
PASS: main:L45 - eq fail
32 Tests PASSED
PASS: main:L23 - worlddump output /tmp/tmp.6HQK4uZh6Y/worlddump-2026-01-23-013018.txt
tests/test_worlddump.sh: line 25: [[: 246879
246879: syntax error in expression (error token is "246879")
1 Tests PASSED
........
----------------------------------------------------------------------
Ran 8 tests in 0.005s

OK
=====================================================================
PASS tests/test_functions.sh
PASS tests/test_ini_config.sh
PASS tests/test_ip.sh
PASS tests/test_libs_from_pypi.sh
PASS tests/test_localconf.sh
PASS tests/test_meta_config.sh
PASS tests/test_package_ordering.sh
PASS tests/test_refs.sh
PASS tests/test_truefalse.sh
PASS tests/test_vercmp.sh
PASS tests/test_worlddump.sh
PASS tests/test_write_devstack_local_conf_role.sh
=====================================================================
