GERRIT_BRANCH: master
CINDER_BRANCH: refs/changes/07/969207/34
OS_BRICK_BRANCH: master
+ unset GREP_OPTIONS
+ unset LANG
+ unset LANGUAGE
+ LC_ALL=en_US.utf8
+ export LC_ALL
++ env
++ grep -E '^OS_'
++ cut -d = -f 1
+ unset OS_BRICK_BRANCH
+ umask 022
+ PATH=/usr/local/sbin:/usr/local/bin:/usr/sbin:/usr/bin:/sbin:/bin:/usr/games:/usr/local/games:/snap/bin:/usr/local/bin:/usr/local/sbin:/usr/sbin:/sbin
+++ dirname ./stack.sh
++ cd .
++ pwd
+ TOP_DIR=/home/slave/devstack
+ NOUNSET=
+ [[ -n '' ]]
++ date +%s
+ DEVSTACK_START_TIME=1776329473
+ [[ -r /home/slave/devstack/.stackenv ]]
+ FILES=/home/slave/devstack/files
+ '[' '!' -d /home/slave/devstack/files ']'
+ '[' '!' -d /home/slave/devstack/inc ']'
+ '[' '!' -d /home/slave/devstack/lib ']'
+ [[ '' == \y ]]
+ [[ 1001 -eq 0 ]]
+ [[ -n '' ]]
+ [[ -e /home/slave/.no-devstack ]]
+ LAST_SPINNER_PID=
+ source /home/slave/devstack/functions
++ [[ -z '' ]]
++ declare -r -g _DEVSTACK_FUNCTIONS=1
++++ dirname /home/slave/devstack/functions
+++ cd /home/slave/devstack
+++ pwd
++ FUNC_DIR=/home/slave/devstack
++ source /home/slave/devstack/functions-common
++++ set +o
++++ grep xtrace
+++ _XTRACE_FUNCTIONS_COMMON='set -o xtrace'
+++ set +o xtrace
++ source /home/slave/devstack/inc/ini-config
++++ set +o
++++ grep xtrace
+++ INC_CONF_TRACE='set -o xtrace'
+++ set +o xtrace
++ source /home/slave/devstack/inc/meta-config
++++ set +o
++++ grep xtrace
+++ _XTRACE_INC_META='set -o xtrace'
+++ set +o xtrace
++ source /home/slave/devstack/inc/python
++++ set +o
++++ grep xtrace
+++ INC_PY_TRACE='set -o xtrace'
+++ set +o xtrace
++ source /home/slave/devstack/inc/rootwrap
++++ set +o
++++ grep xtrace
+++ INC_ROOT_TRACE='set -o xtrace'
+++ set +o xtrace
++ source /home/slave/devstack/inc/async
++++ trueorfalse True DEVSTACK_PARALLEL
++++ local xtrace
+++++ set +o
+++++ grep xtrace
++++ xtrace='set -o xtrace'
++++ set +o xtrace
+++ DEVSTACK_PARALLEL=True
+++ _ASYNC_BG_TIME=0
+++ set +o
+++ grep xtrace
++ _XTRACE_FUNCTIONS='set -o xtrace'
++ set +o xtrace
+ source /home/slave/devstack/lib/stack
+ GetDistro
+ GetOSVersion
+ source /etc/os-release
++ PRETTY_NAME='Ubuntu 24.04.3 LTS'
++ NAME=Ubuntu
++ VERSION_ID=24.04
++ VERSION='24.04.3 LTS (Noble Numbat)'
++ VERSION_CODENAME=noble
++ ID=ubuntu
++ ID_LIKE=debian
++ HOME_URL=https://www.ubuntu.com/
++ SUPPORT_URL=https://help.ubuntu.com/
++ BUG_REPORT_URL=https://bugs.launchpad.net/ubuntu/
++ PRIVACY_POLICY_URL=https://www.ubuntu.com/legal/terms-and-policies/privacy-policy
++ UBUNTU_CODENAME=noble
++ LOGO=ubuntu-logo
+ [[ ubuntu =~ (almalinux|centos|rocky|rhel) ]]
+ _ensure_lsb_release
++ command -v lsb_release
+ [[ -x /usr/bin/lsb_release ]]
+ return
++ lsb_release -r -s
+ os_RELEASE=24.04
++ lsb_release -c -s
+ os_CODENAME=noble
++ lsb_release -i -s
+ os_VENDOR=Ubuntu
+ [[ Ubuntu =~ (Debian|Ubuntu) ]]
+ os_PACKAGE=deb
+ typeset -xr os_VENDOR
+ typeset -xr os_RELEASE
+ typeset -xr os_PACKAGE
+ typeset -xr os_CODENAME
+ [[ Ubuntu =~ (Ubuntu) ]]
+ DISTRO=noble
+ typeset -xr DISTRO
+ rm -f /home/slave/devstack/.localrc.auto
+ extract_localrc_section /home/slave/devstack/local.conf /home/slave/devstack/localrc /home/slave/devstack/.localrc.auto
+ local configfile=/home/slave/devstack/local.conf
+ local localrcfile=/home/slave/devstack/localrc
+ local localautofile=/home/slave/devstack/.localrc.auto
+ [[ -r /home/slave/devstack/local.conf ]]
++ get_meta_section_files /home/slave/devstack/local.conf local
++ local file=/home/slave/devstack/local.conf
++ local matchgroup=local
++ [[ -r /home/slave/devstack/local.conf ]]
++ awk -v matchgroup=local '
        /^\[\[.+\|.*\]\]/ {
            gsub("[][]", "", $1);
            split($1, a, "|");
            if (a[1] == matchgroup)
                print a[2]
        }
    ' /home/slave/devstack/local.conf
+ LRC=localrc
+ for lfile in $LRC
+ [[ localrc == \l\o\c\a\l\r\c ]]
+ [[ -r /home/slave/devstack/localrc ]]
+ echo '# Generated file, do not edit'
+ get_meta_section /home/slave/devstack/local.conf local localrc
+ local file=/home/slave/devstack/local.conf
+ local matchgroup=local
+ local configfile=localrc
+ [[ -r /home/slave/devstack/local.conf ]]
+ [[ -z localrc ]]
+ awk -v matchgroup=local -v configfile=localrc '
        BEGIN { group = "" }
        /^\[\[.+\|.*\]\]/ {
            gsub("[][]", "", $1);
            split($1, a, "|");
            if (a[1] == matchgroup && a[2] == configfile) {
                group=a[1]
            } else {
                group=""
            }
            next
        }
        {
            if (group != "")
                print $0
        }
    ' /home/slave/devstack/local.conf
+ [[ ! -r /home/slave/devstack/stackrc ]]
+ source /home/slave/devstack/stackrc
++ [[ -z '' ]]
++ declare -r -g _DEVSTACK_STACKRC=1
++++ dirname /home/slave/devstack/stackrc
+++ cd /home/slave/devstack
+++ pwd
++ RC_DIR=/home/slave/devstack
++ source /home/slave/devstack/functions
+++ [[ -z 1 ]]
+++ return 0
++ TARGET_BRANCH=master
++ TRAILING_TARGET_BRANCH=master
++ BRANCHLESS_TARGET_BRANCH=master
++ DEST=/opt/stack
++ DATA_DIR=/opt/stack/data
++ SERVICE_DIR=/opt/stack/status
++ SUBUNIT_OUTPUT=/opt/stack/devstack.subunit
++ [[ 1001 -eq 0 ]]
+++ whoami
++ STACK_USER=slave
++ REGION_NAME=RegionOne
++ KEYSTONE_REGION_NAME=RegionOne
++ isset ENABLED_SERVICES
++ [[ -v ENABLED_SERVICES ]]
++ ENABLED_SERVICES=key
++ ENABLED_SERVICES+=,n-api,n-cpu,n-cond,n-sch,n-novnc,n-api-meta
++ ENABLED_SERVICES+=,placement-api,placement-client
++ ENABLED_SERVICES+=,g-api
++ ENABLED_SERVICES+=,c-sch,c-api,c-vol
++ ENABLED_SERVICES+=,ovn-controller,ovn-northd,ovs-vswitchd,ovsdb-server
++ ENABLED_SERVICES+=,q-svc,q-ovn-agent
++ ENABLED_SERVICES+=,horizon
++ ENABLED_SERVICES+=,rabbit,tempest,mysql,etcd3,dstat
++ ENABLE_HTTPD_MOD_WSGI_SERVICES=True
++ NOVA_ENABLED_APIS=osapi_compute,metadata
++ [[ -f /home/slave/devstack/localrc ]]
++ [[ -f /home/slave/devstack/.localrc.auto ]]
++ source /home/slave/devstack/.localrc.auto
+++ SLAVE_PASSWD=ossdbg1stack
+++ ADMIN_PASSWORD=ossdbg1stack
+++ DATABASE_PASSWORD=ossdbg1stack
+++ RABBIT_PASSWORD=ossdbg1stack
+++ SERVICE_PASSWORD=ossdbg1stack
+++ LOGFILE=/opt/stack/logs/stack.sh.log
+++ LOGDAYS=2
+++ BRANCH=master
+++ CINDER_BRANCH=refs/changes/07/969207/34
+++ GLANCE_BRANCH=master
+++ HORIZON_BRANCH=master
+++ KEYSTONE_BRANCH=master
+++ KEYSTONECLIENT_BRANCH=master
+++ NOVA_BRANCH=master
+++ NOVACLIENT_BRANCH=master
+++ NEUTRON_BRANCH=master
+++ SWIFT_BRANCH=master
+++ LIBS_FROM_GIT=os-brick
+++ SWIFT_HASH=66a3d6b56c1f479c8b4e70ab5c2000f5
+++ SWIFT_REPLICAS=1
+++ SWIFT_DATA_DIR=/opt/stack/data
++ CELLSV2_SETUP=superconductor
++ HORIZON_APACHE_ROOT=/dashboard
+++ trueorfalse False USER_UNITS
+++ local xtrace
++++ set +o
++++ grep xtrace
+++ xtrace='set -o xtrace'
+++ set +o xtrace
++ USER_UNITS=False
++ [[ False == \T\r\u\e ]]
++ SYSTEMD_DIR=/etc/systemd/system
++ SYSTEMCTL='sudo systemctl'
++ [[ -r /home/slave/devstack/.localrc.password ]]
+++ _get_python_version python3
+++ local interp=python3
+++ local version
++++ which python3
+++ [[ -x /usr/bin/python3 ]]
++++ python3 -c 'import sys; print("%s.%s" % sys.version_info[0:2])'
+++ version=3.12
+++ echo 3.12
++ _DEFAULT_PYTHON3_VERSION=3.12
++ export PYTHON3_VERSION=3.12
++ PYTHON3_VERSION=3.12
++ export 'VIRTUALENV_CMD=python3.12 -m venv'
++ VIRTUALENV_CMD='python3.12 -m venv'
++ '[' -t 1 ']'
++ _LOG_COLOR_DEFAULT=False
+++ trueorfalse False LOG_COLOR
+++ local xtrace
++++ set +o
++++ grep xtrace
+++ xtrace='set -o xtrace'
+++ set +o xtrace
++ LOG_COLOR=False
++ [[ False == \T\r\u\e ]]
++ export 'PS4=+ $(short_source):   '
++ PS4='+ $(short_source):   '
+++ stackrc:source:167                       :   trueorfalse False ENFORCE_SCOPE
+++ functions-common:trueorfalse:222         :   local xtrace
++++ functions-common:trueorfalse:223         :   set +o
++++ functions-common:trueorfalse:223         :   grep xtrace
+++ functions-common:trueorfalse:223         :   xtrace='set -o xtrace'
+++ functions-common:trueorfalse:224         :   set +o xtrace
++ stackrc:source:167                       :   ENFORCE_SCOPE=False
++ stackrc:source:174                       :   DEVSTACK_VENV=/opt/stack/data/venv
++ stackrc:source:180                       :   [[ Ubuntu =~ (CentOSStream|Rocky) ]]
+++ stackrc:source:183                       :   trueorfalse True GLOBAL_VENV
+++ functions-common:trueorfalse:222         :   local xtrace
++++ functions-common:trueorfalse:223         :   set +o
++++ functions-common:trueorfalse:223         :   grep xtrace
+++ functions-common:trueorfalse:223         :   xtrace='set -o xtrace'
+++ functions-common:trueorfalse:224         :   set +o xtrace
++ stackrc:source:183                       :   GLOBAL_VENV=True
+++ stackrc:source:190                       :   trueorfalse False USE_VENV
+++ functions-common:trueorfalse:222         :   local xtrace
++++ functions-common:trueorfalse:223         :   set +o
++++ functions-common:trueorfalse:223         :   grep xtrace
+++ functions-common:trueorfalse:223         :   xtrace='set -o xtrace'
+++ functions-common:trueorfalse:224         :   set +o xtrace
++ stackrc:source:190                       :   USE_VENV=False
++ stackrc:source:195                       :   ADDITIONAL_VENV_PACKAGES=
+++ stackrc:source:199                       :   trueorfalse False DATABASE_QUERY_LOGGING
+++ functions-common:trueorfalse:222         :   local xtrace
++++ functions-common:trueorfalse:223         :   grep xtrace
++++ functions-common:trueorfalse:223         :   set +o
+++ functions-common:trueorfalse:223         :   xtrace='set -o xtrace'
+++ functions-common:trueorfalse:224         :   set +o xtrace
++ stackrc:source:199                       :   DATABASE_QUERY_LOGGING=False
+++ stackrc:source:203                       :   trueorfalse True MYSQL_GATHER_PERFORMANCE
+++ functions-common:trueorfalse:222         :   local xtrace
++++ functions-common:trueorfalse:223         :   set +o
++++ functions-common:trueorfalse:223         :   grep xtrace
+++ functions-common:trueorfalse:223         :   xtrace='set -o xtrace'
+++ functions-common:trueorfalse:224         :   set +o xtrace
++ stackrc:source:203                       :   MYSQL_GATHER_PERFORMANCE=True
+++ stackrc:source:208                       :   trueorfalse True MYSQL_REDUCE_MEMORY
+++ functions-common:trueorfalse:222         :   local xtrace
++++ functions-common:trueorfalse:223         :   set +o
++++ functions-common:trueorfalse:223         :   grep xtrace
+++ functions-common:trueorfalse:223         :   xtrace='set -o xtrace'
+++ functions-common:trueorfalse:224         :   set +o xtrace
++ stackrc:source:208                       :   MYSQL_REDUCE_MEMORY=True
++ stackrc:source:219                       :   GIT_TIMEOUT=0
++ stackrc:source:225                       :   WSGI_MODE=uwsgi
++ stackrc:source:226                       :   [[ uwsgi != \u\w\s\g\i ]]
++ stackrc:source:234                       :   GIT_BASE=https://opendev.org
++ stackrc:source:237                       :   REQUIREMENTS_DIR=/opt/stack/requirements
++ stackrc:source:255                       :   DEVSTACK_SERIES=2026.1
++ stackrc:source:264                       :   CINDER_REPO=https://opendev.org/openstack/cinder.git
++ stackrc:source:265                       :   CINDER_BRANCH=refs/changes/07/969207/34
++ stackrc:source:268                       :   GLANCE_REPO=https://opendev.org/openstack/glance.git
++ stackrc:source:269                       :   GLANCE_BRANCH=master
++ stackrc:source:272                       :   HORIZON_REPO=https://opendev.org/openstack/horizon.git
++ stackrc:source:273                       :   HORIZON_BRANCH=master
++ stackrc:source:276                       :   KEYSTONE_REPO=https://opendev.org/openstack/keystone.git
++ stackrc:source:277                       :   KEYSTONE_BRANCH=master
++ stackrc:source:280                       :   NEUTRON_REPO=https://opendev.org/openstack/neutron.git
++ stackrc:source:281                       :   NEUTRON_BRANCH=master
++ stackrc:source:284                       :   NOVA_REPO=https://opendev.org/openstack/nova.git
++ stackrc:source:285                       :   NOVA_BRANCH=master
++ stackrc:source:288                       :   SWIFT_REPO=https://opendev.org/openstack/swift.git
++ stackrc:source:289                       :   SWIFT_BRANCH=master
++ stackrc:source:292                       :   PLACEMENT_REPO=https://opendev.org/openstack/placement.git
++ stackrc:source:293                       :   PLACEMENT_BRANCH=master
++ stackrc:source:302                       :   REQUIREMENTS_REPO=https://opendev.org/openstack/requirements.git
++ stackrc:source:303                       :   REQUIREMENTS_BRANCH=master
++ stackrc:source:306                       :   TEMPEST_REPO=https://opendev.org/openstack/tempest.git
++ stackrc:source:307                       :   TEMPEST_BRANCH=master
++ stackrc:source:308                       :   TEMPEST_VENV_UPPER_CONSTRAINTS=master
++ stackrc:source:310                       :   OSTESTIMAGES_REPO=https://opendev.org/openstack/os-test-images.git
++ stackrc:source:311                       :   OSTESTIMAGES_BRANCH=master
++ stackrc:source:312                       :   OSTESTIMAGES_DIR=/opt/stack/os-test-images
++ stackrc:source:322                       :   GITREPO["python-cinderclient"]=https://opendev.org/openstack/python-cinderclient.git
++ stackrc:source:323                       :   GITBRANCH["python-cinderclient"]=master
++ stackrc:source:326                       :   GITREPO["python-brick-cinderclient-ext"]=https://opendev.org/openstack/python-brick-cinderclient-ext.git
++ stackrc:source:327                       :   GITBRANCH["python-brick-cinderclient-ext"]=master
++ stackrc:source:330                       :   GITREPO["python-barbicanclient"]=https://opendev.org/openstack/python-barbicanclient.git
++ stackrc:source:331                       :   GITBRANCH["python-barbicanclient"]=master
++ stackrc:source:332                       :   GITDIR["python-barbicanclient"]=/opt/stack/python-barbicanclient
++ stackrc:source:335                       :   GITREPO["python-glanceclient"]=https://opendev.org/openstack/python-glanceclient.git
++ stackrc:source:336                       :   GITBRANCH["python-glanceclient"]=master
++ stackrc:source:339                       :   GITREPO["python-ironicclient"]=https://opendev.org/openstack/python-ironicclient.git
++ stackrc:source:340                       :   GITBRANCH["python-ironicclient"]=master
++ stackrc:source:342                       :   GITDIR["python-ironicclient"]=/opt/stack/python-ironicclient
++ stackrc:source:345                       :   GITREPO["keystoneauth"]=https://opendev.org/openstack/keystoneauth.git
++ stackrc:source:346                       :   GITBRANCH["keystoneauth"]=master
++ stackrc:source:349                       :   GITREPO["python-keystoneclient"]=https://opendev.org/openstack/python-keystoneclient.git
++ stackrc:source:350                       :   GITBRANCH["python-keystoneclient"]=master
++ stackrc:source:353                       :   GITREPO["python-neutronclient"]=https://opendev.org/openstack/python-neutronclient.git
++ stackrc:source:354                       :   GITBRANCH["python-neutronclient"]=master
++ stackrc:source:357                       :   GITREPO["python-novaclient"]=https://opendev.org/openstack/python-novaclient.git
++ stackrc:source:358                       :   GITBRANCH["python-novaclient"]=master
++ stackrc:source:361                       :   GITREPO["python-swiftclient"]=https://opendev.org/openstack/python-swiftclient.git
++ stackrc:source:362                       :   GITBRANCH["python-swiftclient"]=master
++ stackrc:source:365                       :   GITREPO["python-openstackclient"]=https://opendev.org/openstack/python-openstackclient.git
++ stackrc:source:366                       :   GITBRANCH["python-openstackclient"]=master
++ stackrc:source:368                       :   GITDIR["python-openstackclient"]=/opt/stack/python-openstackclient
++ stackrc:source:371                       :   GITREPO["osc-placement"]=https://opendev.org/openstack/osc-placement.git
++ stackrc:source:372                       :   GITBRANCH["osc-placement"]=master
++ stackrc:source:383                       :   GITREPO["castellan"]=https://opendev.org/openstack/castellan.git
++ stackrc:source:384                       :   GITBRANCH["castellan"]=master
++ stackrc:source:387                       :   GITREPO["cliff"]=https://opendev.org/openstack/cliff.git
++ stackrc:source:388                       :   GITBRANCH["cliff"]=master
++ stackrc:source:391                       :   GITREPO["futurist"]=https://opendev.org/openstack/futurist.git
++ stackrc:source:392                       :   GITBRANCH["futurist"]=master
++ stackrc:source:395                       :   GITREPO["debtcollector"]=https://opendev.org/openstack/debtcollector.git
++ stackrc:source:396                       :   GITBRANCH["debtcollector"]=master
++ stackrc:source:399                       :   GITREPO["etcd3gw"]=https://opendev.org/openstack/etcd3gw.git
++ stackrc:source:400                       :   GITBRANCH["etcd3gw"]=master
++ stackrc:source:403                       :   GITREPO["automaton"]=https://opendev.org/openstack/automaton.git
++ stackrc:source:404                       :   GITBRANCH["automaton"]=master
++ stackrc:source:407                       :   GITREPO["oslo.cache"]=https://opendev.org/openstack/oslo.cache.git
++ stackrc:source:408                       :   GITBRANCH["oslo.cache"]=master
++ stackrc:source:411                       :   GITREPO["oslo.concurrency"]=https://opendev.org/openstack/oslo.concurrency.git
++ stackrc:source:412                       :   GITBRANCH["oslo.concurrency"]=master
++ stackrc:source:415                       :   GITREPO["oslo.config"]=https://opendev.org/openstack/oslo.config.git
++ stackrc:source:416                       :   GITBRANCH["oslo.config"]=master
++ stackrc:source:419                       :   GITREPO["oslo.context"]=https://opendev.org/openstack/oslo.context.git
++ stackrc:source:420                       :   GITBRANCH["oslo.context"]=master
++ stackrc:source:423                       :   GITREPO["oslo.db"]=https://opendev.org/openstack/oslo.db.git
++ stackrc:source:424                       :   GITBRANCH["oslo.db"]=master
++ stackrc:source:427                       :   GITREPO["oslo.i18n"]=https://opendev.org/openstack/oslo.i18n.git
++ stackrc:source:428                       :   GITBRANCH["oslo.i18n"]=master
++ stackrc:source:431                       :   GITREPO["oslo.limit"]=https://opendev.org/openstack/oslo.limit.git
++ stackrc:source:432                       :   GITBRANCH["oslo.limit"]=master
++ stackrc:source:435                       :   GITREPO["oslo.log"]=https://opendev.org/openstack/oslo.log.git
++ stackrc:source:436                       :   GITBRANCH["oslo.log"]=master
++ stackrc:source:439                       :   GITREPO["oslo.messaging"]=https://opendev.org/openstack/oslo.messaging.git
++ stackrc:source:440                       :   GITBRANCH["oslo.messaging"]=master
++ stackrc:source:443                       :   GITREPO["oslo.middleware"]=https://opendev.org/openstack/oslo.middleware.git
++ stackrc:source:444                       :   GITBRANCH["oslo.middleware"]=master
++ stackrc:source:447                       :   GITREPO["oslo.policy"]=https://opendev.org/openstack/oslo.policy.git
++ stackrc:source:448                       :   GITBRANCH["oslo.policy"]=master
++ stackrc:source:451                       :   GITREPO["oslo.privsep"]=https://opendev.org/openstack/oslo.privsep.git
++ stackrc:source:452                       :   GITBRANCH["oslo.privsep"]=master
++ stackrc:source:455                       :   GITREPO["oslo.reports"]=https://opendev.org/openstack/oslo.reports.git
++ stackrc:source:456                       :   GITBRANCH["oslo.reports"]=master
++ stackrc:source:459                       :   GITREPO["oslo.rootwrap"]=https://opendev.org/openstack/oslo.rootwrap.git
++ stackrc:source:460                       :   GITBRANCH["oslo.rootwrap"]=master
++ stackrc:source:463                       :   GITREPO["oslo.serialization"]=https://opendev.org/openstack/oslo.serialization.git
++ stackrc:source:464                       :   GITBRANCH["oslo.serialization"]=master
++ stackrc:source:467                       :   GITREPO["oslo.service"]=https://opendev.org/openstack/oslo.service.git
++ stackrc:source:468                       :   GITBRANCH["oslo.service"]=master
++ stackrc:source:471                       :   GITREPO["oslo.utils"]=https://opendev.org/openstack/oslo.utils.git
++ stackrc:source:472                       :   GITBRANCH["oslo.utils"]=master
++ stackrc:source:475                       :   GITREPO["oslo.versionedobjects"]=https://opendev.org/openstack/oslo.versionedobjects.git
++ stackrc:source:476                       :   GITBRANCH["oslo.versionedobjects"]=master
++ stackrc:source:479                       :   GITREPO["oslo.vmware"]=https://opendev.org/openstack/oslo.vmware.git
++ stackrc:source:480                       :   GITBRANCH["oslo.vmware"]=master
++ stackrc:source:483                       :   GITREPO["osprofiler"]=https://opendev.org/openstack/osprofiler.git
++ stackrc:source:484                       :   GITBRANCH["osprofiler"]=master
++ stackrc:source:487                       :   GITREPO["pycadf"]=https://opendev.org/openstack/pycadf.git
++ stackrc:source:488                       :   GITBRANCH["pycadf"]=master
++ stackrc:source:491                       :   GITREPO["stevedore"]=https://opendev.org/openstack/stevedore.git
++ stackrc:source:492                       :   GITBRANCH["stevedore"]=master
++ stackrc:source:495                       :   GITREPO["taskflow"]=https://opendev.org/openstack/taskflow.git
++ stackrc:source:496                       :   GITBRANCH["taskflow"]=master
++ stackrc:source:499                       :   GITREPO["tooz"]=https://opendev.org/openstack/tooz.git
++ stackrc:source:500                       :   GITBRANCH["tooz"]=master
++ stackrc:source:503                       :   GITREPO["pbr"]=https://opendev.org/openstack/pbr.git
++ stackrc:source:504                       :   GITBRANCH["pbr"]=master
++ stackrc:source:514                       :   GITREPO["cursive"]=https://opendev.org/openstack/cursive.git
++ stackrc:source:515                       :   GITBRANCH["cursive"]=master
++ stackrc:source:518                       :   GITREPO["glance_store"]=https://opendev.org/openstack/glance_store.git
++ stackrc:source:519                       :   GITBRANCH["glance_store"]=master
++ stackrc:source:522                       :   GITREPO["keystonemiddleware"]=https://opendev.org/openstack/keystonemiddleware.git
++ stackrc:source:523                       :   GITBRANCH["keystonemiddleware"]=master
++ stackrc:source:526                       :   GITREPO["ceilometermiddleware"]=https://opendev.org/openstack/ceilometermiddleware.git
++ stackrc:source:527                       :   GITBRANCH["ceilometermiddleware"]=master
++ stackrc:source:528                       :   GITDIR["ceilometermiddleware"]=/opt/stack/ceilometermiddleware
++ stackrc:source:531                       :   GITREPO["openstacksdk"]=https://opendev.org/openstack/openstacksdk.git
++ stackrc:source:532                       :   GITBRANCH["openstacksdk"]=master
++ stackrc:source:535                       :   GITREPO["os-brick"]=https://opendev.org/openstack/os-brick.git
++ stackrc:source:536                       :   GITBRANCH["os-brick"]=master
++ stackrc:source:539                       :   GITREPO["os-client-config"]=https://opendev.org/openstack/os-client-config.git
++ stackrc:source:540                       :   GITBRANCH["os-client-config"]=master
++ stackrc:source:541                       :   GITDIR["os-client-config"]=/opt/stack/os-client-config
++ stackrc:source:544                       :   GITREPO["os-vif"]=https://opendev.org/openstack/os-vif.git
++ stackrc:source:545                       :   GITBRANCH["os-vif"]=master
++ stackrc:source:548                       :   GITREPO["osc-lib"]=https://opendev.org/openstack/osc-lib.git
++ stackrc:source:549                       :   GITBRANCH["osc-lib"]=master
++ stackrc:source:552                       :   GITREPO["ironic-lib"]=https://opendev.org/openstack/ironic-lib.git
++ stackrc:source:553                       :   GITBRANCH["ironic-lib"]=master
++ stackrc:source:555                       :   GITDIR["ironic-lib"]=/opt/stack/ironic-lib
++ stackrc:source:558                       :   GITREPO["diskimage-builder"]=https://opendev.org/openstack/diskimage-builder.git
++ stackrc:source:559                       :   GITBRANCH["diskimage-builder"]=master
++ stackrc:source:560                       :   GITDIR["diskimage-builder"]=/opt/stack/diskimage-builder
++ stackrc:source:563                       :   GITREPO["neutron-lib"]=https://opendev.org/openstack/neutron-lib.git
++ stackrc:source:564                       :   GITBRANCH["neutron-lib"]=master
++ stackrc:source:565                       :   GITDIR["neutron-lib"]=/opt/stack/neutron-lib
++ stackrc:source:568                       :   GITREPO["os-resource-classes"]=https://opendev.org/openstack/os-resource-classes.git
++ stackrc:source:569                       :   GITBRANCH["os-resource-classes"]=master
++ stackrc:source:572                       :   GITREPO["os-traits"]=https://opendev.org/openstack/os-traits.git
++ stackrc:source:573                       :   GITBRANCH["os-traits"]=master
++ stackrc:source:576                       :   GITREPO["ovsdbapp"]=https://opendev.org/openstack/ovsdbapp.git
++ stackrc:source:577                       :   GITBRANCH["ovsdbapp"]=master
++ stackrc:source:578                       :   GITDIR["ovsdbapp"]=/opt/stack/ovsdbapp
++ stackrc:source:581                       :   GITREPO["os-ken"]=https://opendev.org/openstack/os-ken.git
++ stackrc:source:582                       :   GITBRANCH["os-ken"]=master
++ stackrc:source:583                       :   GITDIR["os-ken"]=/opt/stack/os-ken
++ stackrc:source:595                       :   IRONIC_PYTHON_AGENT_REPO=https://opendev.org/openstack/ironic-python-agent.git
++ stackrc:source:596                       :   IRONIC_PYTHON_AGENT_BRANCH=master
++ stackrc:source:599                       :   NOVNC_REPO=https://github.com/novnc/novnc.git
++ stackrc:source:600                       :   NOVNC_BRANCH=v1.3.0
++ stackrc:source:603                       :   SPICE_REPO=http://anongit.freedesktop.org/git/spice/spice-html5.git
++ stackrc:source:604                       :   SPICE_BRANCH=master
+++ stackrc:source:610                       :   trueorfalse False ENABLE_VOLUME_MULTIATTACH
+++ functions-common:trueorfalse:222         :   local xtrace
++++ functions-common:trueorfalse:223         :   set +o
++++ functions-common:trueorfalse:223         :   grep xtrace
+++ functions-common:trueorfalse:223         :   xtrace='set -o xtrace'
+++ functions-common:trueorfalse:224         :   set +o xtrace
++ stackrc:source:610                       :   ENABLE_VOLUME_MULTIATTACH=False
++ stackrc:source:615                       :   DEFAULT_VIRT_DRIVER=libvirt
++ stackrc:source:616                       :   VIRT_DRIVER=libvirt
++ stackrc:source:617                       :   case "$VIRT_DRIVER" in
++ stackrc:source:619                       :   LIBVIRT_TYPE=kvm
++ stackrc:source:620                       :   LIBVIRT_CPU_MODE=custom
++ stackrc:source:621                       :   LIBVIRT_CPU_MODEL=Nehalem
++ stackrc:source:623                       :   [[ -z Ubuntu ]]
++ stackrc:source:627                       :   [[ Ubuntu =~ (Debian|Ubuntu) ]]
++ stackrc:source:628                       :   LIBVIRT_GROUP=libvirt
++ stackrc:source:667                       :   CIRROS_VERSION=0.6.3
+++ stackrc:source:668                       :   uname -m
++ stackrc:source:668                       :   CIRROS_ARCH=x86_64
+++ stackrc:source:673                       :   trueorfalse True DOWNLOAD_DEFAULT_IMAGES
+++ functions-common:trueorfalse:222         :   local xtrace
++++ functions-common:trueorfalse:223         :   grep xtrace
++++ functions-common:trueorfalse:223         :   set +o
+++ functions-common:trueorfalse:223         :   xtrace='set -o xtrace'
+++ functions-common:trueorfalse:224         :   set +o xtrace
++ stackrc:source:673                       :   DOWNLOAD_DEFAULT_IMAGES=True
++ stackrc:source:674                       :   [[ True == \T\r\u\e ]]
++ stackrc:source:675                       :   [[ -n '' ]]
++ stackrc:source:678                       :   case "$VIRT_DRIVER" in
++ stackrc:source:680                       :   case "$LIBVIRT_TYPE" in
++ stackrc:source:686                       :   DEFAULT_IMAGE_NAME=cirros-0.6.3-x86_64-disk
++ stackrc:source:687                       :   DEFAULT_IMAGE_FILE_NAME=cirros-0.6.3-x86_64-disk.img
++ stackrc:source:688                       :   IMAGE_URLS+=https://github.com/cirros-dev/cirros/releases/download/0.6.3/cirros-0.6.3-x86_64-disk.img
++ stackrc:source:701                       :   DOWNLOAD_DEFAULT_IMAGES=False
++ stackrc:source:710                       :   EXTRA_CACHE_URLS=
++ stackrc:source:713                       :   ETCD_VERSION=v3.5.21
++ stackrc:source:714                       :   ETCD_SHA256_AMD64=adddda4b06718e68671ffabff2f8cee48488ba61ad82900e639d108f2148501c
++ stackrc:source:715                       :   ETCD_SHA256_ARM64=95bf6918623a097c0385b96f139d90248614485e781ec9bee4768dbb6c79c53f
++ stackrc:source:716                       :   ETCD_SHA256_PPC64=6fb6ecb3d1b331eb177dc610a8efad3aceb1f836d6aeb439ba0bfac5d5c2a38c
++ stackrc:source:717                       :   ETCD_SHA256_S390X=a211a83961ba8a7e94f7d6343ad769e699db21a715ba4f3b68cf31ea28f9c951
++ stackrc:source:719                       :   is_arch x86_64
+++ functions-common:is_arch:517             :   uname -m
++ functions-common:is_arch:517             :   [[ x86_64 == \x\8\6\_\6\4 ]]
++ stackrc:source:720                       :   ETCD_ARCH=amd64
++ stackrc:source:721                       :   ETCD_SHA256=adddda4b06718e68671ffabff2f8cee48488ba61ad82900e639d108f2148501c
++ stackrc:source:734                       :   ETCD_PORT=2379
++ stackrc:source:735                       :   ETCD_PEER_PORT=2380
++ stackrc:source:736                       :   ETCD_DOWNLOAD_URL=https://github.com/etcd-io/etcd/releases/download
++ stackrc:source:737                       :   ETCD_NAME=etcd-v3.5.21-linux-amd64
++ stackrc:source:738                       :   ETCD_DOWNLOAD_FILE=etcd-v3.5.21-linux-amd64.tar.gz
++ stackrc:source:739                       :   ETCD_DOWNLOAD_LOCATION=https://github.com/etcd-io/etcd/releases/download/v3.5.21/etcd-v3.5.21-linux-amd64.tar.gz
++ stackrc:source:741                       :   EXTRA_CACHE_URLS+=,https://github.com/etcd-io/etcd/releases/download/v3.5.21/etcd-v3.5.21-linux-amd64.tar.gz
++ stackrc:source:744                       :   CACHE_BACKEND=dogpile.cache.memcached
++ stackrc:source:745                       :   MEMCACHE_SERVERS=localhost:11211
++ stackrc:source:748                       :   for image_url in ${IMAGE_URLS//,/ }
+++ stackrc:source:749                       :   echo https://github.com/cirros-dev/cirros/releases/download/0.6.3/cirros-0.6.3-x86_64-disk.img
+++ stackrc:source:749                       :   grep -o -F https://github.com/cirros-dev/cirros/releases/download/0.6.3/cirros-0.6.3-x86_64-disk.img
+++ stackrc:source:749                       :   wc -l
++ stackrc:source:749                       :   '[' 1 -gt 1 ']'
++ stackrc:source:755                       :   VOLUME_BACKING_FILE_SIZE=30G
++ stackrc:source:758                       :   VOLUME_NAME_PREFIX=volume-
++ stackrc:source:759                       :   INSTANCE_NAME_PREFIX=instance-
++ stackrc:source:762                       :   S3_SERVICE_PORT=3333
++ stackrc:source:765                       :   PRIVATE_NETWORK_NAME=private
++ stackrc:source:766                       :   PUBLIC_NETWORK_NAME=public
++ stackrc:source:768                       :   PUBLIC_INTERFACE=
++ stackrc:source:771                       :   SERVICE_PROTOCOL=http
+++ stackrc:source:777                       :   nproc
+++ stackrc:source:777                       :   nproc
++ stackrc:source:777                       :   API_WORKERS=10
++ stackrc:source:780                       :   SERVICE_TIMEOUT=60
++ stackrc:source:783                       :   NOVA_READY_TIMEOUT=60
++ stackrc:source:786                       :   SERVICE_GRACEFUL_SHUTDOWN_TIMEOUT=5
++ stackrc:source:789                       :   WORKER_TIMEOUT=80
+++ stackrc:source:797                       :   trueorfalse False OFFLINE
+++ functions-common:trueorfalse:222         :   local xtrace
++++ functions-common:trueorfalse:223         :   set +o
++++ functions-common:trueorfalse:223         :   grep xtrace
+++ functions-common:trueorfalse:223         :   xtrace='set -o xtrace'
+++ functions-common:trueorfalse:224         :   set +o xtrace
++ stackrc:source:797                       :   OFFLINE=False
+++ stackrc:source:802                       :   trueorfalse False ERROR_ON_CLONE
+++ functions-common:trueorfalse:222         :   local xtrace
++++ functions-common:trueorfalse:223         :   set +o
++++ functions-common:trueorfalse:223         :   grep xtrace
+++ functions-common:trueorfalse:223         :   xtrace='set -o xtrace'
+++ functions-common:trueorfalse:224         :   set +o xtrace
++ stackrc:source:802                       :   ERROR_ON_CLONE=False
+++ stackrc:source:805                       :   trueorfalse True ENABLE_DEBUG_LOG_LEVEL
+++ functions-common:trueorfalse:222         :   local xtrace
++++ functions-common:trueorfalse:223         :   set +o
++++ functions-common:trueorfalse:223         :   grep xtrace
+++ functions-common:trueorfalse:223         :   xtrace='set -o xtrace'
+++ functions-common:trueorfalse:224         :   set +o xtrace
++ stackrc:source:805                       :   ENABLE_DEBUG_LOG_LEVEL=True
++ stackrc:source:811                       :   FLOATING_RANGE=172.24.4.0/24
++ stackrc:source:812                       :   IPV4_ADDRS_SAFE_TO_USE=10.0.0.0/22
++ stackrc:source:813                       :   FIXED_RANGE=10.0.0.0/22
++ stackrc:source:814                       :   HOST_IP_IFACE=
++ stackrc:source:815                       :   HOST_IP=
++ stackrc:source:816                       :   HOST_IPV6=
+++ stackrc:source:818                       :   get_default_host_ip 10.0.0.0/22 172.24.4.0/24 '' '' inet
+++ functions-common:get_default_host_ip:752 :   local fixed_range=10.0.0.0/22
+++ functions-common:get_default_host_ip:753 :   local floating_range=172.24.4.0/24
+++ functions-common:get_default_host_ip:754 :   local host_ip_iface=
+++ functions-common:get_default_host_ip:755 :   local host_ip=
+++ functions-common:get_default_host_ip:756 :   local af=inet
+++ functions-common:get_default_host_ip:759 :   '[' -z '' -o '' == dhcp ']'
+++ functions-common:get_default_host_ip:760 :   host_ip=
++++ functions-common:get_default_host_ip:762 :   ip -f inet route list match default table all
++++ functions-common:get_default_host_ip:762 :   grep via
++++ functions-common:get_default_host_ip:762 :   head -1
++++ functions-common:get_default_host_ip:762 :   awk '/default/ {print $5}'
+++ functions-common:get_default_host_ip:762 :   host_ip_iface=enp4s0f1
+++ functions-common:get_default_host_ip:763 :   local host_ips
++++ functions-common:get_default_host_ip:764 :   LC_ALL=C
++++ functions-common:get_default_host_ip:764 :   sed /temporary/d
++++ functions-common:get_default_host_ip:764 :   awk '/inet/ {split($2,parts,"/");  print parts[1]}'
++++ functions-common:get_default_host_ip:764 :   ip -f inet addr show enp4s0f1
+++ functions-common:get_default_host_ip:764 :   host_ips=172.21.16.48
+++ functions-common:get_default_host_ip:765 :   local ip
+++ functions-common:get_default_host_ip:766 :   for ip in $host_ips
+++ functions-common:get_default_host_ip:773 :   [[ inet == \i\n\e\t\6 ]]
+++ functions-common:get_default_host_ip:777 :   address_in_net 172.21.16.48 10.0.0.0/22
+++ functions-common:address_in_net:2168     :   local ip=172.21.16.48
+++ functions-common:address_in_net:2169     :   local range=10.0.0.0/22
+++ functions-common:address_in_net:2170     :   local masklen=22
+++ functions-common:address_in_net:2171     :   local network
+++++ functions-common:address_in_net:2172     :   cidr2netmask 22
+++++ functions-common:cidr2netmask:2190       :   local 'maskpat=255 255 255 255'
+++++ functions-common:cidr2netmask:2191       :   local 'maskdgt=254 252 248 240 224 192 128'
+++++ functions-common:cidr2netmask:2192       :   set -- 255 255 252
+++++ functions-common:cidr2netmask:2193       :   echo 255.255.252.0
++++ functions-common:address_in_net:2172     :   maskip 10.0.0.0 255.255.252.0
++++ functions-common:maskip:2252             :   local ip=10.0.0.0
++++ functions-common:maskip:2253             :   local mask=255.255.252.0
++++ functions-common:maskip:2254             :   local l=10.0.0
++++ functions-common:maskip:2254             :   local r=0.0.0
++++ functions-common:maskip:2254             :   local n=255.255.252
++++ functions-common:maskip:2254             :   local m=255.252.0
++++ functions-common:maskip:2255             :   local subnet
++++ functions-common:maskip:2256             :   subnet=10.0.0.0
++++ functions-common:maskip:2257             :   echo 10.0.0.0
+++ functions-common:address_in_net:2172     :   network=10.0.0.0
+++ functions-common:address_in_net:2173     :   local subnet
+++++ functions-common:address_in_net:2174     :   cidr2netmask 22
+++++ functions-common:cidr2netmask:2190       :   local 'maskpat=255 255 255 255'
+++++ functions-common:cidr2netmask:2191       :   local 'maskdgt=254 252 248 240 224 192 128'
+++++ functions-common:cidr2netmask:2192       :   set -- 255 255 252
+++++ functions-common:cidr2netmask:2193       :   echo 255.255.252.0
++++ functions-common:address_in_net:2174     :   maskip 172.21.16.48 255.255.252.0
++++ functions-common:maskip:2252             :   local ip=172.21.16.48
++++ functions-common:maskip:2253             :   local mask=255.255.252.0
++++ functions-common:maskip:2254             :   local l=172.21.16
++++ functions-common:maskip:2254             :   local r=21.16.48
++++ functions-common:maskip:2254             :   local n=255.255.252
++++ functions-common:maskip:2254             :   local m=255.252.0
++++ functions-common:maskip:2255             :   local subnet
++++ functions-common:maskip:2256             :   subnet=172.21.16.0
++++ functions-common:maskip:2257             :   echo 172.21.16.0
+++ functions-common:address_in_net:2174     :   subnet=172.21.16.0
+++ functions-common:address_in_net:2175     :   [[ 10.0.0.0 == 172.21.16.0 ]]
+++ functions-common:get_default_host_ip:777 :   address_in_net 172.21.16.48 172.24.4.0/24
+++ functions-common:address_in_net:2168     :   local ip=172.21.16.48
+++ functions-common:address_in_net:2169     :   local range=172.24.4.0/24
+++ functions-common:address_in_net:2170     :   local masklen=24
+++ functions-common:address_in_net:2171     :   local network
+++++ functions-common:address_in_net:2172     :   cidr2netmask 24
+++++ functions-common:cidr2netmask:2190       :   local 'maskpat=255 255 255 255'
+++++ functions-common:cidr2netmask:2191       :   local 'maskdgt=254 252 248 240 224 192 128'
+++++ functions-common:cidr2netmask:2192       :   set -- 255 255 255
+++++ functions-common:cidr2netmask:2193       :   echo 255.255.255.0
++++ functions-common:address_in_net:2172     :   maskip 172.24.4.0 255.255.255.0
++++ functions-common:maskip:2252             :   local ip=172.24.4.0
++++ functions-common:maskip:2253             :   local mask=255.255.255.0
++++ functions-common:maskip:2254             :   local l=172.24.4
++++ functions-common:maskip:2254             :   local r=24.4.0
++++ functions-common:maskip:2254             :   local n=255.255.255
++++ functions-common:maskip:2254             :   local m=255.255.0
++++ functions-common:maskip:2255             :   local subnet
++++ functions-common:maskip:2256             :   subnet=172.24.4.0
++++ functions-common:maskip:2257             :   echo 172.24.4.0
+++ functions-common:address_in_net:2172     :   network=172.24.4.0
+++ functions-common:address_in_net:2173     :   local subnet
+++++ functions-common:address_in_net:2174     :   cidr2netmask 24
+++++ functions-common:cidr2netmask:2190       :   local 'maskpat=255 255 255 255'
+++++ functions-common:cidr2netmask:2191       :   local 'maskdgt=254 252 248 240 224 192 128'
+++++ functions-common:cidr2netmask:2192       :   set -- 255 255 255
+++++ functions-common:cidr2netmask:2193       :   echo 255.255.255.0
++++ functions-common:address_in_net:2174     :   maskip 172.21.16.48 255.255.255.0
++++ functions-common:maskip:2252             :   local ip=172.21.16.48
++++ functions-common:maskip:2253             :   local mask=255.255.255.0
++++ functions-common:maskip:2254             :   local l=172.21.16
++++ functions-common:maskip:2254             :   local r=21.16.48
++++ functions-common:maskip:2254             :   local n=255.255.255
++++ functions-common:maskip:2254             :   local m=255.255.0
++++ functions-common:maskip:2255             :   local subnet
++++ functions-common:maskip:2256             :   subnet=172.21.16.0
++++ functions-common:maskip:2257             :   echo 172.21.16.0
+++ functions-common:address_in_net:2174     :   subnet=172.21.16.0
+++ functions-common:address_in_net:2175     :   [[ 172.24.4.0 == 172.21.16.0 ]]
+++ functions-common:get_default_host_ip:778 :   host_ip=172.21.16.48
+++ functions-common:get_default_host_ip:779 :   break
+++ functions-common:get_default_host_ip:783 :   echo 172.21.16.48
++ stackrc:source:818                       :   HOST_IP=172.21.16.48
++ stackrc:source:819                       :   '[' 172.21.16.48 == '' ']'
+++ stackrc:source:823                       :   get_default_host_ip '' '' '' '' inet6
+++ functions-common:get_default_host_ip:752 :   local fixed_range=
+++ functions-common:get_default_host_ip:753 :   local floating_range=
+++ functions-common:get_default_host_ip:754 :   local host_ip_iface=
+++ functions-common:get_default_host_ip:755 :   local host_ip=
+++ functions-common:get_default_host_ip:756 :   local af=inet6
+++ functions-common:get_default_host_ip:759 :   '[' -z '' -o '' == dhcp ']'
+++ functions-common:get_default_host_ip:760 :   host_ip=
++++ functions-common:get_default_host_ip:762 :   ip -f inet6 route list match default table all
++++ functions-common:get_default_host_ip:762 :   grep via
++++ functions-common:get_default_host_ip:762 :   head -1
++++ functions-common:get_default_host_ip:762 :   awk '/default/ {print $5}'
+++ functions-common:get_default_host_ip:762 :   host_ip_iface=
+++ functions-common:get_default_host_ip:763 :   local host_ips
++++ functions-common:get_default_host_ip:764 :   LC_ALL=C
++++ functions-common:get_default_host_ip:764 :   sed /temporary/d
++++ functions-common:get_default_host_ip:764 :   awk '/inet6/ {split($2,parts,"/");  print parts[1]}'
++++ functions-common:get_default_host_ip:764 :   ip -f inet6 addr show
+++ functions-common:get_default_host_ip:764 :   host_ips='::1
fe80::2a7b:9ff:fec2:713c
fe80::2a7b:9ff:fec2:713d
fe80::e07a:1bff:fe0d:93e7
fe80::f488:d1ff:feae:455d'
+++ functions-common:get_default_host_ip:765 :   local ip
+++ functions-common:get_default_host_ip:766 :   for ip in $host_ips
+++ functions-common:get_default_host_ip:773 :   [[ inet6 == \i\n\e\t\6 ]]
+++ functions-common:get_default_host_ip:774 :   host_ip=::1
+++ functions-common:get_default_host_ip:775 :   break
+++ functions-common:get_default_host_ip:783 :   echo ::1
++ stackrc:source:823                       :   HOST_IPV6=::1
+++ stackrc:source:826                       :   trueorfalse True NEUTRON_PORT_SECURITY
+++ functions-common:trueorfalse:222         :   local xtrace
++++ functions-common:trueorfalse:223         :   set +o
++++ functions-common:trueorfalse:223         :   grep xtrace
+++ functions-common:trueorfalse:223         :   xtrace='set -o xtrace'
+++ functions-common:trueorfalse:224         :   set +o xtrace
++ stackrc:source:826                       :   NEUTRON_PORT_SECURITY=True
++ stackrc:source:831                       :   SERVICE_IP_VERSION=4
++ stackrc:source:837                       :   [[ 4 != \4 ]]
++ stackrc:source:841                       :   [[ 4 == 4 ]]
++ stackrc:source:842                       :   DEF_SERVICE_HOST=172.21.16.48
++ stackrc:source:843                       :   DEF_SERVICE_LOCAL_HOST=127.0.0.1
++ stackrc:source:844                       :   DEF_SERVICE_LISTEN_ADDRESS=0.0.0.0
++ stackrc:source:847                       :   [[ 4 == 6 ]]
++ stackrc:source:858                       :   SERVICE_LISTEN_ADDRESS=0.0.0.0
++ stackrc:source:862                       :   SERVICE_HOST=172.21.16.48
++ stackrc:source:864                       :   SERVICE_LOCAL_HOST=127.0.0.1
++ stackrc:source:868                       :   TUNNEL_IP_VERSION=4
++ stackrc:source:871                       :   [[ 4 != \4 ]]
++ stackrc:source:875                       :   [[ 4 == 4 ]]
++ stackrc:source:876                       :   DEF_TUNNEL_ENDPOINT_IP=172.21.16.48
++ stackrc:source:879                       :   [[ 4 == 6 ]]
++ stackrc:source:890                       :   TUNNEL_ENDPOINT_IP=172.21.16.48
+++ stackrc:source:893                       :   trueorfalse False SYSLOG
+++ functions-common:trueorfalse:222         :   local xtrace
++++ functions-common:trueorfalse:223         :   set +o
++++ functions-common:trueorfalse:223         :   grep xtrace
+++ functions-common:trueorfalse:223         :   xtrace='set -o xtrace'
+++ functions-common:trueorfalse:224         :   set +o xtrace
++ stackrc:source:893                       :   SYSLOG=False
++ stackrc:source:894                       :   SYSLOG_HOST=172.21.16.48
++ stackrc:source:895                       :   SYSLOG_PORT=516
++ stackrc:source:899                       :   GIT_DEPTH=0
+++ stackrc:source:903                       :   trueorfalse True RECREATE_KEYSTONE_DB
+++ functions-common:trueorfalse:222         :   local xtrace
++++ functions-common:trueorfalse:223         :   set +o
++++ functions-common:trueorfalse:223         :   grep xtrace
+++ functions-common:trueorfalse:223         :   xtrace='set -o xtrace'
+++ functions-common:trueorfalse:224         :   set +o xtrace
++ stackrc:source:903                       :   RECREATE_KEYSTONE_DB=True
++ stackrc:source:915                       :   [[ -z '' ]]
++ stackrc:source:916                       :   default_logdir=/opt/stack/logs
++ stackrc:source:917                       :   [[ -z /opt/stack/logs/stack.sh.log ]]
++ stackrc:source:922                       :   LOGDIR=/opt/stack/logs
++ stackrc:source:923                       :   logfile=stack.sh.log
++ stackrc:source:924                       :   [[ -z /opt/stack/logs ]]
++ stackrc:source:924                       :   [[ /opt/stack/logs == \s\t\a\c\k\.\s\h\.\l\o\g ]]
++ stackrc:source:929                       :   unset default_logdir logfile
++ stackrc:source:935                       :   ULIMIT_NOFILE=2048
+ ./stack.sh:main:228                      :   write_devstack_version
+ functions:write_devstack_version:876     :   cat -
+ functions:write_devstack_version:876     :   sudo tee /etc/devstack-version
++ functions:write_devstack_version:876     :   git log '--format=%H %s %ci' -1
+ ./stack.sh:main:232                      :   SUPPORTED_DISTROS='trixie|bookworm|noble|rhel9|rhel10'
+ ./stack.sh:main:234                      :   [[ ! noble =~ trixie|bookworm|noble|rhel9|rhel10 ]]
+ ./stack.sh:main:245                      :   export_proxy_variables
+ functions-common:export_proxy_variables:2230 :   isset http_proxy
+ functions-common:isset:264               :   [[ -v http_proxy ]]
+ functions-common:export_proxy_variables:2233 :   isset https_proxy
+ functions-common:isset:264               :   [[ -v https_proxy ]]
+ functions-common:export_proxy_variables:2236 :   isset no_proxy
+ functions-common:isset:264               :   [[ -v no_proxy ]]
+ ./stack.sh:main:250                      :   disable_negated_services
+ functions-common:disable_negated_services:1935 :   local xtrace
++ functions-common:disable_negated_services:1936 :   set +o
++ functions-common:disable_negated_services:1936 :   grep xtrace
+ functions-common:disable_negated_services:1936 :   xtrace='set -o xtrace'
+ functions-common:disable_negated_services:1937 :   set +o xtrace
+ ./stack.sh:main:257                      :   is_package_installed sudo
+ functions-common:is_package_installed:1439 :   [[ -z sudo ]]
+ functions-common:is_package_installed:1443 :   [[ -z deb ]]
+ functions-common:is_package_installed:1447 :   [[ deb = \d\e\b ]]
+ functions-common:is_package_installed:1448 :   dpkg -s sudo
+ ./stack.sh:main:260                      :   sudo grep -q '^#includedir.*/etc/sudoers.d' /etc/sudoers
+ ./stack.sh:main:264                      :   [[ -n '' ]]
++ ./stack.sh:main:273                      :   mktemp
+ ./stack.sh:main:273                      :   TEMPFILE=/tmp/tmp.EY1akDZ5Zt
+ ./stack.sh:main:274                      :   echo 'slave ALL=(root) NOPASSWD:ALL'
+ ./stack.sh:main:277                      :   echo 'Defaults:slave secure_path=/sbin:/usr/sbin:/usr/bin:/bin:/usr/local/sbin:/usr/local/bin'
+ ./stack.sh:main:278                      :   echo 'Defaults:slave !requiretty'
+ ./stack.sh:main:279                      :   chmod 0440 /tmp/tmp.EY1akDZ5Zt
+ ./stack.sh:main:280                      :   sudo chown root:root /tmp/tmp.EY1akDZ5Zt
+ ./stack.sh:main:281                      :   sudo mv /tmp/tmp.EY1akDZ5Zt /etc/sudoers.d/50_stack_sh
+ ./stack.sh:main:287                      :   is_ubuntu
+ functions-common:is_ubuntu:544           :   [[ -z deb ]]
+ functions-common:is_ubuntu:547           :   '[' deb = deb ']'
+ ./stack.sh:main:288                      :   echo 'APT::Acquire::Retries "20";'
+ ./stack.sh:main:288                      :   sudo tee /etc/apt/apt.conf.d/80retry
+ ./stack.sh:main:326                      :   DEST=/opt/stack
+ ./stack.sh:main:331                      :   [[ ! -d /opt/stack ]]
+ ./stack.sh:main:338                      :   [[ -n /opt/stack/logs ]]
+ ./stack.sh:main:339                      :   sudo mkdir -p /opt/stack/logs
+ ./stack.sh:main:340                      :   safe_chown -R slave /opt/stack/logs
+ functions-common:safe_chown:2313         :   _safe_permission_operation chown -R slave /opt/stack/logs
+ functions-common:_safe_permission_operation:2138 :   local xtrace
++ functions-common:_safe_permission_operation:2139 :   set +o
++ functions-common:_safe_permission_operation:2139 :   grep xtrace
+ functions-common:_safe_permission_operation:2139 :   xtrace='set -o xtrace'
+ functions-common:_safe_permission_operation:2140 :   set +o xtrace
+ functions-common:_safe_permission_operation:2161 :   sudo chown -R slave /opt/stack/logs
+ ./stack.sh:main:341                      :   safe_chmod 0755 /opt/stack/logs
+ functions-common:safe_chmod:2307         :   _safe_permission_operation chmod 0755 /opt/stack/logs
+ functions-common:_safe_permission_operation:2138 :   local xtrace
++ functions-common:_safe_permission_operation:2139 :   set +o
++ functions-common:_safe_permission_operation:2139 :   grep xtrace
+ functions-common:_safe_permission_operation:2139 :   xtrace='set -o xtrace'
+ functions-common:_safe_permission_operation:2140 :   set +o xtrace
+ functions-common:_safe_permission_operation:2161 :   sudo chmod 0755 /opt/stack/logs
+ ./stack.sh:main:345                      :   DATA_DIR=/opt/stack/data
+ ./stack.sh:main:346                      :   [[ ! -d /opt/stack/data ]]
+ ./stack.sh:main:347                      :   sudo mkdir -p /opt/stack/data
+ ./stack.sh:main:348                      :   safe_chown -R slave /opt/stack/data
+ functions-common:safe_chown:2313         :   _safe_permission_operation chown -R slave /opt/stack/data
+ functions-common:_safe_permission_operation:2138 :   local xtrace
++ functions-common:_safe_permission_operation:2139 :   set +o
++ functions-common:_safe_permission_operation:2139 :   grep xtrace
+ functions-common:_safe_permission_operation:2139 :   xtrace='set -o xtrace'
+ functions-common:_safe_permission_operation:2140 :   set +o xtrace
+ functions-common:_safe_permission_operation:2161 :   sudo chown -R slave /opt/stack/data
+ ./stack.sh:main:349                      :   safe_chmod 0755 /opt/stack/data
+ functions-common:safe_chmod:2307         :   _safe_permission_operation chmod 0755 /opt/stack/data
+ functions-common:_safe_permission_operation:2138 :   local xtrace
++ functions-common:_safe_permission_operation:2139 :   set +o
++ functions-common:_safe_permission_operation:2139 :   grep xtrace
+ functions-common:_safe_permission_operation:2139 :   xtrace='set -o xtrace'
+ functions-common:_safe_permission_operation:2140 :   set +o xtrace
+ functions-common:_safe_permission_operation:2161 :   sudo chmod 0755 /opt/stack/data
+ ./stack.sh:main:353                      :   async_init
+ inc/async:async_init:217                 :   local async_dir=/opt/stack/async
+ inc/async:async_init:220                 :   rm -Rf /opt/stack/async
+ inc/async:async_init:223                 :   mkdir -p /opt/stack/async
++ ./stack.sh:main:358                      :   hostname -s
+ ./stack.sh:main:358                      :   LOCAL_HOSTNAME=zteusr
+ ./stack.sh:main:359                      :   grep -Fqwe zteusr /etc/hosts
++ ./stack.sh:main:366                      :   trueorfalse False SKIP_EPEL_INSTALL
++ functions-common:trueorfalse:222         :   local xtrace
+++ functions-common:trueorfalse:223         :   set +o
+++ functions-common:trueorfalse:223         :   grep xtrace
++ functions-common:trueorfalse:223         :   xtrace='set -o xtrace'
++ functions-common:trueorfalse:224         :   set +o xtrace
+ ./stack.sh:main:366                      :   SKIP_EPEL_INSTALL=False
+ ./stack.sh:main:368                      :   [[ noble == \r\h\e\l\9 ]]
+ ./stack.sh:main:382                      :   [[ noble == \r\h\e\l\1\0 ]]
+ ./stack.sh:main:387                      :   [[ noble == \o\p\e\n\E\u\l\e\r\-\2\2\.\0\3 ]]
+ ./stack.sh:main:404                      :   install_python
+ inc/python:install_python:482            :   install_python3
+ inc/python:install_python3:488           :   is_ubuntu
+ functions-common:is_ubuntu:544           :   [[ -z deb ]]
+ functions-common:is_ubuntu:547           :   '[' deb = deb ']'
+ inc/python:install_python3:489           :   apt_get install python3.12 python3.12-dev
+ functions-common:apt_get:1186            :   local xtrace result
++ functions-common:apt_get:1187            :   set +o
++ functions-common:apt_get:1187            :   grep xtrace
+ functions-common:apt_get:1187            :   xtrace='set -o xtrace'
+ functions-common:apt_get:1188            :   set +o xtrace
+ functions-common:apt_get:1199            :   sudo DEBIAN_FRONTEND=noninteractive http_proxy= https_proxy= no_proxy= apt-get --option Dpkg::Options::=--force-confold --assume-yes install python3.12 python3.12-dev
Reading package lists...
Building dependency tree...
Reading state information...
python3.12 is already the newest version (3.12.3-1ubuntu0.12).
python3.12-dev is already the newest version (3.12.3-1ubuntu0.12).
The following packages were automatically installed and are no longer required:
  alembic keystone-common libcgi-fast-perl libcgi-pm-perl libclone-perl
  libencode-locale-perl libevent-pthreads-2.1-7t64 libfcgi-bin libfcgi-perl
  libfcgi0t64 libhtml-parser-perl libhtml-tagset-perl libhtml-template-perl
  libhttp-date-perl libhttp-message-perl libio-html-perl
  liblwp-mediatypes-perl libmecab2 libprotobuf-lite32t64 libtimedate-perl
  liburi-perl mecab-ipadic mecab-ipadic-utf8 mecab-utils pycadf-common
  python3-alembic python3-amqp python3-aniso8601 python3-asgiref python3-bs4
  python3-cssselect python3-debtcollector python3-decorator python3-defusedxml
  python3-dnspython python3-dogpile.cache python3-elementpath python3-eventlet
  python3-fasteners python3-flask python3-flask-restful python3-futurist
  python3-greenlet python3-html5lib python3-iso8601 python3-itsdangerous
  python3-keystoneauth1 python3-keystoneclient python3-keystonemiddleware
  python3-kombu python3-ldap python3-lxml python3-mako python3-memcache
  python3-migrate python3-monotonic python3-msgpack python3-os-service-types
  python3-oslo.cache python3-oslo.concurrency python3-oslo.config
  python3-oslo.context python3-oslo.db python3-oslo.i18n python3-oslo.log
  python3-oslo.metrics python3-oslo.middleware python3-oslo.policy
  python3-oslo.serialization python3-oslo.upgradecheck python3-oslo.utils
  python3-osprofiler python3-passlib python3-paste python3-pastedeploy
  python3-pastedeploy-tpl python3-pastescript python3-prometheus-client
  python3-pyasyncore python3-pycadf python3-pyinotify python3-pymysql
  python3-pysaml2 python3-repoze.lru python3-rfc3986 python3-routes
  python3-scrypt python3-simplejson python3-soupsieve python3-sqlalchemy
  python3-sqlalchemy-ext python3-sqlparse python3-statsd python3-tempita
  python3-tenacity python3-testscenarios python3-vine python3-webencodings
  python3-webob python3-werkzeug python3-wrapt python3-xmlschema xmlsec1
Use 'sudo apt autoremove' to remove them.
0 upgraded, 0 newly installed, 0 to remove and 108 not upgraded.
+ functions-common:apt_get:1203            :   result=0
+ functions-common:apt_get:1206            :   time_stop apt-get
+ functions-common:time_stop:2412          :   local name
+ functions-common:time_stop:2413          :   local end_time
+ functions-common:time_stop:2414          :   local elapsed_time
+ functions-common:time_stop:2415          :   local total
+ functions-common:time_stop:2416          :   local start_time
+ functions-common:time_stop:2418          :   name=apt-get
+ functions-common:time_stop:2419          :   start_time=1776329474814
+ functions-common:time_stop:2421          :   [[ -z 1776329474814 ]]
++ functions-common:time_stop:2424          :   date +%s%3N
+ functions-common:time_stop:2424          :   end_time=1776329475422
+ functions-common:time_stop:2425          :   elapsed_time=608
+ functions-common:time_stop:2426          :   total=0
+ functions-common:time_stop:2428          :   _TIME_START[$name]=
+ functions-common:time_stop:2429          :   _TIME_TOTAL[$name]=608
+ functions-common:apt_get:1207            :   return 0
++ inc/python:install_python:483            :   which python3.12
+ inc/python:install_python:483            :   export PYTHON=/usr/bin/python3.12
+ inc/python:install_python:483            :   PYTHON=/usr/bin/python3.12
++ ./stack.sh:main:411                      :   trueorfalse True VERBOSE
++ functions-common:trueorfalse:222         :   local xtrace
+++ functions-common:trueorfalse:223         :   set +o
+++ functions-common:trueorfalse:223         :   grep xtrace
++ functions-common:trueorfalse:223         :   xtrace='set -o xtrace'
++ functions-common:trueorfalse:224         :   set +o xtrace
+ ./stack.sh:main:411                      :   VERBOSE=True
++ ./stack.sh:main:412                      :   trueorfalse False VERBOSE
++ functions-common:trueorfalse:222         :   local xtrace
+++ functions-common:trueorfalse:223         :   set +o
+++ functions-common:trueorfalse:223         :   grep xtrace
++ functions-common:trueorfalse:223         :   xtrace='set -o xtrace'
++ functions-common:trueorfalse:224         :   set +o xtrace
+ ./stack.sh:main:412                      :   VERBOSE_NO_TIMESTAMP=True
+ ./stack.sh:main:458                      :   TIMESTAMP_FORMAT=%F-%H%M%S
+ ./stack.sh:main:459                      :   LOGDAYS=2
++ ./stack.sh:main:460                      :   date +%F-%H%M%S
+ ./stack.sh:main:460                      :   CURRENT_LOG_TIME=2026-04-16-165115
+ ./stack.sh:main:462                      :   [[ -n /opt/stack/logs/stack.sh.log ]]
+ ./stack.sh:main:465                      :   LOGFILE_DIR=/opt/stack/logs
+ ./stack.sh:main:466                      :   LOGFILE_NAME=stack.sh.log
+ ./stack.sh:main:467                      :   mkdir -p /opt/stack/logs
+ ./stack.sh:main:468                      :   find /opt/stack/logs -maxdepth 1 -name 'stack.sh.log.*' -mtime +2 -exec rm '{}' ';'
+ ./stack.sh:main:469                      :   LOGFILE=/opt/stack/logs/stack.sh.log.2026-04-16-165115
+ ./stack.sh:main:470                      :   SUMFILE=/opt/stack/logs/stack.sh.log.2026-04-16-165115.summary.2026-04-16-165115
+ ./stack.sh:main:476                      :   exec
+ ./stack.sh:main:477                      :   [[ True == \T\r\u\e ]]
+ ./stack.sh:main:478                      :   _of_args=-v
+ ./stack.sh:main:479                      :   [[ True == \T\r\u\e ]]
+ ./stack.sh:main:480                      :   _of_args='-v --no-timestamp'
+ ./stack.sh:main:483                      :   exec
++ ./stack.sh:main:483                      :   /usr/bin/python3.12 /home/slave/devstack/tools/outfilter.py -v --no-timestamp -o /opt/stack/logs/stack.sh.log.2026-04-16-165115
+ ./stack.sh:main:485                      :   exec
+ ./stack.sh:main:493                      :   echo_summary 'stack.sh log /opt/stack/logs/stack.sh.log.2026-04-16-165115'
++ ./stack.sh:main:485                      :   /usr/bin/python3.12 /home/slave/devstack/tools/outfilter.py -o /opt/stack/logs/stack.sh.log.2026-04-16-165115.summary.2026-04-16-165115
+ ./stack.sh:echo_summary:438              :   [[ -t 3 ]]
+ ./stack.sh:echo_summary:444              :   echo -e stack.sh log /opt/stack/logs/stack.sh.log.2026-04-16-165115
+ ./stack.sh:main:495                      :   ln -sf /opt/stack/logs/stack.sh.log.2026-04-16-165115 /opt/stack/logs/stack.sh.log
+ ./stack.sh:main:496                      :   ln -sf /opt/stack/logs/stack.sh.log.2026-04-16-165115.summary.2026-04-16-165115 /opt/stack/logs/stack.sh.log.summary
+ ./stack.sh:main:511                      :   check_path_perm_sanity /opt/stack
+ functions:check_path_perm_sanity:615     :   local real_path
++ functions:check_path_perm_sanity:616     :   readlink -f /opt/stack
+ functions:check_path_perm_sanity:616     :   real_path=/opt/stack
+ functions:check_path_perm_sanity:617     :   local rebuilt_path=
++ functions:check_path_perm_sanity:618     :   echo /opt/stack
++ functions:check_path_perm_sanity:618     :   tr / ' '
+ functions:check_path_perm_sanity:618     :   for i in $(echo ${real_path} | tr "/" " ")
+ functions:check_path_perm_sanity:619     :   rebuilt_path=/opt
++ functions:check_path_perm_sanity:621     :   stat -c %a /opt
+ functions:check_path_perm_sanity:621     :   [[ 755 = 700 ]]
+ functions:check_path_perm_sanity:618     :   for i in $(echo ${real_path} | tr "/" " ")
+ functions:check_path_perm_sanity:619     :   rebuilt_path=/opt/stack
++ functions:check_path_perm_sanity:621     :   stat -c %a /opt/stack
+ functions:check_path_perm_sanity:621     :   [[ 755 = 700 ]]
+ ./stack.sh:main:517                      :   trap exit_trap EXIT
+ ./stack.sh:main:558                      :   trap err_trap ERR
+ ./stack.sh:main:571                      :   set -o errexit
+ ./stack.sh:main:574                      :   uname -a
Linux zteusr 6.8.0-107-generic #107-Ubuntu SMP PREEMPT_DYNAMIC Fri Mar 13 19:51:50 UTC 2026 x86_64 x86_64 x86_64 GNU/Linux
+ ./stack.sh:main:577                      :   SSL_BUNDLE_FILE=/opt/stack/data/ca-bundle.pem
+ ./stack.sh:main:578                      :   rm -f /opt/stack/data/ca-bundle.pem
+ ./stack.sh:main:581                      :   source /home/slave/devstack/lib/database
+ ./stack.sh:main:582                      :   source /home/slave/devstack/lib/rpc_backend
+ ./stack.sh:main:585                      :   source /home/slave/devstack/lib/host
+++ lib/host:source:12                       :   trueorfalse True ENABLE_KSM
++ lib/host:source:12                       :   ENABLE_KSM=True
+++ lib/host:source:13                       :   trueorfalse True ENABLE_KSMTUNED
++ lib/host:source:13                       :   ENABLE_KSMTUNED=True
+++ lib/host:source:34                       :   trueorfalse False ENABLE_ZSWAP
++ lib/host:source:34                       :   ENABLE_ZSWAP=False
++ lib/host:source:37                       :   ZSWAP_COMPRESSOR=lz4
++ lib/host:source:38                       :   ZSWAP_ZPOOL=zsmalloc
+++ lib/host:source:53                       :   trueorfalse False ENABLE_SYSCTL_MEM_TUNING
++ lib/host:source:53                       :   ENABLE_SYSCTL_MEM_TUNING=False
+++ lib/host:source:75                       :   trueorfalse False ENABLE_SYSCTL_NET_TUNING
++ lib/host:source:75                       :   ENABLE_SYSCTL_NET_TUNING=False
+ ./stack.sh:main:588                      :   tune_host
+ lib/host:tune_host:96                    :   configure_host_mem
+ lib/host:configure_host_mem:70           :   configure_zswap
+ lib/host:configure_zswap:40              :   [[ False == \T\r\u\e ]]
+ lib/host:configure_host_mem:71           :   configure_ksm
+ lib/host:configure_ksm:15                :   [[ True == \T\r\u\e ]]
+ lib/host:configure_ksm:16                :   install_package ksmtuned
+ functions-common:install_package:1430    :   update_package_repo
+ functions-common:update_package_repo:1404 :   NO_UPDATE_REPOS=False
+ functions-common:update_package_repo:1405 :   REPOS_UPDATED=False
+ functions-common:update_package_repo:1406 :   RETRY_UPDATE=False
+ functions-common:update_package_repo:1408 :   [[ False = \T\r\u\e ]]
+ functions-common:update_package_repo:1412 :   is_ubuntu
+ functions-common:is_ubuntu:544           :   [[ -z deb ]]
+ functions-common:is_ubuntu:547           :   '[' deb = deb ']'
+ functions-common:update_package_repo:1413 :   apt_get_update
+ functions-common:apt_get_update:1158     :   [[ False == \T\r\u\e ]]
+ functions-common:apt_get_update:1163     :   [[ False = \T\r\u\e ]]
+ functions-common:apt_get_update:1165     :   local sudo=sudo
++ functions-common:apt_get_update:1166     :   id -u
+ functions-common:apt_get_update:1166     :   [[ 1001 = \0 ]]
+ functions-common:apt_get_update:1169     :   time_start apt-get-update
+ functions-common:time_start:2398         :   local name=apt-get-update
+ functions-common:time_start:2399         :   local start_time=
+ functions-common:time_start:2400         :   [[ -n '' ]]
++ functions-common:time_start:2403         :   date +%s%3N
+ functions-common:time_start:2403         :   _TIME_START[$name]=1776329475706
+ functions-common:apt_get_update:1171     :   local 'proxies=http_proxy= https_proxy= no_proxy= '
+ functions-common:apt_get_update:1172     :   local 'update_cmd=sudo http_proxy= https_proxy= no_proxy=  apt-get update'
+ functions-common:apt_get_update:1173     :   timeout 300 sh -c 'while ! sudo http_proxy= https_proxy= no_proxy=  apt-get update; do sleep 30; done'
Get:1 http://security.ubuntu.com/ubuntu noble-security InRelease [126 kB]
Hit:2 http://archive.ubuntu.com/ubuntu noble InRelease
Get:3 http://security.ubuntu.com/ubuntu noble-security/main amd64 Packages [1,603 kB]
Get:4 http://archive.ubuntu.com/ubuntu noble-updates InRelease [126 kB]
Get:5 http://archive.ubuntu.com/ubuntu noble-backports InRelease [126 kB]
Get:6 http://security.ubuntu.com/ubuntu noble-security/main Translation-en [257 kB]
Get:7 http://archive.ubuntu.com/ubuntu noble-updates/main amd64 Packages [1,901 kB]
Get:8 http://archive.ubuntu.com/ubuntu noble-updates/main Translation-en [345 kB]
Get:9 http://security.ubuntu.com/ubuntu noble-security/main amd64 Components [21.5 kB]
Get:10 http://archive.ubuntu.com/ubuntu noble-updates/main amd64 Components [177 kB]
Get:11 http://security.ubuntu.com/ubuntu noble-security/main amd64 c-n-f Metadata [10.8 kB]
Get:12 http://security.ubuntu.com/ubuntu noble-security/restricted amd64 Packages [2,810 kB]
Get:13 http://security.ubuntu.com/ubuntu noble-security/restricted Translation-en [654 kB]
Get:14 http://security.ubuntu.com/ubuntu noble-security/restricted amd64 Components [212 B]
Get:15 http://security.ubuntu.com/ubuntu noble-security/universe amd64 Packages [1,169 kB]
Ign:16 http://archive.ubuntu.com/ubuntu noble-updates/main amd64 c-n-f Metadata
Get:17 http://archive.ubuntu.com/ubuntu noble-updates/restricted amd64 Packages [2,957 kB]
Get:18 http://security.ubuntu.com/ubuntu noble-security/universe Translation-en [225 kB]
Get:19 http://security.ubuntu.com/ubuntu noble-security/universe amd64 Components [74.1 kB]
Get:20 http://security.ubuntu.com/ubuntu noble-security/universe amd64 c-n-f Metadata [22.9 kB]
Get:21 http://security.ubuntu.com/ubuntu noble-security/multiverse Translation-en [7,204 B]
Ign:17 http://archive.ubuntu.com/ubuntu noble-updates/restricted amd64 Packages
Get:22 http://archive.ubuntu.com/ubuntu noble-updates/restricted Translation-en [689 kB]
Get:23 http://archive.ubuntu.com/ubuntu noble-updates/restricted amd64 Components [212 B]
Get:24 http://security.ubuntu.com/ubuntu noble-security/multiverse amd64 Components [208 B]
Get:25 http://archive.ubuntu.com/ubuntu noble-updates/universe amd64 Packages [1,666 kB]
Get:26 http://archive.ubuntu.com/ubuntu noble-updates/universe Translation-en [323 kB]
Get:27 http://archive.ubuntu.com/ubuntu noble-updates/universe amd64 Components [386 kB]
Get:28 http://archive.ubuntu.com/ubuntu noble-updates/universe amd64 c-n-f Metadata [34.3 kB]
Get:29 http://archive.ubuntu.com/ubuntu noble-updates/multiverse amd64 Packages [32.5 kB]
Get:30 http://archive.ubuntu.com/ubuntu noble-updates/multiverse Translation-en [8,208 B]
Get:31 http://archive.ubuntu.com/ubuntu noble-updates/multiverse amd64 Components [940 B]
+ functions-common:apt_get_update:1174     :   die 1174 'Failed to update apt repos, we'\''re dead now'
+ functions-common:die:288                 :   local exitcode=0
[Call Trace]
./stack.sh:588:tune_host
/home/slave/devstack/lib/host:96:configure_host_mem
/home/slave/devstack/lib/host:71:configure_ksm
/home/slave/devstack/lib/host:16:install_package
/home/slave/devstack/functions-common:1430:update_package_repo
/home/slave/devstack/functions-common:1413:apt_get_update
/home/slave/devstack/functions-common:1174:die
[ERROR] /home/slave/devstack/functions-common:1174 Failed to update apt repos, we're dead now
Error on exit
ovs-vsctl: unix:/var/run/openvswitch/db.sock: database connection failed (No such file or directory)
ovs-vsctl: unix:/var/run/openvswitch/db.sock: database connection failed (No such file or directory)
