+ ./unstack.sh:main:103                    :   run_phase unstack
+ functions-common:run_phase:1840          :   local mode=unstack
+ functions-common:run_phase:1841          :   local phase=
+ functions-common:run_phase:1842          :   [[ -d /home/slave/devstack/extras.d ]]
+ functions-common:run_phase:1843          :   local extra_plugin_file_name
+ functions-common:run_phase:1844          :   for extra_plugin_file_name in $TOP_DIR/extras.d/*.sh
+ functions-common:run_phase:1849          :   local exceptions=80-tempest.sh
+ functions-common:run_phase:1850          :   local extra
++ functions-common:run_phase:1851          :   basename /home/slave/devstack/extras.d/80-tempest.sh
+ functions-common:run_phase:1851          :   extra=80-tempest.sh
+ functions-common:run_phase:1852          :   [[ 80-tempest.sh =~ 80-tempest\.sh ]]
+ functions-common:run_phase:1856          :   [[ -r /home/slave/devstack/extras.d/80-tempest.sh ]]
+ functions-common:run_phase:1856          :   source /home/slave/devstack/extras.d/80-tempest.sh unstack
++ extras.d/80-tempest.sh:source:3          :   is_service_enabled tempest
++ functions-common:is_service_enabled:2039 :   local xtrace
+++ functions-common:is_service_enabled:2040 :   set +o
+++ functions-common:is_service_enabled:2040 :   grep xtrace
++ functions-common:is_service_enabled:2040 :   xtrace='set -o xtrace'
++ functions-common:is_service_enabled:2041 :   set +o xtrace
++ functions-common:is_service_enabled:2068 :   return 0
++ extras.d/80-tempest.sh:source:4          :   [[ unstack == \s\o\u\r\c\e ]]
++ extras.d/80-tempest.sh:source:7          :   [[ unstack == \s\t\a\c\k ]]
++ extras.d/80-tempest.sh:source:10         :   [[ unstack == \s\t\a\c\k ]]
++ extras.d/80-tempest.sh:source:13         :   [[ unstack == \s\t\a\c\k ]]
++ extras.d/80-tempest.sh:source:16         :   [[ unstack == \s\t\a\c\k ]]
++ extras.d/80-tempest.sh:source:19         :   [[ unstack == \s\t\a\c\k ]]
++ extras.d/80-tempest.sh:source:27         :   [[ unstack == \u\n\s\t\a\c\k ]]
++ extras.d/80-tempest.sh:source:29         :   :
++ extras.d/80-tempest.sh:source:32         :   [[ unstack == \c\l\e\a\n ]]
+ functions-common:run_phase:1861          :   [[ unstack == \s\o\u\r\c\e ]]
+ functions-common:run_phase:1864          :   [[ unstack == \o\v\e\r\r\i\d\e\_\d\e\f\a\u\l\t\s ]]
+ functions-common:run_phase:1867          :   run_plugins unstack
+ functions-common:run_plugins:1826        :   local mode=unstack
+ functions-common:run_plugins:1827        :   local phase=
+ functions-common:run_plugins:1829        :   local plugins=
+ functions-common:run_plugins:1830        :   local plugin
+ ./unstack.sh:main:107                    :   is_service_enabled nova
+ functions-common:is_service_enabled:2039 :   local xtrace
++ functions-common:is_service_enabled:2040 :   set +o
++ functions-common:is_service_enabled:2040 :   grep xtrace
+ functions-common:is_service_enabled:2040 :   xtrace='set -o xtrace'
+ functions-common:is_service_enabled:2041 :   set +o xtrace
+ functions-common:is_service_enabled:2068 :   return 0
+ ./unstack.sh:main:108                    :   stop_nova
+ lib/nova:stop_nova:1240                  :   stop_nova_rest
+ lib/nova:stop_nova_rest:1204             :   for serv in n-api n-api-meta n-sch
+ lib/nova:stop_nova_rest:1205             :   stop_process n-api
+ functions-common:stop_process:1688       :   local service=n-api
+ functions-common:stop_process:1690       :   SERVICE_DIR=/opt/stack/status
+ functions-common:stop_process:1692       :   is_service_enabled n-api
+ functions-common:is_service_enabled:2039 :   local xtrace
++ functions-common:is_service_enabled:2040 :   set +o
++ functions-common:is_service_enabled:2040 :   grep xtrace
+ functions-common:is_service_enabled:2040 :   xtrace='set -o xtrace'
+ functions-common:is_service_enabled:2041 :   set +o xtrace
+ functions-common:is_service_enabled:2068 :   return 0
+ functions-common:stop_process:1696       :   sudo systemctl is-enabled devstack@n-api.service
enabled
+ functions-common:stop_process:1697       :   sudo systemctl stop devstack@n-api.service
+ functions-common:stop_process:1698       :   sudo systemctl disable devstack@n-api.service
Removed "/etc/systemd/system/multi-user.target.wants/devstack@n-api.service".
+ lib/nova:stop_nova_rest:1204             :   for serv in n-api n-api-meta n-sch
+ lib/nova:stop_nova_rest:1205             :   stop_process n-api-meta
+ functions-common:stop_process:1688       :   local service=n-api-meta
+ functions-common:stop_process:1690       :   SERVICE_DIR=/opt/stack/status
+ functions-common:stop_process:1692       :   is_service_enabled n-api-meta
+ functions-common:is_service_enabled:2039 :   local xtrace
++ functions-common:is_service_enabled:2040 :   set +o
++ functions-common:is_service_enabled:2040 :   grep xtrace
+ functions-common:is_service_enabled:2040 :   xtrace='set -o xtrace'
+ functions-common:is_service_enabled:2041 :   set +o xtrace
+ functions-common:is_service_enabled:2068 :   return 0
+ functions-common:stop_process:1696       :   sudo systemctl is-enabled devstack@n-api-meta.service
enabled
+ functions-common:stop_process:1697       :   sudo systemctl stop devstack@n-api-meta.service
+ functions-common:stop_process:1698       :   sudo systemctl disable devstack@n-api-meta.service
Removed "/etc/systemd/system/multi-user.target.wants/devstack@n-api-meta.service".
+ lib/nova:stop_nova_rest:1204             :   for serv in n-api n-api-meta n-sch
+ lib/nova:stop_nova_rest:1205             :   stop_process n-sch
+ functions-common:stop_process:1688       :   local service=n-sch
+ functions-common:stop_process:1690       :   SERVICE_DIR=/opt/stack/status
+ functions-common:stop_process:1692       :   is_service_enabled n-sch
+ functions-common:is_service_enabled:2039 :   local xtrace
++ functions-common:is_service_enabled:2040 :   set +o
++ functions-common:is_service_enabled:2040 :   grep xtrace
+ functions-common:is_service_enabled:2040 :   xtrace='set -o xtrace'
+ functions-common:is_service_enabled:2041 :   set +o xtrace
+ functions-common:is_service_enabled:2068 :   return 0
+ functions-common:stop_process:1696       :   sudo systemctl is-enabled devstack@n-sch.service
enabled
+ functions-common:stop_process:1697       :   sudo systemctl stop devstack@n-sch.service
+ functions-common:stop_process:1698       :   sudo systemctl disable devstack@n-sch.service
Removed "/etc/systemd/system/multi-user.target.wants/devstack@n-sch.service".
+ lib/nova:stop_nova:1241                  :   stop_nova_console_proxies
+ lib/nova:stop_nova_console_proxies:1210  :   [[ superconductor == \s\i\n\g\l\e\c\o\n\d\u\c\t\o\r ]]
+ lib/nova:stop_nova_console_proxies:1215  :   enable_nova_console_proxies
++ lib/nova:enable_nova_console_proxies:1102 :   seq 1 1
+ lib/nova:enable_nova_console_proxies:1102 :   for i in $(seq 1 $NOVA_NUM_CELLS)
+ lib/nova:enable_nova_console_proxies:1103 :   for srv in n-novnc n-spice n-sproxy
+ lib/nova:enable_nova_console_proxies:1104 :   is_service_enabled n-novnc
+ functions-common:is_service_enabled:2039 :   local xtrace
++ functions-common:is_service_enabled:2040 :   set +o
++ functions-common:is_service_enabled:2040 :   grep xtrace
+ functions-common:is_service_enabled:2040 :   xtrace='set -o xtrace'
+ functions-common:is_service_enabled:2041 :   set +o xtrace
+ functions-common:is_service_enabled:2068 :   return 0
+ lib/nova:enable_nova_console_proxies:1105 :   enable_service n-novnc-cell1
+ functions-common:enable_service:1999     :   local xtrace
++ functions-common:enable_service:2000     :   set +o
++ functions-common:enable_service:2000     :   grep xtrace
+ functions-common:enable_service:2000     :   xtrace='set -o xtrace'
+ functions-common:enable_service:2001     :   set +o xtrace
+ lib/nova:enable_nova_console_proxies:1103 :   for srv in n-novnc n-spice n-sproxy
+ lib/nova:enable_nova_console_proxies:1104 :   is_service_enabled n-spice
+ functions-common:is_service_enabled:2039 :   local xtrace
++ functions-common:is_service_enabled:2040 :   set +o
++ functions-common:is_service_enabled:2040 :   grep xtrace
+ functions-common:is_service_enabled:2040 :   xtrace='set -o xtrace'
+ functions-common:is_service_enabled:2041 :   set +o xtrace
+ functions-common:is_service_enabled:2068 :   return 1
+ lib/nova:enable_nova_console_proxies:1103 :   for srv in n-novnc n-spice n-sproxy
+ lib/nova:enable_nova_console_proxies:1104 :   is_service_enabled n-sproxy
+ functions-common:is_service_enabled:2039 :   local xtrace
++ functions-common:is_service_enabled:2040 :   set +o
++ functions-common:is_service_enabled:2040 :   grep xtrace
+ functions-common:is_service_enabled:2040 :   xtrace='set -o xtrace'
+ functions-common:is_service_enabled:2041 :   set +o xtrace
+ functions-common:is_service_enabled:2068 :   return 1
++ lib/nova:stop_nova_console_proxies:1216  :   seq 1 1
+ lib/nova:stop_nova_console_proxies:1216  :   for i in $(seq 1 $NOVA_NUM_CELLS)
+ lib/nova:stop_nova_console_proxies:1217  :   for srv in n-novnc n-spice n-sproxy
+ lib/nova:stop_nova_console_proxies:1218  :   stop_process n-novnc-cell1
+ functions-common:stop_process:1688       :   local service=n-novnc-cell1
+ functions-common:stop_process:1690       :   SERVICE_DIR=/opt/stack/status
+ functions-common:stop_process:1692       :   is_service_enabled n-novnc-cell1
+ functions-common:is_service_enabled:2039 :   local xtrace
++ functions-common:is_service_enabled:2040 :   set +o
++ functions-common:is_service_enabled:2040 :   grep xtrace
+ functions-common:is_service_enabled:2040 :   xtrace='set -o xtrace'
+ functions-common:is_service_enabled:2041 :   set +o xtrace
+ functions-common:is_service_enabled:2068 :   return 0
+ functions-common:stop_process:1696       :   sudo systemctl is-enabled devstack@n-novnc-cell1.service
enabled
+ functions-common:stop_process:1697       :   sudo systemctl stop devstack@n-novnc-cell1.service
+ functions-common:stop_process:1698       :   sudo systemctl disable devstack@n-novnc-cell1.service
Removed "/etc/systemd/system/multi-user.target.wants/devstack@n-novnc-cell1.service".
+ lib/nova:stop_nova_console_proxies:1217  :   for srv in n-novnc n-spice n-sproxy
+ lib/nova:stop_nova_console_proxies:1218  :   stop_process n-spice-cell1
+ functions-common:stop_process:1688       :   local service=n-spice-cell1
+ functions-common:stop_process:1690       :   SERVICE_DIR=/opt/stack/status
+ functions-common:stop_process:1692       :   is_service_enabled n-spice-cell1
+ functions-common:is_service_enabled:2039 :   local xtrace
++ functions-common:is_service_enabled:2040 :   set +o
++ functions-common:is_service_enabled:2040 :   grep xtrace
+ functions-common:is_service_enabled:2040 :   xtrace='set -o xtrace'
+ functions-common:is_service_enabled:2041 :   set +o xtrace
+ functions-common:is_service_enabled:2068 :   return 1
+ lib/nova:stop_nova_console_proxies:1217  :   for srv in n-novnc n-spice n-sproxy
+ lib/nova:stop_nova_console_proxies:1218  :   stop_process n-sproxy-cell1
+ functions-common:stop_process:1688       :   local service=n-sproxy-cell1
+ functions-common:stop_process:1690       :   SERVICE_DIR=/opt/stack/status
+ functions-common:stop_process:1692       :   is_service_enabled n-sproxy-cell1
+ functions-common:is_service_enabled:2039 :   local xtrace
++ functions-common:is_service_enabled:2040 :   set +o
++ functions-common:is_service_enabled:2040 :   grep xtrace
+ functions-common:is_service_enabled:2040 :   xtrace='set -o xtrace'
+ functions-common:is_service_enabled:2041 :   set +o xtrace
+ functions-common:is_service_enabled:2068 :   return 1
+ lib/nova:stop_nova:1242                  :   stop_nova_conductor
+ lib/nova:stop_nova_conductor:1225        :   [[ superconductor == \s\i\n\g\l\e\c\o\n\d\u\c\t\o\r ]]
+ lib/nova:stop_nova_conductor:1230        :   enable_nova_fleet
+ lib/nova:enable_nova_fleet:1138          :   is_service_enabled n-cond
+ functions-common:is_service_enabled:2039 :   local xtrace
++ functions-common:is_service_enabled:2040 :   set +o
++ functions-common:is_service_enabled:2040 :   grep xtrace
+ functions-common:is_service_enabled:2040 :   xtrace='set -o xtrace'
+ functions-common:is_service_enabled:2041 :   set +o xtrace
+ functions-common:is_service_enabled:2068 :   return 0
+ lib/nova:enable_nova_fleet:1139          :   enable_service n-super-cond
+ functions-common:enable_service:1999     :   local xtrace
++ functions-common:enable_service:2000     :   set +o
++ functions-common:enable_service:2000     :   grep xtrace
+ functions-common:enable_service:2000     :   xtrace='set -o xtrace'
+ functions-common:enable_service:2001     :   set +o xtrace
++ lib/nova:enable_nova_fleet:1140          :   seq 1 1
+ lib/nova:enable_nova_fleet:1140          :   for i in $(seq 1 $NOVA_NUM_CELLS)
+ lib/nova:enable_nova_fleet:1141          :   enable_service n-cond-cell1
+ functions-common:enable_service:1999     :   local xtrace
++ functions-common:enable_service:2000     :   set +o
++ functions-common:enable_service:2000     :   grep xtrace
+ functions-common:enable_service:2000     :   xtrace='set -o xtrace'
+ functions-common:enable_service:2001     :   set +o xtrace
++ lib/nova:stop_nova_conductor:1231        :   seq -f n-cond-cell%0.f 1 1
+ lib/nova:stop_nova_conductor:1231        :   for srv in n-super-cond $(seq -f n-cond-cell%0.f 1 $NOVA_NUM_CELLS)
+ lib/nova:stop_nova_conductor:1232        :   is_service_enabled n-super-cond
+ functions-common:is_service_enabled:2039 :   local xtrace
++ functions-common:is_service_enabled:2040 :   set +o
++ functions-common:is_service_enabled:2040 :   grep xtrace
+ functions-common:is_service_enabled:2040 :   xtrace='set -o xtrace'
+ functions-common:is_service_enabled:2041 :   set +o xtrace
+ functions-common:is_service_enabled:2068 :   return 0
+ lib/nova:stop_nova_conductor:1233        :   stop_process n-super-cond
+ functions-common:stop_process:1688       :   local service=n-super-cond
+ functions-common:stop_process:1690       :   SERVICE_DIR=/opt/stack/status
+ functions-common:stop_process:1692       :   is_service_enabled n-super-cond
+ functions-common:is_service_enabled:2039 :   local xtrace
++ functions-common:is_service_enabled:2040 :   set +o
++ functions-common:is_service_enabled:2040 :   grep xtrace
+ functions-common:is_service_enabled:2040 :   xtrace='set -o xtrace'
+ functions-common:is_service_enabled:2041 :   set +o xtrace
+ functions-common:is_service_enabled:2068 :   return 0
+ functions-common:stop_process:1696       :   sudo systemctl is-enabled devstack@n-super-cond.service
enabled
+ functions-common:stop_process:1697       :   sudo systemctl stop devstack@n-super-cond.service
+ functions-common:stop_process:1698       :   sudo systemctl disable devstack@n-super-cond.service
Removed "/etc/systemd/system/multi-user.target.wants/devstack@n-super-cond.service".
+ lib/nova:stop_nova_conductor:1231        :   for srv in n-super-cond $(seq -f n-cond-cell%0.f 1 $NOVA_NUM_CELLS)
+ lib/nova:stop_nova_conductor:1232        :   is_service_enabled n-cond-cell1
+ functions-common:is_service_enabled:2039 :   local xtrace
++ functions-common:is_service_enabled:2040 :   set +o
++ functions-common:is_service_enabled:2040 :   grep xtrace
+ functions-common:is_service_enabled:2040 :   xtrace='set -o xtrace'
+ functions-common:is_service_enabled:2041 :   set +o xtrace
+ functions-common:is_service_enabled:2068 :   return 0
+ lib/nova:stop_nova_conductor:1233        :   stop_process n-cond-cell1
+ functions-common:stop_process:1688       :   local service=n-cond-cell1
+ functions-common:stop_process:1690       :   SERVICE_DIR=/opt/stack/status
+ functions-common:stop_process:1692       :   is_service_enabled n-cond-cell1
+ functions-common:is_service_enabled:2039 :   local xtrace
++ functions-common:is_service_enabled:2040 :   set +o
++ functions-common:is_service_enabled:2040 :   grep xtrace
+ functions-common:is_service_enabled:2040 :   xtrace='set -o xtrace'
+ functions-common:is_service_enabled:2041 :   set +o xtrace
+ functions-common:is_service_enabled:2068 :   return 0
+ functions-common:stop_process:1696       :   sudo systemctl is-enabled devstack@n-cond-cell1.service
enabled
+ functions-common:stop_process:1697       :   sudo systemctl stop devstack@n-cond-cell1.service
+ functions-common:stop_process:1698       :   sudo systemctl disable devstack@n-cond-cell1.service
Removed "/etc/systemd/system/multi-user.target.wants/devstack@n-cond-cell1.service".
+ lib/nova:stop_nova:1243                  :   stop_nova_compute
+ lib/nova:stop_nova_compute:1189          :   '[' libvirt == fake ']'
+ lib/nova:stop_nova_compute:1195          :   stop_process n-cpu
+ functions-common:stop_process:1688       :   local service=n-cpu
+ functions-common:stop_process:1690       :   SERVICE_DIR=/opt/stack/status
+ functions-common:stop_process:1692       :   is_service_enabled n-cpu
+ functions-common:is_service_enabled:2039 :   local xtrace
++ functions-common:is_service_enabled:2040 :   set +o
++ functions-common:is_service_enabled:2040 :   grep xtrace
+ functions-common:is_service_enabled:2040 :   xtrace='set -o xtrace'
+ functions-common:is_service_enabled:2041 :   set +o xtrace
+ functions-common:is_service_enabled:2068 :   return 0
+ functions-common:stop_process:1696       :   sudo systemctl is-enabled devstack@n-cpu.service
enabled
+ functions-common:stop_process:1697       :   sudo systemctl stop devstack@n-cpu.service
+ functions-common:stop_process:1698       :   sudo systemctl disable devstack@n-cpu.service
Removed "/etc/systemd/system/multi-user.target.wants/devstack@n-cpu.service".
+ lib/nova:stop_nova_compute:1197          :   is_service_enabled n-cpu
+ functions-common:is_service_enabled:2039 :   local xtrace
++ functions-common:is_service_enabled:2040 :   set +o
++ functions-common:is_service_enabled:2040 :   grep xtrace
+ functions-common:is_service_enabled:2040 :   xtrace='set -o xtrace'
+ functions-common:is_service_enabled:2041 :   set +o xtrace
+ functions-common:is_service_enabled:2068 :   return 0
+ lib/nova:stop_nova_compute:1197          :   [[ -r /home/slave/devstack/lib/nova_plugins/hypervisor-libvirt ]]
+ lib/nova:stop_nova_compute:1198          :   stop_nova_hypervisor
+ lib/nova_plugins/hypervisor-libvirt:stop_nova_hypervisor:136 :   :
+ ./unstack.sh:main:109                    :   cleanup_nova
+ lib/nova:cleanup_nova:207                :   is_service_enabled n-cpu
+ functions-common:is_service_enabled:2039 :   local xtrace
++ functions-common:is_service_enabled:2040 :   set +o
++ functions-common:is_service_enabled:2040 :   grep xtrace
+ functions-common:is_service_enabled:2040 :   xtrace='set -o xtrace'
+ functions-common:is_service_enabled:2041 :   set +o xtrace
+ functions-common:is_service_enabled:2068 :   return 0
+ lib/nova:cleanup_nova:209                :   clean_iptables
+ lib/nova:clean_iptables:195              :   sudo iptables -S -v
+ lib/nova:clean_iptables:195              :   sed 's/-c [0-9]* [0-9]* //g'
+ lib/nova:clean_iptables:195              :   grep nova
+ lib/nova:clean_iptables:195              :   grep '\-A'
+ lib/nova:clean_iptables:195              :   sed s/-A/-D/g
+ lib/nova:clean_iptables:195              :   awk '{print "sudo iptables",$0}'
+ lib/nova:clean_iptables:195              :   bash
+ lib/nova:clean_iptables:197              :   sudo iptables -S -v -t nat
+ lib/nova:clean_iptables:197              :   sed 's/-c [0-9]* [0-9]* //g'
+ lib/nova:clean_iptables:197              :   grep nova
+ lib/nova:clean_iptables:197              :   grep '\-A'
+ lib/nova:clean_iptables:197              :   sed s/-A/-D/g
+ lib/nova:clean_iptables:197              :   awk '{print "sudo iptables -t nat",$0}'
+ lib/nova:clean_iptables:197              :   bash
+ lib/nova:clean_iptables:199              :   sudo iptables -S -v
+ lib/nova:clean_iptables:199              :   sed 's/-c [0-9]* [0-9]* //g'
+ lib/nova:clean_iptables:199              :   sed s/-N/-X/g
+ lib/nova:clean_iptables:199              :   grep '\-N'
+ lib/nova:clean_iptables:199              :   grep nova
+ lib/nova:clean_iptables:199              :   awk '{print "sudo iptables",$0}'
+ lib/nova:clean_iptables:199              :   bash
+ lib/nova:clean_iptables:201              :   sudo iptables -S -v -t nat
+ lib/nova:clean_iptables:201              :   sed 's/-c [0-9]* [0-9]* //g'
+ lib/nova:clean_iptables:201              :   grep nova
+ lib/nova:clean_iptables:201              :   grep '\-N'
+ lib/nova:clean_iptables:201              :   sed s/-N/-X/g
+ lib/nova:clean_iptables:201              :   awk '{print "sudo iptables -t nat",$0}'
+ lib/nova:clean_iptables:201              :   bash
+ lib/nova:cleanup_nova:212                :   local instances
++ lib/nova:cleanup_nova:213                :   sudo virsh list --all
++ lib/nova:cleanup_nova:213                :   grep instance-
++ lib/nova:cleanup_nova:213                :   sed 's/.*\(instance-[0-9a-fA-F]*\).*/\1/g'
+ lib/nova:cleanup_nova:213                :   instances=
+ lib/nova:cleanup_nova:214                :   '[' '!' '' = '' ']'
+ lib/nova:cleanup_nova:223                :   local tgts
++ lib/nova:cleanup_nova:224                :   sudo iscsiadm --mode node
++ lib/nova:cleanup_nova:224                :   grep volume-
++ lib/nova:cleanup_nova:224                :   cut -d ' ' -f2
iscsiadm: No records found
+ lib/nova:cleanup_nova:224                :   tgts=
+ lib/nova:cleanup_nova:225                :   local target
+ lib/nova:cleanup_nova:229                :   sudo iscsiadm --mode node --op delete
iscsiadm: No records found
+ lib/nova:cleanup_nova:229                :   true
+ lib/nova:cleanup_nova:232                :   sudo nvme disconnect-all
sudo: nvme: command not found
+ lib/nova:cleanup_nova:232                :   true
+ lib/nova:cleanup_nova:235                :   sudo rm -rf /opt/stack/data/nova/instances/_base /opt/stack/data/nova/instances/compute_nodes /opt/stack/data/nova/instances/locks /opt/stack/data/nova/instances/snapshots
+ lib/nova:cleanup_nova:238                :   sudo rm -rf /opt/stack/data/nova
+ lib/nova:cleanup_nova:247                :   stop_process n-api
+ functions-common:stop_process:1688       :   local service=n-api
+ functions-common:stop_process:1690       :   SERVICE_DIR=/opt/stack/status
+ functions-common:stop_process:1692       :   is_service_enabled n-api
+ functions-common:is_service_enabled:2039 :   local xtrace
++ functions-common:is_service_enabled:2040 :   set +o
++ functions-common:is_service_enabled:2040 :   grep xtrace
+ functions-common:is_service_enabled:2040 :   xtrace='set -o xtrace'
+ functions-common:is_service_enabled:2041 :   set +o xtrace
+ functions-common:is_service_enabled:2068 :   return 0
+ functions-common:stop_process:1696       :   sudo systemctl is-enabled devstack@n-api.service
disabled
+ lib/nova:cleanup_nova:248                :   stop_process n-api-meta
+ functions-common:stop_process:1688       :   local service=n-api-meta
+ functions-common:stop_process:1690       :   SERVICE_DIR=/opt/stack/status
+ functions-common:stop_process:1692       :   is_service_enabled n-api-meta
+ functions-common:is_service_enabled:2039 :   local xtrace
++ functions-common:is_service_enabled:2040 :   set +o
++ functions-common:is_service_enabled:2040 :   grep xtrace
+ functions-common:is_service_enabled:2040 :   xtrace='set -o xtrace'
+ functions-common:is_service_enabled:2041 :   set +o xtrace
+ functions-common:is_service_enabled:2068 :   return 0
+ functions-common:stop_process:1696       :   sudo systemctl is-enabled devstack@n-api-meta.service
disabled
+ lib/nova:cleanup_nova:249                :   remove_uwsgi_config /etc/nova/nova-api-uwsgi.ini nova-api
+ lib/apache:remove_uwsgi_config:405       :   local conf=/etc/nova/nova-api-uwsgi.ini
+ lib/apache:remove_uwsgi_config:406       :   local wsgi=nova-api
+ lib/apache:remove_uwsgi_config:407       :   local name=
++ lib/apache:remove_uwsgi_config:410       :   basename nova-api
+ lib/apache:remove_uwsgi_config:410       :   name=nova-api
+ lib/apache:remove_uwsgi_config:412       :   [[ nova-api = /* ]]
+ lib/apache:remove_uwsgi_config:416       :   rm -rf /etc/nova/nova-api-uwsgi.ini
+ lib/apache:remove_uwsgi_config:417       :   disable_apache_site nova-api
+ lib/apache:disable_apache_site:207       :   local site=nova-api
+ lib/apache:disable_apache_site:208       :   is_ubuntu
+ functions-common:is_ubuntu:544           :   [[ -z deb ]]
+ functions-common:is_ubuntu:547           :   '[' deb = deb ']'
+ lib/apache:disable_apache_site:209       :   sudo a2dissite nova-api
Site nova-api disabled.
To activate the new configuration, you need to run:
  systemctl reload apache2
+ lib/nova:cleanup_nova:250                :   remove_uwsgi_config /etc/nova/nova-metadata-uwsgi.ini nova-metadata
+ lib/apache:remove_uwsgi_config:405       :   local conf=/etc/nova/nova-metadata-uwsgi.ini
+ lib/apache:remove_uwsgi_config:406       :   local wsgi=nova-metadata
+ lib/apache:remove_uwsgi_config:407       :   local name=
++ lib/apache:remove_uwsgi_config:410       :   basename nova-metadata
+ lib/apache:remove_uwsgi_config:410       :   name=nova-metadata
+ lib/apache:remove_uwsgi_config:412       :   [[ nova-metadata = /* ]]
+ lib/apache:remove_uwsgi_config:416       :   rm -rf /etc/nova/nova-metadata-uwsgi.ini
+ lib/apache:remove_uwsgi_config:417       :   disable_apache_site nova-metadata
+ lib/apache:disable_apache_site:207       :   local site=nova-metadata
+ lib/apache:disable_apache_site:208       :   is_ubuntu
+ functions-common:is_ubuntu:544           :   [[ -z deb ]]
+ functions-common:is_ubuntu:547           :   '[' deb = deb ']'
+ lib/apache:disable_apache_site:209       :   sudo a2dissite nova-metadata
ERROR: Site nova-metadata does not exist!
+ lib/apache:disable_apache_site:209       :   true
+ lib/nova:cleanup_nova:252                :   [[ '' == \L\V\M ]]
+ ./unstack.sh:main:112                    :   is_service_enabled placement
+ functions-common:is_service_enabled:2039 :   local xtrace
++ functions-common:is_service_enabled:2040 :   set +o
++ functions-common:is_service_enabled:2040 :   grep xtrace
+ functions-common:is_service_enabled:2040 :   xtrace='set -o xtrace'
+ functions-common:is_service_enabled:2041 :   set +o xtrace
+ functions-common:is_service_enabled:2068 :   return 0
+ ./unstack.sh:main:113                    :   stop_placement
+ lib/placement:stop_placement:142         :   stop_process placement-api
+ functions-common:stop_process:1688       :   local service=placement-api
+ functions-common:stop_process:1690       :   SERVICE_DIR=/opt/stack/status
+ functions-common:stop_process:1692       :   is_service_enabled placement-api
+ functions-common:is_service_enabled:2039 :   local xtrace
++ functions-common:is_service_enabled:2040 :   set +o
++ functions-common:is_service_enabled:2040 :   grep xtrace
+ functions-common:is_service_enabled:2040 :   xtrace='set -o xtrace'
+ functions-common:is_service_enabled:2041 :   set +o xtrace
+ functions-common:is_service_enabled:2068 :   return 0
+ functions-common:stop_process:1696       :   sudo systemctl is-enabled devstack@placement-api.service
enabled
+ functions-common:stop_process:1697       :   sudo systemctl stop devstack@placement-api.service
+ functions-common:stop_process:1698       :   sudo systemctl disable devstack@placement-api.service
Removed "/etc/systemd/system/multi-user.target.wants/devstack@placement-api.service".
+ ./unstack.sh:main:116                    :   is_service_enabled glance
+ functions-common:is_service_enabled:2039 :   local xtrace
++ functions-common:is_service_enabled:2040 :   set +o
++ functions-common:is_service_enabled:2040 :   grep xtrace
+ functions-common:is_service_enabled:2040 :   xtrace='set -o xtrace'
+ functions-common:is_service_enabled:2041 :   set +o xtrace
+ functions-common:is_service_enabled:2068 :   return 0
+ ./unstack.sh:main:117                    :   stop_glance
+ lib/glance:stop_glance:666               :   stop_process g-api
+ functions-common:stop_process:1688       :   local service=g-api
+ functions-common:stop_process:1690       :   SERVICE_DIR=/opt/stack/status
+ functions-common:stop_process:1692       :   is_service_enabled g-api
+ functions-common:is_service_enabled:2039 :   local xtrace
++ functions-common:is_service_enabled:2040 :   set +o
++ functions-common:is_service_enabled:2040 :   grep xtrace
+ functions-common:is_service_enabled:2040 :   xtrace='set -o xtrace'
+ functions-common:is_service_enabled:2041 :   set +o xtrace
+ functions-common:is_service_enabled:2068 :   return 0
+ functions-common:stop_process:1696       :   sudo systemctl is-enabled devstack@g-api.service
enabled
+ functions-common:stop_process:1697       :   sudo systemctl stop devstack@g-api.service
+ functions-common:stop_process:1698       :   sudo systemctl disable devstack@g-api.service
Removed "/etc/systemd/system/multi-user.target.wants/devstack@g-api.service".
+ lib/glance:stop_glance:667               :   stop_process g-api-r
+ functions-common:stop_process:1688       :   local service=g-api-r
+ functions-common:stop_process:1690       :   SERVICE_DIR=/opt/stack/status
+ functions-common:stop_process:1692       :   is_service_enabled g-api-r
+ functions-common:is_service_enabled:2039 :   local xtrace
++ functions-common:is_service_enabled:2040 :   set +o
++ functions-common:is_service_enabled:2040 :   grep xtrace
+ functions-common:is_service_enabled:2040 :   xtrace='set -o xtrace'
+ functions-common:is_service_enabled:2041 :   set +o xtrace
+ functions-common:is_service_enabled:2068 :   return 1
+ ./unstack.sh:main:120                    :   is_service_enabled keystone
+ functions-common:is_service_enabled:2039 :   local xtrace
++ functions-common:is_service_enabled:2040 :   set +o
++ functions-common:is_service_enabled:2040 :   grep xtrace
+ functions-common:is_service_enabled:2040 :   xtrace='set -o xtrace'
+ functions-common:is_service_enabled:2041 :   set +o xtrace
+ functions-common:is_service_enabled:2068 :   return 0
+ ./unstack.sh:main:121                    :   stop_keystone
+ lib/keystone:stop_keystone:582           :   stop_process keystone
+ functions-common:stop_process:1688       :   local service=keystone
+ functions-common:stop_process:1690       :   SERVICE_DIR=/opt/stack/status
+ functions-common:stop_process:1692       :   is_service_enabled keystone
+ functions-common:is_service_enabled:2039 :   local xtrace
++ functions-common:is_service_enabled:2040 :   set +o
++ functions-common:is_service_enabled:2040 :   grep xtrace
+ functions-common:is_service_enabled:2040 :   xtrace='set -o xtrace'
+ functions-common:is_service_enabled:2041 :   set +o xtrace
+ functions-common:is_service_enabled:2068 :   return 0
+ functions-common:stop_process:1696       :   sudo systemctl is-enabled devstack@keystone.service
enabled
+ functions-common:stop_process:1697       :   sudo systemctl stop devstack@keystone.service
+ functions-common:stop_process:1698       :   sudo systemctl disable devstack@keystone.service
Removed "/etc/systemd/system/multi-user.target.wants/devstack@keystone.service".
+ ./unstack.sh:main:125                    :   is_service_enabled s-proxy
+ functions-common:is_service_enabled:2039 :   local xtrace
++ functions-common:is_service_enabled:2040 :   set +o
++ functions-common:is_service_enabled:2040 :   grep xtrace
+ functions-common:is_service_enabled:2040 :   xtrace='set -o xtrace'
+ functions-common:is_service_enabled:2041 :   set +o xtrace
+ functions-common:is_service_enabled:2068 :   return 1
+ ./unstack.sh:main:131                    :   is_service_enabled horizon
+ functions-common:is_service_enabled:2039 :   local xtrace
++ functions-common:is_service_enabled:2040 :   set +o
++ functions-common:is_service_enabled:2040 :   grep xtrace
+ functions-common:is_service_enabled:2040 :   xtrace='set -o xtrace'
+ functions-common:is_service_enabled:2041 :   set +o xtrace
+ functions-common:is_service_enabled:2068 :   return 0
+ ./unstack.sh:main:132                    :   stop_horizon
+ lib/horizon:stop_horizon:190             :   stop_apache_server
+ lib/apache:stop_apache_server:226        :   '[' -n apache2 ']'
+ lib/apache:stop_apache_server:227        :   stop_service apache2
+ functions-common:stop_service:2329       :   '[' -x /bin/systemctl ']'
+ functions-common:stop_service:2330       :   sudo /bin/systemctl stop apache2
+ ./unstack.sh:main:136                    :   is_service_enabled tls-proxy
+ functions-common:is_service_enabled:2039 :   local xtrace
++ functions-common:is_service_enabled:2040 :   set +o
++ functions-common:is_service_enabled:2040 :   grep xtrace
+ functions-common:is_service_enabled:2040 :   xtrace='set -o xtrace'
+ functions-common:is_service_enabled:2041 :   set +o xtrace
+ functions-common:is_service_enabled:2068 :   return 1
+ ./unstack.sh:main:141                    :   SCSI_PERSIST_DIR='/opt/stack/data/cinder/volumes/*'
+ ./unstack.sh:main:147                    :   is_service_enabled cinder
+ functions-common:is_service_enabled:2039 :   local xtrace
++ functions-common:is_service_enabled:2040 :   set +o
++ functions-common:is_service_enabled:2040 :   grep xtrace
+ functions-common:is_service_enabled:2040 :   xtrace='set -o xtrace'
+ functions-common:is_service_enabled:2041 :   set +o xtrace
+ functions-common:is_service_enabled:2068 :   return 0
+ ./unstack.sh:main:148                    :   stop_cinder
+ lib/cinder:stop_cinder:649               :   stop_process c-api
+ functions-common:stop_process:1688       :   local service=c-api
+ functions-common:stop_process:1690       :   SERVICE_DIR=/opt/stack/status
+ functions-common:stop_process:1692       :   is_service_enabled c-api
+ functions-common:is_service_enabled:2039 :   local xtrace
++ functions-common:is_service_enabled:2040 :   set +o
++ functions-common:is_service_enabled:2040 :   grep xtrace
+ functions-common:is_service_enabled:2040 :   xtrace='set -o xtrace'
+ functions-common:is_service_enabled:2041 :   set +o xtrace
+ functions-common:is_service_enabled:2068 :   return 0
+ functions-common:stop_process:1696       :   sudo systemctl is-enabled devstack@c-api.service
enabled
+ functions-common:stop_process:1697       :   sudo systemctl stop devstack@c-api.service
+ functions-common:stop_process:1698       :   sudo systemctl disable devstack@c-api.service
Removed "/etc/systemd/system/multi-user.target.wants/devstack@c-api.service".
+ lib/cinder:stop_cinder:650               :   stop_process c-bak
+ functions-common:stop_process:1688       :   local service=c-bak
+ functions-common:stop_process:1690       :   SERVICE_DIR=/opt/stack/status
+ functions-common:stop_process:1692       :   is_service_enabled c-bak
+ functions-common:is_service_enabled:2039 :   local xtrace
++ functions-common:is_service_enabled:2040 :   set +o
++ functions-common:is_service_enabled:2040 :   grep xtrace
+ functions-common:is_service_enabled:2040 :   xtrace='set -o xtrace'
+ functions-common:is_service_enabled:2041 :   set +o xtrace
+ functions-common:is_service_enabled:2068 :   return 1
+ lib/cinder:stop_cinder:651               :   stop_process c-sch
+ functions-common:stop_process:1688       :   local service=c-sch
+ functions-common:stop_process:1690       :   SERVICE_DIR=/opt/stack/status
+ functions-common:stop_process:1692       :   is_service_enabled c-sch
+ functions-common:is_service_enabled:2039 :   local xtrace
++ functions-common:is_service_enabled:2040 :   set +o
++ functions-common:is_service_enabled:2040 :   grep xtrace
+ functions-common:is_service_enabled:2040 :   xtrace='set -o xtrace'
+ functions-common:is_service_enabled:2041 :   set +o xtrace
+ functions-common:is_service_enabled:2068 :   return 0
+ functions-common:stop_process:1696       :   sudo systemctl is-enabled devstack@c-sch.service
enabled
+ functions-common:stop_process:1697       :   sudo systemctl stop devstack@c-sch.service
+ functions-common:stop_process:1698       :   sudo systemctl disable devstack@c-sch.service
Removed "/etc/systemd/system/multi-user.target.wants/devstack@c-sch.service".
+ lib/cinder:stop_cinder:652               :   stop_process c-vol
+ functions-common:stop_process:1688       :   local service=c-vol
+ functions-common:stop_process:1690       :   SERVICE_DIR=/opt/stack/status
+ functions-common:stop_process:1692       :   is_service_enabled c-vol
+ functions-common:is_service_enabled:2039 :   local xtrace
++ functions-common:is_service_enabled:2040 :   set +o
++ functions-common:is_service_enabled:2040 :   grep xtrace
+ functions-common:is_service_enabled:2040 :   xtrace='set -o xtrace'
+ functions-common:is_service_enabled:2041 :   set +o xtrace
+ functions-common:is_service_enabled:2068 :   return 0
+ functions-common:stop_process:1696       :   sudo systemctl is-enabled devstack@c-vol.service
enabled
+ functions-common:stop_process:1697       :   sudo systemctl stop devstack@c-vol.service
+ functions-common:stop_process:1698       :   sudo systemctl disable devstack@c-vol.service
Removed "/etc/systemd/system/multi-user.target.wants/devstack@c-vol.service".
+ ./unstack.sh:main:149                    :   cleanup_cinder
+ lib/cinder:cleanup_cinder:234            :   '[' lioadm = tgtadm ']'
+ lib/cinder:cleanup_cinder:262            :   '[' lioadm = lioadm ']'
+ lib/cinder:cleanup_cinder:263            :   sudo xargs -rn 1 cinder-rtstool delete
+ lib/cinder:cleanup_cinder:263            :   sudo cinder-rtstool get-targets
+ lib/cinder:cleanup_cinder:272            :   is_service_enabled c-vol
+ functions-common:is_service_enabled:2039 :   local xtrace
++ functions-common:is_service_enabled:2040 :   set +o
++ functions-common:is_service_enabled:2040 :   grep xtrace
+ functions-common:is_service_enabled:2040 :   xtrace='set -o xtrace'
+ functions-common:is_service_enabled:2041 :   set +o xtrace
+ functions-common:is_service_enabled:2068 :   return 0
+ lib/cinder:cleanup_cinder:272            :   [[ -n lvm:lvmdriver-1 ]]
+ lib/cinder:cleanup_cinder:273            :   local be be_name be_type
+ lib/cinder:cleanup_cinder:274            :   for be in ${CINDER_ENABLED_BACKENDS//,/ }
+ lib/cinder:cleanup_cinder:275            :   be_type=lvm
+ lib/cinder:cleanup_cinder:276            :   be_name=lvmdriver-1
+ lib/cinder:cleanup_cinder:277            :   type cleanup_cinder_backend_lvm
+ lib/cinder:cleanup_cinder:278            :   cleanup_cinder_backend_lvm lvmdriver-1
+ lib/cinder_backends/lvm:cleanup_cinder_backend_lvm:38 :   local be_name=lvmdriver-1
+ lib/cinder_backends/lvm:cleanup_cinder_backend_lvm:41 :   clean_lvm_volume_group stack-volumes-lvmdriver-1
+ lib/lvm:clean_lvm_volume_group:61        :   local vg=stack-volumes-lvmdriver-1
+ lib/lvm:clean_lvm_volume_group:63        :   _clean_lvm_volume_group stack-volumes-lvmdriver-1
+ lib/lvm:_clean_lvm_volume_group:40       :   local vg=stack-volumes-lvmdriver-1
+ lib/lvm:_clean_lvm_volume_group:43       :   sudo lvremove -f stack-volumes-lvmdriver-1
+ lib/lvm:clean_lvm_volume_group:64        :   _remove_lvm_volume_group stack-volumes-lvmdriver-1
+ lib/lvm:_remove_lvm_volume_group:50      :   local vg=stack-volumes-lvmdriver-1
+ lib/lvm:_remove_lvm_volume_group:53      :   sudo vgremove -f stack-volumes-lvmdriver-1
  Volume group "stack-volumes-lvmdriver-1" successfully removed
++ lib/lvm:clean_lvm_volume_group:67        :   sudo lvs --noheadings -o lv_name stack-volumes-lvmdriver-1
+ lib/lvm:clean_lvm_volume_group:67        :   [[ -z '' ]]
+ lib/lvm:clean_lvm_volume_group:68        :   local backing_file=/opt/stack/data/stack-volumes-lvmdriver-1-backing-file
+ lib/lvm:clean_lvm_volume_group:70        :   [[ -n stack-volumes-lvmdriver-1-backing-file ]]
+ lib/lvm:clean_lvm_volume_group:71        :   [[ -e /etc/systemd/system/stack-volumes-lvmdriver-1-backing-file.service ]]
+ lib/lvm:clean_lvm_volume_group:72        :   sudo systemctl disable --now stack-volumes-lvmdriver-1-backing-file.service
Removed "/etc/systemd/system/local-fs.target.wants/stack-volumes-lvmdriver-1-backing-file.service".
+ lib/lvm:clean_lvm_volume_group:73        :   sudo rm -f /etc/systemd/system/stack-volumes-lvmdriver-1-backing-file.service
+ lib/lvm:clean_lvm_volume_group:74        :   sudo systemctl daemon-reload
+ lib/lvm:clean_lvm_volume_group:78        :   [[ -n /opt/stack/data/stack-volumes-lvmdriver-1-backing-file ]]
+ lib/lvm:clean_lvm_volume_group:78        :   [[ -e /opt/stack/data/stack-volumes-lvmdriver-1-backing-file ]]
+ lib/lvm:clean_lvm_volume_group:79        :   rm -f /opt/stack/data/stack-volumes-lvmdriver-1-backing-file
+ lib/cinder_backends/lvm:cleanup_cinder_backend_lvm:42 :   clean_lvm_filter
+ lib/lvm:clean_lvm_filter:177             :   sudo sed -i 's/^.*# from devstack$//' /etc/lvm/lvm.conf
+ lib/cinder:cleanup_cinder:283            :   is_service_enabled c-bak
+ functions-common:is_service_enabled:2039 :   local xtrace
++ functions-common:is_service_enabled:2040 :   set +o
++ functions-common:is_service_enabled:2040 :   grep xtrace
+ functions-common:is_service_enabled:2040 :   xtrace='set -o xtrace'
+ functions-common:is_service_enabled:2041 :   set +o xtrace
+ functions-common:is_service_enabled:2068 :   return 1
+ lib/cinder:cleanup_cinder:289            :   stop_process c-api
+ functions-common:stop_process:1688       :   local service=c-api
+ functions-common:stop_process:1690       :   SERVICE_DIR=/opt/stack/status
+ functions-common:stop_process:1692       :   is_service_enabled c-api
+ functions-common:is_service_enabled:2039 :   local xtrace
++ functions-common:is_service_enabled:2040 :   set +o
++ functions-common:is_service_enabled:2040 :   grep xtrace
+ functions-common:is_service_enabled:2040 :   xtrace='set -o xtrace'
+ functions-common:is_service_enabled:2041 :   set +o xtrace
+ functions-common:is_service_enabled:2068 :   return 0
+ functions-common:stop_process:1696       :   sudo systemctl is-enabled devstack@c-api.service
disabled
+ lib/cinder:cleanup_cinder:290            :   remove_uwsgi_config /etc/cinder/cinder-api-uwsgi.ini cinder-wsgi
+ lib/apache:remove_uwsgi_config:405       :   local conf=/etc/cinder/cinder-api-uwsgi.ini
+ lib/apache:remove_uwsgi_config:406       :   local wsgi=cinder-wsgi
+ lib/apache:remove_uwsgi_config:407       :   local name=
++ lib/apache:remove_uwsgi_config:410       :   basename cinder-wsgi
+ lib/apache:remove_uwsgi_config:410       :   name=cinder-wsgi
+ lib/apache:remove_uwsgi_config:412       :   [[ cinder-wsgi = /* ]]
+ lib/apache:remove_uwsgi_config:416       :   rm -rf /etc/cinder/cinder-api-uwsgi.ini
+ lib/apache:remove_uwsgi_config:417       :   disable_apache_site cinder-wsgi
+ lib/apache:disable_apache_site:207       :   local site=cinder-wsgi
+ lib/apache:disable_apache_site:208       :   is_ubuntu
+ functions-common:is_ubuntu:544           :   [[ -z deb ]]
+ functions-common:is_ubuntu:547           :   '[' deb = deb ']'
+ lib/apache:disable_apache_site:209       :   sudo a2dissite cinder-wsgi
ERROR: Site cinder-wsgi does not exist!
+ lib/apache:disable_apache_site:209       :   true
+ ./unstack.sh:main:152                    :   [[ -n '' ]]
+ ./unstack.sh:main:173                    :   is_service_enabled neutron
+ functions-common:is_service_enabled:2039 :   local xtrace
++ functions-common:is_service_enabled:2040 :   set +o
++ functions-common:is_service_enabled:2040 :   grep xtrace
+ functions-common:is_service_enabled:2040 :   xtrace='set -o xtrace'
+ functions-common:is_service_enabled:2041 :   set +o xtrace
+ functions-common:is_service_enabled:2068 :   return 0
+ ./unstack.sh:main:174                    :   stop_neutron
+ lib/neutron:stop_neutron:742             :   stop_other
+ lib/neutron:stop_other:709               :   is_service_enabled q-dhcp neutron-dhcp
+ functions-common:is_service_enabled:2039 :   local xtrace
++ functions-common:is_service_enabled:2040 :   set +o
++ functions-common:is_service_enabled:2040 :   grep xtrace
+ functions-common:is_service_enabled:2040 :   xtrace='set -o xtrace'
+ functions-common:is_service_enabled:2041 :   set +o xtrace
+ functions-common:is_service_enabled:2068 :   return 1
+ lib/neutron:stop_other:715               :   stop_process neutron-rpc-server
+ functions-common:stop_process:1688       :   local service=neutron-rpc-server
+ functions-common:stop_process:1690       :   SERVICE_DIR=/opt/stack/status
+ functions-common:stop_process:1692       :   is_service_enabled neutron-rpc-server
+ functions-common:is_service_enabled:2039 :   local xtrace
++ functions-common:is_service_enabled:2040 :   set +o
++ functions-common:is_service_enabled:2040 :   grep xtrace
+ functions-common:is_service_enabled:2040 :   xtrace='set -o xtrace'
+ functions-common:is_service_enabled:2041 :   set +o xtrace
+ functions-common:is_service_enabled:2068 :   return 0
+ functions-common:stop_process:1696       :   sudo systemctl is-enabled devstack@neutron-rpc-server.service
enabled
+ functions-common:stop_process:1697       :   sudo systemctl stop devstack@neutron-rpc-server.service
+ functions-common:stop_process:1698       :   sudo systemctl disable devstack@neutron-rpc-server.service
Removed "/etc/systemd/system/multi-user.target.wants/devstack@neutron-rpc-server.service".
+ lib/neutron:stop_other:716               :   stop_process neutron-periodic-workers
+ functions-common:stop_process:1688       :   local service=neutron-periodic-workers
+ functions-common:stop_process:1690       :   SERVICE_DIR=/opt/stack/status
+ functions-common:stop_process:1692       :   is_service_enabled neutron-periodic-workers
+ functions-common:is_service_enabled:2039 :   local xtrace
++ functions-common:is_service_enabled:2040 :   set +o
++ functions-common:is_service_enabled:2040 :   grep xtrace
+ functions-common:is_service_enabled:2040 :   xtrace='set -o xtrace'
+ functions-common:is_service_enabled:2041 :   set +o xtrace
+ functions-common:is_service_enabled:2068 :   return 0
+ functions-common:stop_process:1696       :   sudo systemctl is-enabled devstack@neutron-periodic-workers.service
enabled
+ functions-common:stop_process:1697       :   sudo systemctl stop devstack@neutron-periodic-workers.service
+ functions-common:stop_process:1698       :   sudo systemctl disable devstack@neutron-periodic-workers.service
Removed "/etc/systemd/system/multi-user.target.wants/devstack@neutron-periodic-workers.service".
+ lib/neutron:stop_other:717               :   stop_process neutron-api
+ functions-common:stop_process:1688       :   local service=neutron-api
+ functions-common:stop_process:1690       :   SERVICE_DIR=/opt/stack/status
+ functions-common:stop_process:1692       :   is_service_enabled neutron-api
+ functions-common:is_service_enabled:2039 :   local xtrace
++ functions-common:is_service_enabled:2040 :   set +o
++ functions-common:is_service_enabled:2040 :   grep xtrace
+ functions-common:is_service_enabled:2040 :   xtrace='set -o xtrace'
+ functions-common:is_service_enabled:2041 :   set +o xtrace
+ functions-common:is_service_enabled:2068 :   return 0
+ functions-common:stop_process:1696       :   sudo systemctl is-enabled devstack@neutron-api.service
enabled
+ functions-common:stop_process:1697       :   sudo systemctl stop devstack@neutron-api.service
+ functions-common:stop_process:1698       :   sudo systemctl disable devstack@neutron-api.service
Removed "/etc/systemd/system/multi-user.target.wants/devstack@neutron-api.service".
+ lib/neutron:stop_other:718               :   _stop_ovn_maintenance
+ lib/neutron:_stop_ovn_maintenance:358    :   [[ ovn == \o\v\n ]]
+ lib/neutron:_stop_ovn_maintenance:359    :   stop_process neutron-ovn-maintenance-worker
+ functions-common:stop_process:1688       :   local service=neutron-ovn-maintenance-worker
+ functions-common:stop_process:1690       :   SERVICE_DIR=/opt/stack/status
+ functions-common:stop_process:1692       :   is_service_enabled neutron-ovn-maintenance-worker
+ functions-common:is_service_enabled:2039 :   local xtrace
++ functions-common:is_service_enabled:2040 :   set +o
++ functions-common:is_service_enabled:2040 :   grep xtrace
+ functions-common:is_service_enabled:2040 :   xtrace='set -o xtrace'
+ functions-common:is_service_enabled:2041 :   set +o xtrace
+ functions-common:is_service_enabled:2068 :   return 0
+ functions-common:stop_process:1696       :   sudo systemctl is-enabled devstack@neutron-ovn-maintenance-worker.service
enabled
+ functions-common:stop_process:1697       :   sudo systemctl stop devstack@neutron-ovn-maintenance-worker.service
+ functions-common:stop_process:1698       :   sudo systemctl disable devstack@neutron-ovn-maintenance-worker.service
Removed "/etc/systemd/system/multi-user.target.wants/devstack@neutron-ovn-maintenance-worker.service".
+ lib/neutron:stop_other:720               :   is_service_enabled q-l3 neutron-l3
+ functions-common:is_service_enabled:2039 :   local xtrace
++ functions-common:is_service_enabled:2040 :   set +o
++ functions-common:is_service_enabled:2040 :   grep xtrace
+ functions-common:is_service_enabled:2040 :   xtrace='set -o xtrace'
+ functions-common:is_service_enabled:2041 :   set +o xtrace
+ functions-common:is_service_enabled:2068 :   return 1
+ lib/neutron:stop_other:725               :   is_service_enabled q-meta neutron-metadata-agent
+ functions-common:is_service_enabled:2039 :   local xtrace
++ functions-common:is_service_enabled:2040 :   set +o
++ functions-common:is_service_enabled:2040 :   grep xtrace
+ functions-common:is_service_enabled:2040 :   xtrace='set -o xtrace'
+ functions-common:is_service_enabled:2041 :   set +o xtrace
+ functions-common:is_service_enabled:2068 :   return 1
+ lib/neutron:stop_other:729               :   is_service_enabled q-metering neutron-metering
+ functions-common:is_service_enabled:2039 :   local xtrace
++ functions-common:is_service_enabled:2040 :   set +o
++ functions-common:is_service_enabled:2040 :   grep xtrace
+ functions-common:is_service_enabled:2040 :   xtrace='set -o xtrace'
+ functions-common:is_service_enabled:2041 :   set +o xtrace
+ functions-common:is_service_enabled:2068 :   return 1
+ lib/neutron:stop_other:733               :   [[ True == \T\r\u\e ]]
+ lib/neutron:stop_other:736               :   sudo pkill -9 -f '/opt/stack/data/venv/bin/neutron-rootwrap-[d]aemon'
+ lib/neutron:stop_neutron:743             :   stop_l2_agent
+ lib/neutron:stop_l2_agent:704            :   stop_process q-agt
+ functions-common:stop_process:1688       :   local service=q-agt
+ functions-common:stop_process:1690       :   SERVICE_DIR=/opt/stack/status
+ functions-common:stop_process:1692       :   is_service_enabled q-agt
+ functions-common:is_service_enabled:2039 :   local xtrace
++ functions-common:is_service_enabled:2040 :   set +o
++ functions-common:is_service_enabled:2040 :   grep xtrace
+ functions-common:is_service_enabled:2040 :   xtrace='set -o xtrace'
+ functions-common:is_service_enabled:2041 :   set +o xtrace
+ functions-common:is_service_enabled:2068 :   return 1
+ lib/neutron:stop_neutron:745             :   [[ ovn == \o\v\n ]]
+ lib/neutron:stop_neutron:745             :   [[ False != \T\r\u\e ]]
+ lib/neutron:stop_neutron:746             :   stop_ovn
+ lib/neutron_plugins/ovn_agent:stop_ovn:812 :   is_service_enabled q-ovn-metadata-agent neutron-ovn-metadata-agent
+ functions-common:is_service_enabled:2039 :   local xtrace
++ functions-common:is_service_enabled:2040 :   set +o
++ functions-common:is_service_enabled:2040 :   grep xtrace
+ functions-common:is_service_enabled:2040 :   xtrace='set -o xtrace'
+ functions-common:is_service_enabled:2041 :   set +o xtrace
+ functions-common:is_service_enabled:2068 :   return 1
+ lib/neutron_plugins/ovn_agent:stop_ovn:818 :   is_ovn_agent_enabled
+ lib/neutron_plugins/ovn_agent:is_ovn_agent_enabled:319 :   is_service_enabled q-ovn-agent neutron-ovn-agent
+ functions-common:is_service_enabled:2039 :   local xtrace
++ functions-common:is_service_enabled:2040 :   set +o
++ functions-common:is_service_enabled:2040 :   grep xtrace
+ functions-common:is_service_enabled:2040 :   xtrace='set -o xtrace'
+ functions-common:is_service_enabled:2041 :   set +o xtrace
+ functions-common:is_service_enabled:2068 :   return 0
+ lib/neutron_plugins/ovn_agent:is_ovn_agent_enabled:320 :   enable_service q-ovn-agent
+ functions-common:enable_service:1999     :   local xtrace
++ functions-common:enable_service:2000     :   set +o
++ functions-common:enable_service:2000     :   grep xtrace
+ functions-common:enable_service:2000     :   xtrace='set -o xtrace'
+ functions-common:enable_service:2001     :   set +o xtrace
+ lib/neutron_plugins/ovn_agent:is_ovn_agent_enabled:321 :   return 0
+ lib/neutron_plugins/ovn_agent:stop_ovn:821 :   sudo pkill -9 -f '[h]aproxy'
+ lib/neutron_plugins/ovn_agent:stop_ovn:822 :   _stop_process devstack@q-ovn-agent.service
+ lib/neutron_plugins/ovn_agent:_stop_process:796 :   local service=devstack@q-ovn-agent.service
+ lib/neutron_plugins/ovn_agent:_stop_process:797 :   echo 'Stopping process devstack@q-ovn-agent.service'
Stopping process devstack@q-ovn-agent.service
+ lib/neutron_plugins/ovn_agent:_stop_process:799 :   sudo systemctl is-active devstack@q-ovn-agent.service
active
+ lib/neutron_plugins/ovn_agent:_stop_process:800 :   sudo systemctl stop devstack@q-ovn-agent.service
+ lib/neutron_plugins/ovn_agent:_stop_process:802 :   sudo systemctl is-enabled devstack@q-ovn-agent.service
enabled
+ lib/neutron_plugins/ovn_agent:_stop_process:803 :   sudo systemctl disable devstack@q-ovn-agent.service
Removed "/etc/systemd/system/multi-user.target.wants/devstack@q-ovn-agent.service".
+ lib/neutron_plugins/ovn_agent:stop_ovn:824 :   is_service_enabled ovn-controller-vtep
+ functions-common:is_service_enabled:2039 :   local xtrace
++ functions-common:is_service_enabled:2040 :   set +o
++ functions-common:is_service_enabled:2040 :   grep xtrace
+ functions-common:is_service_enabled:2040 :   xtrace='set -o xtrace'
+ functions-common:is_service_enabled:2041 :   set +o xtrace
+ functions-common:is_service_enabled:2068 :   return 1
+ lib/neutron_plugins/ovn_agent:stop_ovn:827 :   is_service_enabled ovn-controller
+ functions-common:is_service_enabled:2039 :   local xtrace
++ functions-common:is_service_enabled:2040 :   set +o
++ functions-common:is_service_enabled:2040 :   grep xtrace
+ functions-common:is_service_enabled:2040 :   xtrace='set -o xtrace'
+ functions-common:is_service_enabled:2041 :   set +o xtrace
+ functions-common:is_service_enabled:2068 :   return 0
+ lib/neutron_plugins/ovn_agent:stop_ovn:828 :   _stop_process ovn-controller.service
+ lib/neutron_plugins/ovn_agent:_stop_process:796 :   local service=ovn-controller.service
+ lib/neutron_plugins/ovn_agent:_stop_process:797 :   echo 'Stopping process ovn-controller.service'
Stopping process ovn-controller.service
+ lib/neutron_plugins/ovn_agent:_stop_process:799 :   sudo systemctl is-active ovn-controller.service
active
+ lib/neutron_plugins/ovn_agent:_stop_process:800 :   sudo systemctl stop ovn-controller.service
+ lib/neutron_plugins/ovn_agent:_stop_process:802 :   sudo systemctl is-enabled ovn-controller.service
static
+ lib/neutron_plugins/ovn_agent:_stop_process:803 :   sudo systemctl disable ovn-controller.service
The unit files have no installation config (WantedBy=, RequiredBy=, UpheldBy=,
Also=, or Alias= settings in the [Install] section, and DefaultInstance= for
template units). This means they are not meant to be enabled or disabled using systemctl.
 
Possible reasons for having these kinds of units are:
• A unit may be statically enabled by being symlinked from another unit's
  .wants/, .requires/, or .upholds/ directory.
• A unit's purpose may be to act as a helper for some other unit which has
  a requirement dependency on it.
• A unit may be started when needed via activation (socket, path, timer,
  D-Bus, udev, scripted systemctl call, ...).
• In case of template units, the unit is meant to be enabled with some
  instance name specified.
+ lib/neutron_plugins/ovn_agent:stop_ovn:830 :   is_service_enabled ovn-northd
+ functions-common:is_service_enabled:2039 :   local xtrace
++ functions-common:is_service_enabled:2040 :   set +o
++ functions-common:is_service_enabled:2040 :   grep xtrace
+ functions-common:is_service_enabled:2040 :   xtrace='set -o xtrace'
+ functions-common:is_service_enabled:2041 :   set +o xtrace
+ functions-common:is_service_enabled:2068 :   return 0
+ lib/neutron_plugins/ovn_agent:stop_ovn:831 :   _stop_process ovn-central.service
+ lib/neutron_plugins/ovn_agent:_stop_process:796 :   local service=ovn-central.service
+ lib/neutron_plugins/ovn_agent:_stop_process:797 :   echo 'Stopping process ovn-central.service'
Stopping process ovn-central.service
+ lib/neutron_plugins/ovn_agent:_stop_process:799 :   sudo systemctl is-active ovn-central.service
active
+ lib/neutron_plugins/ovn_agent:_stop_process:800 :   sudo systemctl stop ovn-central.service
+ lib/neutron_plugins/ovn_agent:_stop_process:802 :   sudo systemctl is-enabled ovn-central.service
enabled
+ lib/neutron_plugins/ovn_agent:_stop_process:803 :   sudo systemctl disable ovn-central.service
Removed "/etc/systemd/system/multi-user.target.wants/ovn-central.service".
+ lib/neutron_plugins/ovn_agent:stop_ovn:833 :   is_service_enabled ovs-vtep
+ functions-common:is_service_enabled:2039 :   local xtrace
++ functions-common:is_service_enabled:2040 :   set +o
++ functions-common:is_service_enabled:2040 :   grep xtrace
+ functions-common:is_service_enabled:2040 :   xtrace='set -o xtrace'
+ functions-common:is_service_enabled:2041 :   set +o xtrace
+ functions-common:is_service_enabled:2068 :   return 1
+ lib/neutron_plugins/ovn_agent:stop_ovn:838 :   sudo ovs-vsctl show
+ lib/neutron_plugins/ovn_agent:stop_ovn:839 :   sudo ovs-vsctl --if-exists clear open_vswitch . external-ids
+ lib/neutron_plugins/ovn_agent:stop_ovn:842 :   _stop_process ovs-vswitchd.service
+ lib/neutron_plugins/ovn_agent:_stop_process:796 :   local service=ovs-vswitchd.service
+ lib/neutron_plugins/ovn_agent:_stop_process:797 :   echo 'Stopping process ovs-vswitchd.service'
Stopping process ovs-vswitchd.service
+ lib/neutron_plugins/ovn_agent:_stop_process:799 :   sudo systemctl is-active ovs-vswitchd.service
active
+ lib/neutron_plugins/ovn_agent:_stop_process:800 :   sudo systemctl stop ovs-vswitchd.service
+ lib/neutron_plugins/ovn_agent:_stop_process:802 :   sudo systemctl is-enabled ovs-vswitchd.service
static
+ lib/neutron_plugins/ovn_agent:_stop_process:803 :   sudo systemctl disable ovs-vswitchd.service
The unit files have no installation config (WantedBy=, RequiredBy=, UpheldBy=,
Also=, or Alias= settings in the [Install] section, and DefaultInstance= for
template units). This means they are not meant to be enabled or disabled using systemctl.
 
Possible reasons for having these kinds of units are:
• A unit may be statically enabled by being symlinked from another unit's
  .wants/, .requires/, or .upholds/ directory.
• A unit's purpose may be to act as a helper for some other unit which has
  a requirement dependency on it.
• A unit may be started when needed via activation (socket, path, timer,
  D-Bus, udev, scripted systemctl call, ...).
• In case of template units, the unit is meant to be enabled with some
  instance name specified.
+ lib/neutron_plugins/ovn_agent:stop_ovn:843 :   _stop_process ovsdb-server.service
+ lib/neutron_plugins/ovn_agent:_stop_process:796 :   local service=ovsdb-server.service
+ lib/neutron_plugins/ovn_agent:_stop_process:797 :   echo 'Stopping process ovsdb-server.service'
Stopping process ovsdb-server.service
+ lib/neutron_plugins/ovn_agent:_stop_process:799 :   sudo systemctl is-active ovsdb-server.service
active
+ lib/neutron_plugins/ovn_agent:_stop_process:800 :   sudo systemctl stop ovsdb-server.service
+ lib/neutron_plugins/ovn_agent:_stop_process:802 :   sudo systemctl is-enabled ovsdb-server.service
static
+ lib/neutron_plugins/ovn_agent:_stop_process:803 :   sudo systemctl disable ovsdb-server.service
The unit files have no installation config (WantedBy=, RequiredBy=, UpheldBy=,
Also=, or Alias= settings in the [Install] section, and DefaultInstance= for
template units). This means they are not meant to be enabled or disabled using systemctl.
 
Possible reasons for having these kinds of units are:
• A unit may be statically enabled by being symlinked from another unit's
  .wants/, .requires/, or .upholds/ directory.
• A unit's purpose may be to act as a helper for some other unit which has
  a requirement dependency on it.
• A unit may be started when needed via activation (socket, path, timer,
  D-Bus, udev, scripted systemctl call, ...).
• In case of template units, the unit is meant to be enabled with some
  instance name specified.
+ lib/neutron_plugins/ovn_agent:stop_ovn:845 :   _stop_ovs_dp
+ lib/neutron_plugins/ovn_agent:_stop_ovs_dp:791 :   sudo ovs-dpctl dump-dps
+ lib/neutron_plugins/ovn_agent:_stop_ovs_dp:791 :   sudo xargs -n1 ovs-dpctl del-dp
+ lib/neutron_plugins/ovn_agent:_stop_ovs_dp:792 :   modprobe -q -r vport_geneve vport_vxlan openvswitch
+ lib/neutron_plugins/ovn_agent:_stop_ovs_dp:792 :   true
+ lib/neutron_plugins/ovn_agent:stop_ovn:848 :   sudo rm -f '/var/run/openvswitch/*.sock' '/var/run/openvswitch/*.pid' '/var/run/openvswitch/*.ctl'
+ lib/neutron_plugins/ovn_agent:stop_ovn:849 :   sudo rm -f '/var/run/ovn/*.sock' '/var/run/ovn/*.pid' '/var/run/ovn/*.ctl'
+ lib/neutron_plugins/ovn_agent:stop_ovn:851 :   sudo rm -f '/opt/stack/data/ovs/.*.db.~lock~'
+ lib/neutron_plugins/ovn_agent:stop_ovn:852 :   sudo rm -f /var/lib/ovn/.ovnnb_db.db.~lock~ /var/lib/ovn/.ovnsb_db.db.~lock~
+ ./unstack.sh:main:175                    :   cleanup_neutron
+ lib/neutron:cleanup_neutron:829          :   stop_process neutron-api
+ functions-common:stop_process:1688       :   local service=neutron-api
+ functions-common:stop_process:1690       :   SERVICE_DIR=/opt/stack/status
+ functions-common:stop_process:1692       :   is_service_enabled neutron-api
+ functions-common:is_service_enabled:2039 :   local xtrace
++ functions-common:is_service_enabled:2040 :   set +o
++ functions-common:is_service_enabled:2040 :   grep xtrace
+ functions-common:is_service_enabled:2040 :   xtrace='set -o xtrace'
+ functions-common:is_service_enabled:2041 :   set +o xtrace
+ functions-common:is_service_enabled:2068 :   return 0
+ functions-common:stop_process:1696       :   sudo systemctl is-enabled devstack@neutron-api.service
disabled
+ lib/neutron:cleanup_neutron:830          :   stop_process neutron-rpc-server
+ functions-common:stop_process:1688       :   local service=neutron-rpc-server
+ functions-common:stop_process:1690       :   SERVICE_DIR=/opt/stack/status
+ functions-common:stop_process:1692       :   is_service_enabled neutron-rpc-server
+ functions-common:is_service_enabled:2039 :   local xtrace
++ functions-common:is_service_enabled:2040 :   set +o
++ functions-common:is_service_enabled:2040 :   grep xtrace
+ functions-common:is_service_enabled:2040 :   xtrace='set -o xtrace'
+ functions-common:is_service_enabled:2041 :   set +o xtrace
+ functions-common:is_service_enabled:2068 :   return 0
+ functions-common:stop_process:1696       :   sudo systemctl is-enabled devstack@neutron-rpc-server.service
disabled
+ lib/neutron:cleanup_neutron:831          :   stop_process neutron-periodic-workers
+ functions-common:stop_process:1688       :   local service=neutron-periodic-workers
+ functions-common:stop_process:1690       :   SERVICE_DIR=/opt/stack/status
+ functions-common:stop_process:1692       :   is_service_enabled neutron-periodic-workers
+ functions-common:is_service_enabled:2039 :   local xtrace
++ functions-common:is_service_enabled:2040 :   set +o
++ functions-common:is_service_enabled:2040 :   grep xtrace
+ functions-common:is_service_enabled:2040 :   xtrace='set -o xtrace'
+ functions-common:is_service_enabled:2041 :   set +o xtrace
+ functions-common:is_service_enabled:2068 :   return 0
+ functions-common:stop_process:1696       :   sudo systemctl is-enabled devstack@neutron-periodic-workers.service
disabled
+ lib/neutron:cleanup_neutron:832          :   _stop_ovn_maintenance
+ lib/neutron:_stop_ovn_maintenance:358    :   [[ ovn == \o\v\n ]]
+ lib/neutron:_stop_ovn_maintenance:359    :   stop_process neutron-ovn-maintenance-worker
+ functions-common:stop_process:1688       :   local service=neutron-ovn-maintenance-worker
+ functions-common:stop_process:1690       :   SERVICE_DIR=/opt/stack/status
+ functions-common:stop_process:1692       :   is_service_enabled neutron-ovn-maintenance-worker
+ functions-common:is_service_enabled:2039 :   local xtrace
++ functions-common:is_service_enabled:2040 :   set +o
++ functions-common:is_service_enabled:2040 :   grep xtrace
+ functions-common:is_service_enabled:2040 :   xtrace='set -o xtrace'
+ functions-common:is_service_enabled:2041 :   set +o xtrace
+ functions-common:is_service_enabled:2068 :   return 0
+ functions-common:stop_process:1696       :   sudo systemctl is-enabled devstack@neutron-ovn-maintenance-worker.service
disabled
+ lib/neutron:cleanup_neutron:833          :   remove_uwsgi_config /etc/neutron/neutron-api-uwsgi.ini neutron-api
+ lib/apache:remove_uwsgi_config:405       :   local conf=/etc/neutron/neutron-api-uwsgi.ini
+ lib/apache:remove_uwsgi_config:406       :   local wsgi=neutron-api
+ lib/apache:remove_uwsgi_config:407       :   local name=
++ lib/apache:remove_uwsgi_config:410       :   basename neutron-api
+ lib/apache:remove_uwsgi_config:410       :   name=neutron-api
+ lib/apache:remove_uwsgi_config:412       :   [[ neutron-api = /* ]]
+ lib/apache:remove_uwsgi_config:416       :   rm -rf /etc/neutron/neutron-api-uwsgi.ini
+ lib/apache:remove_uwsgi_config:417       :   disable_apache_site neutron-api
+ lib/apache:disable_apache_site:207       :   local site=neutron-api
+ lib/apache:disable_apache_site:208       :   is_ubuntu
+ functions-common:is_ubuntu:544           :   [[ -z deb ]]
+ functions-common:is_ubuntu:547           :   '[' deb = deb ']'
+ lib/apache:disable_apache_site:209       :   sudo a2dissite neutron-api
Site neutron-api disabled.
To activate the new configuration, you need to run:
  systemctl reload apache2
++ lib/neutron:cleanup_neutron:834          :   apache_site_config_for neutron-api
++ lib/apache:apache_site_config_for:174    :   local site=neutron-api
++ lib/apache:apache_site_config_for:175    :   is_ubuntu
++ functions-common:is_ubuntu:544           :   [[ -z deb ]]
++ functions-common:is_ubuntu:547           :   '[' deb = deb ']'
++ lib/apache:apache_site_config_for:177    :   echo /etc/apache2/sites-available/neutron-api.conf
+ lib/neutron:cleanup_neutron:834          :   sudo rm -f /etc/apache2/sites-available/neutron-api.conf
+ lib/neutron:cleanup_neutron:836          :   [[ -n br-ex ]]
+ lib/neutron:cleanup_neutron:837          :   _move_neutron_addresses_route br-ex '' False True inet
+ lib/neutron:_move_neutron_addresses_route:754 :   local from_intf=br-ex
+ lib/neutron:_move_neutron_addresses_route:755 :   local to_intf=
+ lib/neutron:_move_neutron_addresses_route:756 :   local add_ovs_port=False
+ lib/neutron:_move_neutron_addresses_route:757 :   local del_ovs_port=True
+ lib/neutron:_move_neutron_addresses_route:758 :   local af=inet
+ lib/neutron:_move_neutron_addresses_route:760 :   [[ -n br-ex ]]
+ lib/neutron:_move_neutron_addresses_route:760 :   [[ -n '' ]]
++ lib/neutron:cleanup_neutron:839          :   ip -f inet6 a s dev br-ex
++ lib/neutron:cleanup_neutron:839          :   grep -c global
Device "br-ex" does not exist.
+ lib/neutron:cleanup_neutron:839          :   [[ 0 != 0 ]]
+ lib/neutron:cleanup_neutron:847          :   is_provider_network
+ functions-common:is_provider_network:2261 :   '[' '' == True ']'
+ functions-common:is_provider_network:2264 :   return 1
+ lib/neutron:cleanup_neutron:856          :   is_neutron_ovs_base_plugin
+ lib/neutron_plugins/ovs_base:is_neutron_ovs_base_plugin:23 :   return 0
+ lib/neutron:cleanup_neutron:857          :   neutron_ovs_base_cleanup
++ lib/neutron_plugins/ovs_base:neutron_ovs_base_cleanup:46 :   sudo ovs-vsctl list port
++ lib/neutron_plugins/ovs_base:neutron_ovs_base_cleanup:46 :   grep -o -e '[a-zA-Z-]*tap[0-9a-f-]*' -e 'q[rg]-[0-9a-f-]*'
ovs-vsctl: unix:/var/run/openvswitch/db.sock: database connection failed (No such file or directory)
++ lib/neutron_plugins/ovs_base:neutron_ovs_base_cleanup:51 :   sudo ovs-vsctl list-br
++ lib/neutron_plugins/ovs_base:neutron_ovs_base_cleanup:51 :   grep -o -e br-int -e br-ex -e br-tun
ovs-vsctl: unix:/var/run/openvswitch/db.sock: database connection failed (No such file or directory)
++ lib/neutron:cleanup_neutron:861          :   sudo ip netns list
++ lib/neutron:cleanup_neutron:861          :   grep -o -E '(qdhcp|qrouter|fip|snat)-[0-9a-f-]*'
+ lib/neutron:cleanup_neutron:865          :   [[ ovn == \o\v\n ]]
+ lib/neutron:cleanup_neutron:866          :   cleanup_ovn
+ lib/neutron_plugins/ovn_agent:cleanup_ovn:867 :   local ovn_path=/opt/stack/ovn
+ lib/neutron_plugins/ovn_agent:cleanup_ovn:868 :   local ovs_path=/opt/stack/ovs
+ lib/neutron_plugins/ovn_agent:cleanup_ovn:870 :   '[' -d /opt/stack/ovn ']'
+ lib/neutron_plugins/ovn_agent:cleanup_ovn:874 :   '[' -d /opt/stack/ovs ']'
+ lib/neutron_plugins/ovn_agent:cleanup_ovn:878 :   sudo rm -rf /var/run/ovn
+ ./unstack.sh:main:178                    :   is_service_enabled etcd3
+ functions-common:is_service_enabled:2039 :   local xtrace
++ functions-common:is_service_enabled:2040 :   set +o
++ functions-common:is_service_enabled:2040 :   grep xtrace
+ functions-common:is_service_enabled:2040 :   xtrace='set -o xtrace'
+ functions-common:is_service_enabled:2041 :   set +o xtrace
+ functions-common:is_service_enabled:2068 :   return 0
+ ./unstack.sh:main:179                    :   stop_etcd3
+ lib/etcd3:stop_etcd3:76                  :   '[' 172.21.16.48 '!=' 172.21.16.48 ']'
+ lib/etcd3:stop_etcd3:80                  :   sudo systemctl stop devstack@etcd.service
+ ./unstack.sh:main:180                    :   cleanup_etcd3
+ lib/etcd3:cleanup_etcd3:85               :   '[' 172.21.16.48 '!=' 172.21.16.48 ']'
+ lib/etcd3:cleanup_etcd3:89               :   sudo systemctl disable devstack@etcd.service
Removed "/etc/systemd/system/multi-user.target.wants/devstack@etcd.service".
+ lib/etcd3:cleanup_etcd3:91               :   local unitfile=/etc/systemd/system/devstack@etcd.service
+ lib/etcd3:cleanup_etcd3:92               :   sudo rm -f /etc/systemd/system/devstack@etcd.service
+ lib/etcd3:cleanup_etcd3:94               :   sudo systemctl daemon-reload
+ lib/etcd3:cleanup_etcd3:96               :   [[ True == \T\r\u\e ]]
+ lib/etcd3:cleanup_etcd3:97               :   sudo umount /opt/stack/data/etcd
+ lib/etcd3:cleanup_etcd3:99               :   sudo rm -rf /opt/stack/data/etcd
+ ./unstack.sh:main:183                    :   is_service_enabled openstack-cli-server
+ functions-common:is_service_enabled:2039 :   local xtrace
++ functions-common:is_service_enabled:2040 :   set +o
++ functions-common:is_service_enabled:2040 :   grep xtrace
+ functions-common:is_service_enabled:2040 :   xtrace='set -o xtrace'
+ functions-common:is_service_enabled:2041 :   set +o xtrace
+ functions-common:is_service_enabled:2068 :   return 1
+ ./unstack.sh:main:187                    :   is_service_enabled tcpdump
+ functions-common:is_service_enabled:2039 :   local xtrace
++ functions-common:is_service_enabled:2040 :   set +o
++ functions-common:is_service_enabled:2040 :   grep xtrace
+ functions-common:is_service_enabled:2040 :   xtrace='set -o xtrace'
+ functions-common:is_service_enabled:2041 :   set +o xtrace
+ functions-common:is_service_enabled:2068 :   return 1
+ ./unstack.sh:main:191                    :   stop_dstat
+ lib/dstat:stop_dstat:52                  :   stop_process dstat
+ functions-common:stop_process:1688       :   local service=dstat
+ functions-common:stop_process:1690       :   SERVICE_DIR=/opt/stack/status
+ functions-common:stop_process:1692       :   is_service_enabled dstat
+ functions-common:is_service_enabled:2039 :   local xtrace
++ functions-common:is_service_enabled:2040 :   set +o
++ functions-common:is_service_enabled:2040 :   grep xtrace
+ functions-common:is_service_enabled:2040 :   xtrace='set -o xtrace'
+ functions-common:is_service_enabled:2041 :   set +o xtrace
+ functions-common:is_service_enabled:2068 :   return 0
+ functions-common:stop_process:1696       :   sudo systemctl is-enabled devstack@dstat.service
enabled
+ functions-common:stop_process:1697       :   sudo systemctl stop devstack@dstat.service
+ functions-common:stop_process:1698       :   sudo systemctl disable devstack@dstat.service
Removed "/etc/systemd/system/multi-user.target.wants/devstack@dstat.service".
+ lib/dstat:stop_dstat:53                  :   stop_process memory_tracker
+ functions-common:stop_process:1688       :   local service=memory_tracker
+ functions-common:stop_process:1690       :   SERVICE_DIR=/opt/stack/status
+ functions-common:stop_process:1692       :   is_service_enabled memory_tracker
+ functions-common:is_service_enabled:2039 :   local xtrace
++ functions-common:is_service_enabled:2040 :   set +o
++ functions-common:is_service_enabled:2040 :   grep xtrace
+ functions-common:is_service_enabled:2040 :   xtrace='set -o xtrace'
+ functions-common:is_service_enabled:2041 :   set +o xtrace
+ functions-common:is_service_enabled:2068 :   return 1
+ lib/dstat:stop_dstat:54                  :   stop_process file_tracker
+ functions-common:stop_process:1688       :   local service=file_tracker
+ functions-common:stop_process:1690       :   SERVICE_DIR=/opt/stack/status
+ functions-common:stop_process:1692       :   is_service_enabled file_tracker
+ functions-common:is_service_enabled:2039 :   local xtrace
++ functions-common:is_service_enabled:2040 :   set +o
++ functions-common:is_service_enabled:2040 :   grep xtrace
+ functions-common:is_service_enabled:2040 :   xtrace='set -o xtrace'
+ functions-common:is_service_enabled:2041 :   set +o xtrace
+ functions-common:is_service_enabled:2068 :   return 1
+ ./unstack.sh:main:193                    :   is_service_enabled atop
+ functions-common:is_service_enabled:2039 :   local xtrace
++ functions-common:is_service_enabled:2040 :   set +o
++ functions-common:is_service_enabled:2040 :   grep xtrace
+ functions-common:is_service_enabled:2040 :   xtrace='set -o xtrace'
+ functions-common:is_service_enabled:2041 :   set +o xtrace
+ functions-common:is_service_enabled:2068 :   return 1
+ ./unstack.sh:main:200                    :   is_service_enabled cinder
+ functions-common:is_service_enabled:2039 :   local xtrace
++ functions-common:is_service_enabled:2040 :   set +o
++ functions-common:is_service_enabled:2040 :   grep xtrace
+ functions-common:is_service_enabled:2040 :   xtrace='set -o xtrace'
+ functions-common:is_service_enabled:2041 :   set +o xtrace
+ functions-common:is_service_enabled:2068 :   return 0
+ ./unstack.sh:main:200                    :   is_package_installed lvm2
+ functions-common:is_package_installed:1439 :   [[ -z lvm2 ]]
+ functions-common:is_package_installed:1443 :   [[ -z deb ]]
+ functions-common:is_package_installed:1447 :   [[ deb = \d\e\b ]]
+ functions-common:is_package_installed:1448 :   dpkg -s lvm2
+ ./unstack.sh:main:201                    :   clean_lvm_filter
+ lib/lvm:clean_lvm_filter:177             :   sudo sed -i 's/^.*# from devstack$//' /etc/lvm/lvm.conf
+ ./unstack.sh:main:204                    :   clean_pyc_files
+ functions-common:clean_pyc_files:2527    :   [[ -n /opt/stack ]]
+ functions-common:clean_pyc_files:2527    :   [[ -d /opt/stack ]]
+ functions-common:clean_pyc_files:2528    :   sudo find /opt/stack -name '*.pyc' -delete
+ ./unstack.sh:main:205                    :   rm -Rf /opt/stack/async
+ ./unstack.sh:main:210                    :   sudo sed -i '\+directory = /opt/stack+ d' /etc/gitconfig
